<?xml version="1.0" encoding="UTF-8"?>
<testsuites name="TS_Check order" time="27.299" tests="1" failures="1" errors="0">
   <testsuite name="TS_Check order" tests="1" failures="1" errors="0" time="27.299" skipped="0" timestamp="2023-04-12 10:33:26" hostname="thanh.pnguyen - 10.10.34.184" id="Test Suites/TS_Check order">
      <properties>
         <property name="deviceName" value=""/>
         <property name="devicePlatform" value=""/>
         <property name="logFolder" value="/Users/thanh.pnguyen/Documents/Katalon/Certificate/Reports/20230412_102955/TS_Check order/20230412_103027"/>
         <property name="logFiles" value="/Users/thanh.pnguyen/Documents/Katalon/Certificate/Reports/20230412_102955/TS_Check order/20230412_103027/execution0.log"/>
         <property name="attachments" value="/Users/thanh.pnguyen/Documents/Katalon/Certificate/Reports/20230412_102955/TS_Check order/20230412_103027/1681270433603.png"/>
         <property name="hostName" value="thanh.pnguyen - 10.10.34.184"/>
         <property name="os" value="Mac OS X 64bit"/>
         <property name="katalonVersion" value="8.4.1.208"/>
         <property name="browser" value="Chrome 112.0.5615.49"/>
         <property name="hostAddress" value="10.10.34.184"/>
         <property name="sessionId" value="13eef93f30c7a06653eabb5a690802a9"/>
         <property name="seleniumVersion" value="3.141.59"/>
         <property name="proxyInformation" value="ProxyInformation { proxyOption=NO_PROXY, proxyServerType=HTTP, username=, password=********, proxyServerAddress=, proxyServerPort=0, executionList=&quot;&quot;, isApplyToDesiredCapabilities=true }"/>
         <property name="platform" value="Mac OS X"/>
      </properties>
      <testcase name="Test Cases/Order Process/Check order 02" time="26.858" classname="Test Cases/Order Process/Check order 02" status="FAILED">
         <failure type="FAILED" message="Test Cases/Order Process/Check order 02 FAILED.
Reason:
com.kms.katalon.core.exception.StepFailedException: Unable to verify text 'Ship Your Idea' is present 
	at com.kms.katalon.core.webui.keyword.internal.WebUIKeywordMain.stepFailed(WebUIKeywordMain.groovy:64)
	at com.kms.katalon.core.webui.keyword.internal.WebUIKeywordMain.runKeyword(WebUIKeywordMain.groovy:26)
	at com.kms.katalon.core.webui.keyword.builtin.VerifyTextPresentKeyword.verifyTextPresent(VerifyTextPresentKeyword.groovy:83)
	at com.kms.katalon.core.webui.keyword.builtin.VerifyTextPresentKeyword.execute(VerifyTextPresentKeyword.groovy:68)
	at com.kms.katalon.core.keyword.internal.KeywordExecutor.executeKeywordForPlatform(KeywordExecutor.groovy:74)
	at com.kms.katalon.core.webui.keyword.WebUiBuiltInKeywords.verifyTextPresent(WebUiBuiltInKeywords.groovy:1723)
	at com.kms.katalon.core.webui.keyword.WebUiBuiltInKeywords$verifyTextPresent$6.call(Unknown Source)
	at Check order 02.run(Check order 02:31)
	at com.kms.katalon.core.main.ScriptEngine.run(ScriptEngine.java:194)
	at com.kms.katalon.core.main.ScriptEngine.runScriptAsRawText(ScriptEngine.java:119)
	at com.kms.katalon.core.main.TestCaseExecutor.runScript(TestCaseExecutor.java:448)
	at com.kms.katalon.core.main.TestCaseExecutor.doExecute(TestCaseExecutor.java:439)
	at com.kms.katalon.core.main.TestCaseExecutor.processExecutionPhase(TestCaseExecutor.java:418)
	at com.kms.katalon.core.main.TestCaseExecutor.accessMainPhase(TestCaseExecutor.java:410)
	at com.kms.katalon.core.main.TestCaseExecutor.execute(TestCaseExecutor.java:285)
	at com.kms.katalon.core.common.CommonExecutor.accessTestCaseMainPhase(CommonExecutor.java:65)
	at com.kms.katalon.core.main.TestSuiteExecutor.accessTestSuiteMainPhase(TestSuiteExecutor.java:144)
	at com.kms.katalon.core.main.TestSuiteExecutor.execute(TestSuiteExecutor.java:106)
	at com.kms.katalon.core.main.TestCaseMain.startTestSuite(TestCaseMain.java:185)
	at com.kms.katalon.core.main.TestCaseMain$startTestSuite$0.call(Unknown Source)
	at TempTestSuite1681270227428.run(TempTestSuite1681270227428.groovy:36)
Caused by: com.kms.katalon.core.exception.StepFailedException: Text 'Ship Your Idea' is not present on page 
	at com.kms.katalon.core.webui.keyword.internal.WebUIKeywordMain.stepFailed(WebUIKeywordMain.groovy:64)
	at com.kms.katalon.core.webui.keyword.builtin.VerifyTextPresentKeyword$_verifyTextPresent_closure1.doCall(VerifyTextPresentKeyword.groovy:79)
	at com.kms.katalon.core.webui.keyword.builtin.VerifyTextPresentKeyword$_verifyTextPresent_closure1.call(VerifyTextPresentKeyword.groovy)
	at com.kms.katalon.core.webui.keyword.internal.WebUIKeywordMain.runKeyword(WebUIKeywordMain.groovy:20)
	... 19 more
"/>
         <system-out><![CDATA[2023-04-12 10:33:27 - [TEST_CASE][FAILED] - Test Cases/Order Process/Check order 02: Test Cases/Order Process/Check order 02 FAILED.
Reason:
com.kms.katalon.core.exception.StepFailedException: Unable to verify text 'Ship Your Idea' is present 
	at com.kms.katalon.core.webui.keyword.internal.WebUIKeywordMain.stepFailed(WebUIKeywordMain.groovy:64)
	at com.kms.katalon.core.webui.keyword.internal.WebUIKeywordMain.runKeyword(WebUIKeywordMain.groovy:26)
	at com.kms.katalon.core.webui.keyword.builtin.VerifyTextPresentKeyword.verifyTextPresent(VerifyTextPresentKeyword.groovy:83)
	at com.kms.katalon.core.webui.keyword.builtin.VerifyTextPresentKeyword.execute(VerifyTextPresentKeyword.groovy:68)
	at com.kms.katalon.core.keyword.internal.KeywordExecutor.executeKeywordForPlatform(KeywordExecutor.groovy:74)
	at com.kms.katalon.core.webui.keyword.WebUiBuiltInKeywords.verifyTextPresent(WebUiBuiltInKeywords.groovy:1723)
	at com.kms.katalon.core.webui.keyword.WebUiBuiltInKeywords$verifyTextPresent$6.call(Unknown Source)
	at Check order 02.run(Check order 02:31)
	at com.kms.katalon.core.main.ScriptEngine.run(ScriptEngine.java:194)
	at com.kms.katalon.core.main.ScriptEngine.runScriptAsRawText(ScriptEngine.java:119)
	at com.kms.katalon.core.main.TestCaseExecutor.runScript(TestCaseExecutor.java:448)
	at com.kms.katalon.core.main.TestCaseExecutor.doExecute(TestCaseExecutor.java:439)
	at com.kms.katalon.core.main.TestCaseExecutor.processExecutionPhase(TestCaseExecutor.java:418)
	at com.kms.katalon.core.main.TestCaseExecutor.accessMainPhase(TestCaseExecutor.java:410)
	at com.kms.katalon.core.main.TestCaseExecutor.execute(TestCaseExecutor.java:285)
	at com.kms.katalon.core.common.CommonExecutor.accessTestCaseMainPhase(CommonExecutor.java:65)
	at com.kms.katalon.core.main.TestSuiteExecutor.accessTestSuiteMainPhase(TestSuiteExecutor.java:144)
	at com.kms.katalon.core.main.TestSuiteExecutor.execute(TestSuiteExecutor.java:106)
	at com.kms.katalon.core.main.TestCaseMain.startTestSuite(TestCaseMain.java:185)
	at com.kms.katalon.core.main.TestCaseMain$startTestSuite$0.call(Unknown Source)
	at TempTestSuite1681270227428.run(TempTestSuite1681270227428.groovy:36)
Caused by: com.kms.katalon.core.exception.StepFailedException: Text 'Ship Your Idea' is not present on page 
	at com.kms.katalon.core.webui.keyword.internal.WebUIKeywordMain.stepFailed(WebUIKeywordMain.groovy:64)
	at com.kms.katalon.core.webui.keyword.builtin.VerifyTextPresentKeyword$_verifyTextPresent_closure1.doCall(VerifyTextPresentKeyword.groovy:79)
	at com.kms.katalon.core.webui.keyword.builtin.VerifyTextPresentKeyword$_verifyTextPresent_closure1.call(VerifyTextPresentKeyword.groovy)
	at com.kms.katalon.core.webui.keyword.internal.WebUIKeywordMain.runKeyword(WebUIKeywordMain.groovy:20)
	... 19 more


2023-04-12 10:33:27 - [TEST_STEP][PASSED] - callTestCase(findTestCase("Account/Login successfully"), [:], STOP_ON_FAILURE): Call Test Case 'Test Cases/Account/Login successfully' successfully

2023-04-12 10:33:27 - [TEST_CASE][PASSED] - Test Cases/Account/Login successfully: Test Cases/Account/Login successfully

2023-04-12 10:33:27 - [TEST_STEP][PASSED] - openBrowser(""): Browser is opened with url: ''

2023-04-12 10:33:28 - [MESSAGE][INFO] - Starting 'Chrome (headless)' driver

2023-04-12 10:33:28 - [MESSAGE][INFO] - User set preference: ['args', '[--window-size=1152,864, --no-sandbox]']

2023-04-12 10:33:28 - [MESSAGE][INFO] - Action delay is set to 0 milliseconds

2023-04-12 10:33:32 - [MESSAGE][PASSED] - Browser is opened with url: ''

2023-04-12 10:33:32 - [TEST_STEP][PASSED] - navigateToUrl("https://cms.demo.katalon.com/my-account/"): Navigate to 'https://cms.demo.katalon.com/my-account/' successfully

2023-04-12 10:33:37 - [MESSAGE][PASSED] - Navigate to 'https://cms.demo.katalon.com/my-account/' successfully

2023-04-12 10:33:37 - [TEST_STEP][PASSED] - click(findTestObject("Page_My account  Katalon Shop/input__username")): Object: 'Object Repository/Page_My account  Katalon Shop/input__username' is clicked on

2023-04-12 10:33:37 - [MESSAGE][PASSED] - Object: 'Object Repository/Page_My account  Katalon Shop/input__username' is clicked on

2023-04-12 10:33:37 - [TEST_STEP][PASSED] - setText(findTestObject("Page_My account  Katalon Shop/input__username"), username): Text 'customer' is set on object 'Object Repository/Page_My account  Katalon Shop/input__username'

2023-04-12 10:33:38 - [MESSAGE][PASSED] - Text 'customer' is set on object 'Object Repository/Page_My account  Katalon Shop/input__username'

2023-04-12 10:33:38 - [TEST_STEP][PASSED] - click(findTestObject("Page_My account  Katalon Shop/input__password")): Object: 'Object Repository/Page_My account  Katalon Shop/input__password' is clicked on

2023-04-12 10:33:38 - [MESSAGE][PASSED] - Object: 'Object Repository/Page_My account  Katalon Shop/input__password' is clicked on

2023-04-12 10:33:38 - [TEST_STEP][PASSED] - setText(findTestObject("Page_My account  Katalon Shop/input__password"), password): Text 'crz7mrb.KNG3yxv1fbn' is set on object 'Object Repository/Page_My account  Katalon Shop/input__password'

2023-04-12 10:33:38 - [MESSAGE][PASSED] - Text 'crz7mrb.KNG3yxv1fbn' is set on object 'Object Repository/Page_My account  Katalon Shop/input__password'

2023-04-12 10:33:38 - [TEST_STEP][PASSED] - click(findTestObject("Page_My account  Katalon Shop/input__rememberme")): Object: 'Object Repository/Page_My account  Katalon Shop/input__rememberme' is clicked on

2023-04-12 10:33:38 - [MESSAGE][PASSED] - Object: 'Object Repository/Page_My account  Katalon Shop/input__rememberme' is clicked on

2023-04-12 10:33:38 - [TEST_STEP][PASSED] - click(findTestObject("Page_My account  Katalon Shop/button_Log in")): Object: 'Object Repository/Page_My account  Katalon Shop/button_Log in' is clicked on

2023-04-12 10:33:41 - [MESSAGE][PASSED] - Object: 'Object Repository/Page_My account  Katalon Shop/button_Log in' is clicked on

2023-04-12 10:33:41 - [TEST_STEP][PASSED] - getText(findTestObject("Object Repository/Page_My account  Katalon Shop/Page_My account  Katalon Shop/strong_KatalonLover"), STOP_ON_FAILURE): Text of object 'Object Repository/Page_My account  Katalon Shop/Page_My account  Katalon Shop/strong_KatalonLover' is: 'KatalonLover'

2023-04-12 10:33:41 - [MESSAGE][PASSED] - Text of object 'Object Repository/Page_My account  Katalon Shop/Page_My account  Katalon Shop/strong_KatalonLover' is: 'KatalonLover'

2023-04-12 10:33:41 - [TEST_STEP][PASSED] - responseString = "KatalonLover": null

2023-04-12 10:33:41 - [TEST_STEP][PASSED] - expectedString = "katalonlover": null

2023-04-12 10:33:41 - [TEST_STEP][PASSED] - if (responseString.toLowerCase() == expectedString): null

2023-04-12 10:33:41 - [TEST_STEP][PASSED] - println("Response is correct"): null

2023-04-12 10:33:41 - [MESSAGE][PASSED] - Call Test Case 'Test Cases/Account/Login successfully' successfully

2023-04-12 10:33:41 - [TEST_STEP][PASSED] - click(findTestObject("Page_My account  Katalon Shop/Page_Katalon Shop  Katalon Ecommerce/Page_Cart  Katalon Shop/a_Cart")): Object: 'Object Repository/Page_My account  Katalon Shop/Page_Katalon Shop  Katalon Ecommerce/Page_Cart  Katalon Shop/a_Cart' is clicked on

2023-04-12 10:33:44 - [MESSAGE][PASSED] - Object: 'Object Repository/Page_My account  Katalon Shop/Page_Katalon Shop  Katalon Ecommerce/Page_Cart  Katalon Shop/a_Cart' is clicked on

2023-04-12 10:33:44 - [TEST_STEP][PASSED] - SamplePageTitle = getWindowTitle(): Current window's title is: 'Cart – Katalon Shop'

2023-04-12 10:33:44 - [MESSAGE][PASSED] - Current window's title is: 'Cart – Katalon Shop'

2023-04-12 10:33:44 - [TEST_STEP][PASSED] - verifyMatch(SamplePageTitle, "Cart – Katalon Shop", false): Actual text 'Cart – Katalon Shop' and expected text 'Cart – Katalon Shop' are matched 

2023-04-12 10:33:44 - [MESSAGE][PASSED] - Actual text 'Cart – Katalon Shop' and expected text 'Cart – Katalon Shop' are matched 

2023-04-12 10:33:44 - [TEST_STEP][PASSED] - waitForElementPresent(findTestObject("Page_My account  Katalon Shop/Page_Katalon Shop  Katalon Ecommerce/img__attachment-woocommerce_thumbnail size-woocommerce_thumbnail"), 5): Object 'Object Repository/Page_My account  Katalon Shop/Page_Katalon Shop  Katalon Ecommerce/img__attachment-woocommerce_thumbnail size-woocommerce_thumbnail' is not present after 5 second(s)

2023-04-12 10:33:50 - [MESSAGE][INFO] - Unable to find the element located by 'By.xpath: //img[contains(@src,'https://cms.demo.katalon.com/wp-content/uploads/2019/08/poster_1_up-300x300.jpg')]'. Please recheck the objects properties to make sure the desired element is located. 

2023-04-12 10:33:50 - [MESSAGE][WARNING] - [SELF-HEALING] Failed to find element with id 'Object Repository/Page_My account  Katalon Shop/Page_Katalon Shop  Katalon Ecommerce/img__attachment-woocommerce_thumbnail size-woocommerce_thumbnail'. Try using Self-healing.

2023-04-12 10:33:50 - [MESSAGE][INFO] - [SELF-HEALING] Failed Locator: '//main[@id='main']/div[2]/ul/li[2]/div/a/img'.

2023-04-12 10:33:50 - [MESSAGE][INFO] - [SELF-HEALING] Failed Locator: '//img[contains(@src,'https://cms.demo.katalon.com/wp-content/uploads/2019/08/poster_1_up-300x300.jpg')]'.

2023-04-12 10:33:50 - [MESSAGE][INFO] - [SELF-HEALING] Failed Locator: '//li[2]/div/a/img'.

2023-04-12 10:33:50 - [MESSAGE][INFO] - [SELF-HEALING] Failed Locator: '//img[@src = 'https://cms.demo.katalon.com/wp-content/uploads/2019/08/poster_1_up-300x300.jpg']'.

2023-04-12 10:33:50 - [MESSAGE][INFO] - [SELF-HEALING] Failed Locator: '//main[@id='main']/div[2]/ul/li[2]/div/a/img'.

2023-04-12 10:33:50 - [MESSAGE][INFO] - [SELF-HEALING] Failed Locator: '//img[contains(@src,'https://cms.demo.katalon.com/wp-content/uploads/2019/08/poster_1_up-300x300.jpg')]'.

2023-04-12 10:33:50 - [MESSAGE][INFO] - [SELF-HEALING] Failed Locator: '//li[2]/div/a/img'.

2023-04-12 10:33:50 - [MESSAGE][INFO] - [SELF-HEALING] Failed Locator: '//img[@src = 'https://cms.demo.katalon.com/wp-content/uploads/2019/08/poster_1_up-300x300.jpg']'.

2023-04-12 10:33:50 - [MESSAGE][INFO] - [SELF-HEALING] Failed Locator: '//main[@id='main']/div[2]/ul/li[2]/div/a/img'.

2023-04-12 10:33:50 - [MESSAGE][INFO] - [SELF-HEALING] Failed Locator: '//img[contains(@src,'https://cms.demo.katalon.com/wp-content/uploads/2019/08/poster_1_up-300x300.jpg')]'.

2023-04-12 10:33:50 - [MESSAGE][INFO] - [SELF-HEALING] Failed Locator: '//li[2]/div/a/img'.

2023-04-12 10:33:50 - [MESSAGE][INFO] - [SELF-HEALING] Failed Locator: '//img[@src = 'https://cms.demo.katalon.com/wp-content/uploads/2019/08/poster_1_up-300x300.jpg']'.

2023-04-12 10:33:50 - [MESSAGE][INFO] - [SELF-HEALING] Failed Locator: '//main[@id='main']/div[2]/ul/li[2]/div/a/img'.

2023-04-12 10:33:50 - [MESSAGE][INFO] - [SELF-HEALING] Failed Locator: '//img[contains(@src,'https://cms.demo.katalon.com/wp-content/uploads/2019/08/poster_1_up-300x300.jpg')]'.

2023-04-12 10:33:50 - [MESSAGE][INFO] - [SELF-HEALING] Failed Locator: '//li[2]/div/a/img'.

2023-04-12 10:33:50 - [MESSAGE][INFO] - [SELF-HEALING] Failed Locator: '//img[@src = 'https://cms.demo.katalon.com/wp-content/uploads/2019/08/poster_1_up-300x300.jpg']'.

2023-04-12 10:33:50 - [MESSAGE][INFO] - [SELF-HEALING] Failed Locator: '//main[@id='main']/div[2]/ul/li[2]/div/a/img'.

2023-04-12 10:33:50 - [MESSAGE][INFO] - [SELF-HEALING] Failed Locator: '//img[contains(@src,'https://cms.demo.katalon.com/wp-content/uploads/2019/08/poster_1_up-300x300.jpg')]'.

2023-04-12 10:33:50 - [MESSAGE][INFO] - [SELF-HEALING] Failed Locator: '//li[2]/div/a/img'.

2023-04-12 10:33:50 - [MESSAGE][INFO] - [SELF-HEALING] Failed Locator: '//img[@src = 'https://cms.demo.katalon.com/wp-content/uploads/2019/08/poster_1_up-300x300.jpg']'.

2023-04-12 10:33:50 - [MESSAGE][INFO] - [SELF-HEALING] Failed Locator: '//main[@id='main']/div[2]/ul/li[2]/div/a/img'.

2023-04-12 10:33:50 - [MESSAGE][INFO] - [SELF-HEALING] Failed Locator: '//img[contains(@src,'https://cms.demo.katalon.com/wp-content/uploads/2019/08/poster_1_up-300x300.jpg')]'.

2023-04-12 10:33:50 - [MESSAGE][INFO] - [SELF-HEALING] Failed Locator: '//li[2]/div/a/img'.

2023-04-12 10:33:50 - [MESSAGE][INFO] - [SELF-HEALING] Failed Locator: '//img[@src = 'https://cms.demo.katalon.com/wp-content/uploads/2019/08/poster_1_up-300x300.jpg']'.

2023-04-12 10:33:50 - [MESSAGE][INFO] - [SELF-HEALING] Failed Locator: '//main[@id='main']/div[2]/ul/li[2]/div/a/img'.

2023-04-12 10:33:50 - [MESSAGE][INFO] - [SELF-HEALING] Failed Locator: '//img[contains(@src,'https://cms.demo.katalon.com/wp-content/uploads/2019/08/poster_1_up-300x300.jpg')]'.

2023-04-12 10:33:50 - [MESSAGE][INFO] - [SELF-HEALING] Failed Locator: '//li[2]/div/a/img'.

2023-04-12 10:33:50 - [MESSAGE][INFO] - [SELF-HEALING] Failed Locator: '//img[@src = 'https://cms.demo.katalon.com/wp-content/uploads/2019/08/poster_1_up-300x300.jpg']'.

2023-04-12 10:33:50 - [MESSAGE][INFO] - [SELF-HEALING] Failed Locator: '//main[@id='main']/div[2]/ul/li[2]/div/a/img'.

2023-04-12 10:33:50 - [MESSAGE][INFO] - [SELF-HEALING] Failed Locator: '//img[contains(@src,'https://cms.demo.katalon.com/wp-content/uploads/2019/08/poster_1_up-300x300.jpg')]'.

2023-04-12 10:33:50 - [MESSAGE][INFO] - [SELF-HEALING] Failed Locator: '//li[2]/div/a/img'.

2023-04-12 10:33:50 - [MESSAGE][INFO] - [SELF-HEALING] Failed Locator: '//img[@src = 'https://cms.demo.katalon.com/wp-content/uploads/2019/08/poster_1_up-300x300.jpg']'.

2023-04-12 10:33:50 - [MESSAGE][INFO] - [SELF-HEALING] Failed Locator: '//main[@id='main']/div[2]/ul/li[2]/div/a/img'.

2023-04-12 10:33:50 - [MESSAGE][INFO] - [SELF-HEALING] Failed Locator: '//img[contains(@src,'https://cms.demo.katalon.com/wp-content/uploads/2019/08/poster_1_up-300x300.jpg')]'.

2023-04-12 10:33:50 - [MESSAGE][INFO] - [SELF-HEALING] Failed Locator: '//li[2]/div/a/img'.

2023-04-12 10:33:50 - [MESSAGE][INFO] - [SELF-HEALING] Failed Locator: '//img[@src = 'https://cms.demo.katalon.com/wp-content/uploads/2019/08/poster_1_up-300x300.jpg']'.

2023-04-12 10:33:50 - [MESSAGE][INFO] - [SELF-HEALING] Failed Locator: '//main[@id='main']/div[2]/ul/li[2]/div/a/img'.

2023-04-12 10:33:50 - [MESSAGE][INFO] - [SELF-HEALING] Failed Locator: '//img[contains(@src,'https://cms.demo.katalon.com/wp-content/uploads/2019/08/poster_1_up-300x300.jpg')]'.

2023-04-12 10:33:50 - [MESSAGE][INFO] - [SELF-HEALING] Failed Locator: '//li[2]/div/a/img'.

2023-04-12 10:33:50 - [MESSAGE][INFO] - [SELF-HEALING] Failed Locator: '//img[@src = 'https://cms.demo.katalon.com/wp-content/uploads/2019/08/poster_1_up-300x300.jpg']'.

2023-04-12 10:33:50 - [MESSAGE][INFO] - [SELF-HEALING] Failed Locator: '//main[@id='main']/div[2]/ul/li[2]/div/a/img'.

2023-04-12 10:33:50 - [MESSAGE][INFO] - [SELF-HEALING] Failed Locator: '//img[contains(@src,'https://cms.demo.katalon.com/wp-content/uploads/2019/08/poster_1_up-300x300.jpg')]'.

2023-04-12 10:33:50 - [MESSAGE][INFO] - [SELF-HEALING] Failed Locator: '//li[2]/div/a/img'.

2023-04-12 10:33:50 - [MESSAGE][INFO] - [SELF-HEALING] Failed Locator: '//img[@src = 'https://cms.demo.katalon.com/wp-content/uploads/2019/08/poster_1_up-300x300.jpg']'.

2023-04-12 10:33:50 - [MESSAGE][INFO] - [SELF-HEALING] Failed Locator: '//main[@id='main']/div[2]/ul/li[2]/div/a/img'.

2023-04-12 10:33:50 - [MESSAGE][INFO] - [SELF-HEALING] Failed Locator: '//img[contains(@src,'https://cms.demo.katalon.com/wp-content/uploads/2019/08/poster_1_up-300x300.jpg')]'.

2023-04-12 10:33:50 - [MESSAGE][INFO] - [SELF-HEALING] Failed Locator: '//li[2]/div/a/img'.

2023-04-12 10:33:50 - [MESSAGE][INFO] - [SELF-HEALING] Failed Locator: '//img[@src = 'https://cms.demo.katalon.com/wp-content/uploads/2019/08/poster_1_up-300x300.jpg']'.

2023-04-12 10:33:50 - [MESSAGE][INFO] - [SELF-HEALING] Failed Locator: '//main[@id='main']/div[2]/ul/li[2]/div/a/img'.

2023-04-12 10:33:50 - [MESSAGE][INFO] - [SELF-HEALING] Failed Locator: '//img[contains(@src,'https://cms.demo.katalon.com/wp-content/uploads/2019/08/poster_1_up-300x300.jpg')]'.

2023-04-12 10:33:51 - [MESSAGE][INFO] - [SELF-HEALING] Failed Locator: '//li[2]/div/a/img'.

2023-04-12 10:33:51 - [MESSAGE][INFO] - [SELF-HEALING] Failed Locator: '//img[@src = 'https://cms.demo.katalon.com/wp-content/uploads/2019/08/poster_1_up-300x300.jpg']'.

2023-04-12 10:33:51 - [MESSAGE][INFO] - [SELF-HEALING] Failed Locator: '//main[@id='main']/div[2]/ul/li[2]/div/a/img'.

2023-04-12 10:33:51 - [MESSAGE][INFO] - [SELF-HEALING] Failed Locator: '//img[contains(@src,'https://cms.demo.katalon.com/wp-content/uploads/2019/08/poster_1_up-300x300.jpg')]'.

2023-04-12 10:33:51 - [MESSAGE][INFO] - [SELF-HEALING] Failed Locator: '//li[2]/div/a/img'.

2023-04-12 10:33:51 - [MESSAGE][INFO] - [SELF-HEALING] Failed Locator: '//img[@src = 'https://cms.demo.katalon.com/wp-content/uploads/2019/08/poster_1_up-300x300.jpg']'.

2023-04-12 10:33:51 - [MESSAGE][INFO] - [SELF-HEALING] Failed Locator: '//main[@id='main']/div[2]/ul/li[2]/div/a/img'.

2023-04-12 10:33:51 - [MESSAGE][INFO] - [SELF-HEALING] Failed Locator: '//img[contains(@src,'https://cms.demo.katalon.com/wp-content/uploads/2019/08/poster_1_up-300x300.jpg')]'.

2023-04-12 10:33:51 - [MESSAGE][INFO] - [SELF-HEALING] Failed Locator: '//li[2]/div/a/img'.

2023-04-12 10:33:51 - [MESSAGE][INFO] - [SELF-HEALING] Failed Locator: '//img[@src = 'https://cms.demo.katalon.com/wp-content/uploads/2019/08/poster_1_up-300x300.jpg']'.

2023-04-12 10:33:51 - [MESSAGE][INFO] - [SELF-HEALING] Failed Locator: '//main[@id='main']/div[2]/ul/li[2]/div/a/img'.

2023-04-12 10:33:51 - [MESSAGE][INFO] - [SELF-HEALING] Failed Locator: '//img[contains(@src,'https://cms.demo.katalon.com/wp-content/uploads/2019/08/poster_1_up-300x300.jpg')]'.

2023-04-12 10:33:51 - [MESSAGE][INFO] - [SELF-HEALING] Failed Locator: '//li[2]/div/a/img'.

2023-04-12 10:33:51 - [MESSAGE][INFO] - [SELF-HEALING] Failed Locator: '//img[@src = 'https://cms.demo.katalon.com/wp-content/uploads/2019/08/poster_1_up-300x300.jpg']'.

2023-04-12 10:33:51 - [MESSAGE][INFO] - [SELF-HEALING] Failed Locator: '//main[@id='main']/div[2]/ul/li[2]/div/a/img'.

2023-04-12 10:33:51 - [MESSAGE][INFO] - [SELF-HEALING] Failed Locator: '//img[contains(@src,'https://cms.demo.katalon.com/wp-content/uploads/2019/08/poster_1_up-300x300.jpg')]'.

2023-04-12 10:33:51 - [MESSAGE][INFO] - [SELF-HEALING] Failed Locator: '//li[2]/div/a/img'.

2023-04-12 10:33:51 - [MESSAGE][INFO] - [SELF-HEALING] Failed Locator: '//img[@src = 'https://cms.demo.katalon.com/wp-content/uploads/2019/08/poster_1_up-300x300.jpg']'.

2023-04-12 10:33:51 - [MESSAGE][INFO] - [SELF-HEALING] Failed Locator: '//main[@id='main']/div[2]/ul/li[2]/div/a/img'.

2023-04-12 10:33:51 - [MESSAGE][INFO] - [SELF-HEALING] Failed Locator: '//img[contains(@src,'https://cms.demo.katalon.com/wp-content/uploads/2019/08/poster_1_up-300x300.jpg')]'.

2023-04-12 10:33:51 - [MESSAGE][INFO] - [SELF-HEALING] Failed Locator: '//li[2]/div/a/img'.

2023-04-12 10:33:51 - [MESSAGE][INFO] - [SELF-HEALING] Failed Locator: '//img[@src = 'https://cms.demo.katalon.com/wp-content/uploads/2019/08/poster_1_up-300x300.jpg']'.

2023-04-12 10:33:51 - [MESSAGE][INFO] - [SELF-HEALING] Failed Locator: '//main[@id='main']/div[2]/ul/li[2]/div/a/img'.

2023-04-12 10:33:51 - [MESSAGE][INFO] - [SELF-HEALING] Failed Locator: '//img[contains(@src,'https://cms.demo.katalon.com/wp-content/uploads/2019/08/poster_1_up-300x300.jpg')]'.

2023-04-12 10:33:51 - [MESSAGE][INFO] - [SELF-HEALING] Failed Locator: '//li[2]/div/a/img'.

2023-04-12 10:33:51 - [MESSAGE][INFO] - [SELF-HEALING] Failed Locator: '//img[@src = 'https://cms.demo.katalon.com/wp-content/uploads/2019/08/poster_1_up-300x300.jpg']'.

2023-04-12 10:33:52 - [MESSAGE][INFO] - Unable to find the element located by 'By.xpath: //*[@src = 'https://cms.demo.katalon.com/wp-content/uploads/2019/08/poster_1_up-300x300.jpg']'. Please recheck the objects properties to make sure the desired element is located. 

2023-04-12 10:33:53 - [MESSAGE][INFO] - Unable to find the element located by 'By.cssSelector: li.product.type-product.post-57.status-publish.instock.product_cat-posters.has-post-thumbnail.taxable.shipping-taxable.purchasable.product-type-simple > div.ellie-thumb-wrapper > a.woocommerce-LoopProduct-link.woocommerce-loop-product__link > img.attachment-woocommerce_thumbnail.size-woocommerce_thumbnail'. Please recheck the objects properties to make sure the desired element is located. 

2023-04-12 10:33:53 - [MESSAGE][WARNING] - Object 'Object Repository/Page_My account  Katalon Shop/Page_Katalon Shop  Katalon Ecommerce/img__attachment-woocommerce_thumbnail size-woocommerce_thumbnail' is not present after 5 second(s)

2023-04-12 10:33:53 - [TEST_STEP][FAILED] - verifyTextPresent("Ship Your Idea", false): Unable to verify text 'Ship Your Idea' is present  (Root cause: com.kms.katalon.core.exception.StepFailedException: Unable to verify text 'Ship Your Idea' is present 
	at com.kms.katalon.core.webui.keyword.internal.WebUIKeywordMain.stepFailed(WebUIKeywordMain.groovy:64)
	at com.kms.katalon.core.webui.keyword.internal.WebUIKeywordMain.runKeyword(WebUIKeywordMain.groovy:26)
	at com.kms.katalon.core.webui.keyword.builtin.VerifyTextPresentKeyword.verifyTextPresent(VerifyTextPresentKeyword.groovy:83)
	at com.kms.katalon.core.webui.keyword.builtin.VerifyTextPresentKeyword.execute(VerifyTextPresentKeyword.groovy:68)
	at com.kms.katalon.core.keyword.internal.KeywordExecutor.executeKeywordForPlatform(KeywordExecutor.groovy:74)
	at com.kms.katalon.core.webui.keyword.WebUiBuiltInKeywords.verifyTextPresent(WebUiBuiltInKeywords.groovy:1723)
	at com.kms.katalon.core.webui.keyword.WebUiBuiltInKeywords$verifyTextPresent$6.call(Unknown Source)
	at Check order 02.run(Check order 02:31)
	at com.kms.katalon.core.main.ScriptEngine.run(ScriptEngine.java:194)
	at com.kms.katalon.core.main.ScriptEngine.runScriptAsRawText(ScriptEngine.java:119)
	at com.kms.katalon.core.main.TestCaseExecutor.runScript(TestCaseExecutor.java:448)
	at com.kms.katalon.core.main.TestCaseExecutor.doExecute(TestCaseExecutor.java:439)
	at com.kms.katalon.core.main.TestCaseExecutor.processExecutionPhase(TestCaseExecutor.java:418)
	at com.kms.katalon.core.main.TestCaseExecutor.accessMainPhase(TestCaseExecutor.java:410)
	at com.kms.katalon.core.main.TestCaseExecutor.execute(TestCaseExecutor.java:285)
	at com.kms.katalon.core.common.CommonExecutor.accessTestCaseMainPhase(CommonExecutor.java:65)
	at com.kms.katalon.core.main.TestSuiteExecutor.accessTestSuiteMainPhase(TestSuiteExecutor.java:144)
	at com.kms.katalon.core.main.TestSuiteExecutor.execute(TestSuiteExecutor.java:106)
	at com.kms.katalon.core.main.TestCaseMain.startTestSuite(TestCaseMain.java:185)
	at com.kms.katalon.core.main.TestCaseMain$startTestSuite$0.call(Unknown Source)
	at TempTestSuite1681270227428.run(TempTestSuite1681270227428.groovy:36)
Caused by: com.kms.katalon.core.exception.StepFailedException: Text 'Ship Your Idea' is not present on page 
	at com.kms.katalon.core.webui.keyword.internal.WebUIKeywordMain.stepFailed(WebUIKeywordMain.groovy:64)
	at com.kms.katalon.core.webui.keyword.builtin.VerifyTextPresentKeyword$_verifyTextPresent_closure1.doCall(VerifyTextPresentKeyword.groovy:79)
	at com.kms.katalon.core.webui.keyword.builtin.VerifyTextPresentKeyword$_verifyTextPresent_closure1.call(VerifyTextPresentKeyword.groovy)
	at com.kms.katalon.core.webui.keyword.internal.WebUIKeywordMain.runKeyword(WebUIKeywordMain.groovy:20)
	... 19 more
)

2023-04-12 10:33:53 - [MESSAGE][FAILED] - Text 'Ship Your Idea' is not present on page  (Root cause: com.kms.katalon.core.exception.StepFailedException: Text 'Ship Your Idea' is not present on page 
	at com.kms.katalon.core.webui.keyword.internal.WebUIKeywordMain.stepFailed(WebUIKeywordMain.groovy:64)
	at com.kms.katalon.core.webui.keyword.builtin.VerifyTextPresentKeyword$_verifyTextPresent_closure1.doCall(VerifyTextPresentKeyword.groovy:79)
	at com.kms.katalon.core.webui.keyword.builtin.VerifyTextPresentKeyword$_verifyTextPresent_closure1.call(VerifyTextPresentKeyword.groovy)
	at com.kms.katalon.core.webui.keyword.internal.WebUIKeywordMain.runKeyword(WebUIKeywordMain.groovy:20)
	at com.kms.katalon.core.webui.keyword.builtin.VerifyTextPresentKeyword.verifyTextPresent(VerifyTextPresentKeyword.groovy:83)
	at com.kms.katalon.core.webui.keyword.builtin.VerifyTextPresentKeyword.execute(VerifyTextPresentKeyword.groovy:68)
	at com.kms.katalon.core.keyword.internal.KeywordExecutor.executeKeywordForPlatform(KeywordExecutor.groovy:74)
	at com.kms.katalon.core.webui.keyword.WebUiBuiltInKeywords.verifyTextPresent(WebUiBuiltInKeywords.groovy:1723)
	at com.kms.katalon.core.webui.keyword.WebUiBuiltInKeywords$verifyTextPresent$6.call(Unknown Source)
	at Check order 02.run(Check order 02:31)
	at com.kms.katalon.core.main.ScriptEngine.run(ScriptEngine.java:194)
	at com.kms.katalon.core.main.ScriptEngine.runScriptAsRawText(ScriptEngine.java:119)
	at com.kms.katalon.core.main.TestCaseExecutor.runScript(TestCaseExecutor.java:448)
	at com.kms.katalon.core.main.TestCaseExecutor.doExecute(TestCaseExecutor.java:439)
	at com.kms.katalon.core.main.TestCaseExecutor.processExecutionPhase(TestCaseExecutor.java:418)
	at com.kms.katalon.core.main.TestCaseExecutor.accessMainPhase(TestCaseExecutor.java:410)
	at com.kms.katalon.core.main.TestCaseExecutor.execute(TestCaseExecutor.java:285)
	at com.kms.katalon.core.common.CommonExecutor.accessTestCaseMainPhase(CommonExecutor.java:65)
	at com.kms.katalon.core.main.TestSuiteExecutor.accessTestSuiteMainPhase(TestSuiteExecutor.java:144)
	at com.kms.katalon.core.main.TestSuiteExecutor.execute(TestSuiteExecutor.java:106)
	at com.kms.katalon.core.main.TestCaseMain.startTestSuite(TestCaseMain.java:185)
	at com.kms.katalon.core.main.TestCaseMain$startTestSuite$0.call(Unknown Source)
	at TempTestSuite1681270227428.run(TempTestSuite1681270227428.groovy:36)
)

2023-04-12 10:33:53 - [MESSAGE][FAILED] - Unable to verify text 'Ship Your Idea' is present  (Root cause: com.kms.katalon.core.exception.StepFailedException: Unable to verify text 'Ship Your Idea' is present 
	at com.kms.katalon.core.webui.keyword.internal.WebUIKeywordMain.stepFailed(WebUIKeywordMain.groovy:64)
	at com.kms.katalon.core.webui.keyword.internal.WebUIKeywordMain.runKeyword(WebUIKeywordMain.groovy:26)
	at com.kms.katalon.core.webui.keyword.builtin.VerifyTextPresentKeyword.verifyTextPresent(VerifyTextPresentKeyword.groovy:83)
	at com.kms.katalon.core.webui.keyword.builtin.VerifyTextPresentKeyword.execute(VerifyTextPresentKeyword.groovy:68)
	at com.kms.katalon.core.keyword.internal.KeywordExecutor.executeKeywordForPlatform(KeywordExecutor.groovy:74)
	at com.kms.katalon.core.webui.keyword.WebUiBuiltInKeywords.verifyTextPresent(WebUiBuiltInKeywords.groovy:1723)
	at com.kms.katalon.core.webui.keyword.WebUiBuiltInKeywords$verifyTextPresent$6.call(Unknown Source)
	at Check order 02.run(Check order 02:31)
	at com.kms.katalon.core.main.ScriptEngine.run(ScriptEngine.java:194)
	at com.kms.katalon.core.main.ScriptEngine.runScriptAsRawText(ScriptEngine.java:119)
	at com.kms.katalon.core.main.TestCaseExecutor.runScript(TestCaseExecutor.java:448)
	at com.kms.katalon.core.main.TestCaseExecutor.doExecute(TestCaseExecutor.java:439)
	at com.kms.katalon.core.main.TestCaseExecutor.processExecutionPhase(TestCaseExecutor.java:418)
	at com.kms.katalon.core.main.TestCaseExecutor.accessMainPhase(TestCaseExecutor.java:410)
	at com.kms.katalon.core.main.TestCaseExecutor.execute(TestCaseExecutor.java:285)
	at com.kms.katalon.core.common.CommonExecutor.accessTestCaseMainPhase(CommonExecutor.java:65)
	at com.kms.katalon.core.main.TestSuiteExecutor.accessTestSuiteMainPhase(TestSuiteExecutor.java:144)
	at com.kms.katalon.core.main.TestSuiteExecutor.execute(TestSuiteExecutor.java:106)
	at com.kms.katalon.core.main.TestCaseMain.startTestSuite(TestCaseMain.java:185)
	at com.kms.katalon.core.main.TestCaseMain$startTestSuite$0.call(Unknown Source)
	at TempTestSuite1681270227428.run(TempTestSuite1681270227428.groovy:36)
Caused by: com.kms.katalon.core.exception.StepFailedException: Text 'Ship Your Idea' is not present on page 
	at com.kms.katalon.core.webui.keyword.internal.WebUIKeywordMain.stepFailed(WebUIKeywordMain.groovy:64)
	at com.kms.katalon.core.webui.keyword.builtin.VerifyTextPresentKeyword$_verifyTextPresent_closure1.doCall(VerifyTextPresentKeyword.groovy:79)
	at com.kms.katalon.core.webui.keyword.builtin.VerifyTextPresentKeyword$_verifyTextPresent_closure1.call(VerifyTextPresentKeyword.groovy)
	at com.kms.katalon.core.webui.keyword.internal.WebUIKeywordMain.runKeyword(WebUIKeywordMain.groovy:20)
	... 19 more
)
[[ATTACHMENT|/Users/thanh.pnguyen/Documents/Katalon/Certificate/Reports/20230412_102955/TS_Check order/20230412_103027/1681270433603.png]]]]></system-out>
         <system-err><![CDATA[2023-04-12 10:33:27 - [TEST_CASE][FAILED] - Test Cases/Order Process/Check order 02: Test Cases/Order Process/Check order 02 FAILED.
Reason:
com.kms.katalon.core.exception.StepFailedException: Unable to verify text 'Ship Your Idea' is present 
	at com.kms.katalon.core.webui.keyword.internal.WebUIKeywordMain.stepFailed(WebUIKeywordMain.groovy:64)
	at com.kms.katalon.core.webui.keyword.internal.WebUIKeywordMain.runKeyword(WebUIKeywordMain.groovy:26)
	at com.kms.katalon.core.webui.keyword.builtin.VerifyTextPresentKeyword.verifyTextPresent(VerifyTextPresentKeyword.groovy:83)
	at com.kms.katalon.core.webui.keyword.builtin.VerifyTextPresentKeyword.execute(VerifyTextPresentKeyword.groovy:68)
	at com.kms.katalon.core.keyword.internal.KeywordExecutor.executeKeywordForPlatform(KeywordExecutor.groovy:74)
	at com.kms.katalon.core.webui.keyword.WebUiBuiltInKeywords.verifyTextPresent(WebUiBuiltInKeywords.groovy:1723)
	at com.kms.katalon.core.webui.keyword.WebUiBuiltInKeywords$verifyTextPresent$6.call(Unknown Source)
	at Check order 02.run(Check order 02:31)
	at com.kms.katalon.core.main.ScriptEngine.run(ScriptEngine.java:194)
	at com.kms.katalon.core.main.ScriptEngine.runScriptAsRawText(ScriptEngine.java:119)
	at com.kms.katalon.core.main.TestCaseExecutor.runScript(TestCaseExecutor.java:448)
	at com.kms.katalon.core.main.TestCaseExecutor.doExecute(TestCaseExecutor.java:439)
	at com.kms.katalon.core.main.TestCaseExecutor.processExecutionPhase(TestCaseExecutor.java:418)
	at com.kms.katalon.core.main.TestCaseExecutor.accessMainPhase(TestCaseExecutor.java:410)
	at com.kms.katalon.core.main.TestCaseExecutor.execute(TestCaseExecutor.java:285)
	at com.kms.katalon.core.common.CommonExecutor.accessTestCaseMainPhase(CommonExecutor.java:65)
	at com.kms.katalon.core.main.TestSuiteExecutor.accessTestSuiteMainPhase(TestSuiteExecutor.java:144)
	at com.kms.katalon.core.main.TestSuiteExecutor.execute(TestSuiteExecutor.java:106)
	at com.kms.katalon.core.main.TestCaseMain.startTestSuite(TestCaseMain.java:185)
	at com.kms.katalon.core.main.TestCaseMain$startTestSuite$0.call(Unknown Source)
	at TempTestSuite1681270227428.run(TempTestSuite1681270227428.groovy:36)
Caused by: com.kms.katalon.core.exception.StepFailedException: Text 'Ship Your Idea' is not present on page 
	at com.kms.katalon.core.webui.keyword.internal.WebUIKeywordMain.stepFailed(WebUIKeywordMain.groovy:64)
	at com.kms.katalon.core.webui.keyword.builtin.VerifyTextPresentKeyword$_verifyTextPresent_closure1.doCall(VerifyTextPresentKeyword.groovy:79)
	at com.kms.katalon.core.webui.keyword.builtin.VerifyTextPresentKeyword$_verifyTextPresent_closure1.call(VerifyTextPresentKeyword.groovy)
	at com.kms.katalon.core.webui.keyword.internal.WebUIKeywordMain.runKeyword(WebUIKeywordMain.groovy:20)
	... 19 more]]></system-err>
      </testcase>
      <system-out><![CDATA[2023-04-12 10:33:26 - [TEST_SUITE][FAILED] - TS_Check order: Test Cases/Order Process/Check order 02 FAILED.
Reason:
com.kms.katalon.core.exception.StepFailedException: Unable to verify text 'Ship Your Idea' is present 
	at com.kms.katalon.core.webui.keyword.internal.WebUIKeywordMain.stepFailed(WebUIKeywordMain.groovy:64)
	at com.kms.katalon.core.webui.keyword.internal.WebUIKeywordMain.runKeyword(WebUIKeywordMain.groovy:26)
	at com.kms.katalon.core.webui.keyword.builtin.VerifyTextPresentKeyword.verifyTextPresent(VerifyTextPresentKeyword.groovy:83)
	at com.kms.katalon.core.webui.keyword.builtin.VerifyTextPresentKeyword.execute(VerifyTextPresentKeyword.groovy:68)
	at com.kms.katalon.core.keyword.internal.KeywordExecutor.executeKeywordForPlatform(KeywordExecutor.groovy:74)
	at com.kms.katalon.core.webui.keyword.WebUiBuiltInKeywords.verifyTextPresent(WebUiBuiltInKeywords.groovy:1723)
	at com.kms.katalon.core.webui.keyword.WebUiBuiltInKeywords$verifyTextPresent$6.call(Unknown Source)
	at Check order 02.run(Check order 02:31)
	at com.kms.katalon.core.main.ScriptEngine.run(ScriptEngine.java:194)
	at com.kms.katalon.core.main.ScriptEngine.runScriptAsRawText(ScriptEngine.java:119)
	at com.kms.katalon.core.main.TestCaseExecutor.runScript(TestCaseExecutor.java:448)
	at com.kms.katalon.core.main.TestCaseExecutor.doExecute(TestCaseExecutor.java:439)
	at com.kms.katalon.core.main.TestCaseExecutor.processExecutionPhase(TestCaseExecutor.java:418)
	at com.kms.katalon.core.main.TestCaseExecutor.accessMainPhase(TestCaseExecutor.java:410)
	at com.kms.katalon.core.main.TestCaseExecutor.execute(TestCaseExecutor.java:285)
	at com.kms.katalon.core.common.CommonExecutor.accessTestCaseMainPhase(CommonExecutor.java:65)
	at com.kms.katalon.core.main.TestSuiteExecutor.accessTestSuiteMainPhase(TestSuiteExecutor.java:144)
	at com.kms.katalon.core.main.TestSuiteExecutor.execute(TestSuiteExecutor.java:106)
	at com.kms.katalon.core.main.TestCaseMain.startTestSuite(TestCaseMain.java:185)
	at com.kms.katalon.core.main.TestCaseMain$startTestSuite$0.call(Unknown Source)
	at TempTestSuite1681270227428.run(TempTestSuite1681270227428.groovy:36)
Caused by: com.kms.katalon.core.exception.StepFailedException: Text 'Ship Your Idea' is not present on page 
	at com.kms.katalon.core.webui.keyword.internal.WebUIKeywordMain.stepFailed(WebUIKeywordMain.groovy:64)
	at com.kms.katalon.core.webui.keyword.builtin.VerifyTextPresentKeyword$_verifyTextPresent_closure1.doCall(VerifyTextPresentKeyword.groovy:79)
	at com.kms.katalon.core.webui.keyword.builtin.VerifyTextPresentKeyword$_verifyTextPresent_closure1.call(VerifyTextPresentKeyword.groovy)
	at com.kms.katalon.core.webui.keyword.internal.WebUIKeywordMain.runKeyword(WebUIKeywordMain.groovy:20)
	... 19 more]]></system-out>
      <system-err><![CDATA[2023-04-12 10:33:26 - [TEST_SUITE][FAILED] - TS_Check order: Test Cases/Order Process/Check order 02 FAILED.
Reason:
com.kms.katalon.core.exception.StepFailedException: Unable to verify text 'Ship Your Idea' is present 
	at com.kms.katalon.core.webui.keyword.internal.WebUIKeywordMain.stepFailed(WebUIKeywordMain.groovy:64)
	at com.kms.katalon.core.webui.keyword.internal.WebUIKeywordMain.runKeyword(WebUIKeywordMain.groovy:26)
	at com.kms.katalon.core.webui.keyword.builtin.VerifyTextPresentKeyword.verifyTextPresent(VerifyTextPresentKeyword.groovy:83)
	at com.kms.katalon.core.webui.keyword.builtin.VerifyTextPresentKeyword.execute(VerifyTextPresentKeyword.groovy:68)
	at com.kms.katalon.core.keyword.internal.KeywordExecutor.executeKeywordForPlatform(KeywordExecutor.groovy:74)
	at com.kms.katalon.core.webui.keyword.WebUiBuiltInKeywords.verifyTextPresent(WebUiBuiltInKeywords.groovy:1723)
	at com.kms.katalon.core.webui.keyword.WebUiBuiltInKeywords$verifyTextPresent$6.call(Unknown Source)
	at Check order 02.run(Check order 02:31)
	at com.kms.katalon.core.main.ScriptEngine.run(ScriptEngine.java:194)
	at com.kms.katalon.core.main.ScriptEngine.runScriptAsRawText(ScriptEngine.java:119)
	at com.kms.katalon.core.main.TestCaseExecutor.runScript(TestCaseExecutor.java:448)
	at com.kms.katalon.core.main.TestCaseExecutor.doExecute(TestCaseExecutor.java:439)
	at com.kms.katalon.core.main.TestCaseExecutor.processExecutionPhase(TestCaseExecutor.java:418)
	at com.kms.katalon.core.main.TestCaseExecutor.accessMainPhase(TestCaseExecutor.java:410)
	at com.kms.katalon.core.main.TestCaseExecutor.execute(TestCaseExecutor.java:285)
	at com.kms.katalon.core.common.CommonExecutor.accessTestCaseMainPhase(CommonExecutor.java:65)
	at com.kms.katalon.core.main.TestSuiteExecutor.accessTestSuiteMainPhase(TestSuiteExecutor.java:144)
	at com.kms.katalon.core.main.TestSuiteExecutor.execute(TestSuiteExecutor.java:106)
	at com.kms.katalon.core.main.TestCaseMain.startTestSuite(TestCaseMain.java:185)
	at com.kms.katalon.core.main.TestCaseMain$startTestSuite$0.call(Unknown Source)
	at TempTestSuite1681270227428.run(TempTestSuite1681270227428.groovy:36)
Caused by: com.kms.katalon.core.exception.StepFailedException: Text 'Ship Your Idea' is not present on page 
	at com.kms.katalon.core.webui.keyword.internal.WebUIKeywordMain.stepFailed(WebUIKeywordMain.groovy:64)
	at com.kms.katalon.core.webui.keyword.builtin.VerifyTextPresentKeyword$_verifyTextPresent_closure1.doCall(VerifyTextPresentKeyword.groovy:79)
	at com.kms.katalon.core.webui.keyword.builtin.VerifyTextPresentKeyword$_verifyTextPresent_closure1.call(VerifyTextPresentKeyword.groovy)
	at com.kms.katalon.core.webui.keyword.internal.WebUIKeywordMain.runKeyword(WebUIKeywordMain.groovy:20)
	... 19 more]]></system-err>
   </testsuite>
</testsuites>
