<?xml version="1.0" encoding="UTF-8"?>
<testsuites name="New Test Suite" time="24.92" tests="1" failures="0" errors="0">
   <testsuite name="New Test Suite" tests="1" failures="0" errors="0" time="24.92" skipped="0" timestamp="2023-03-26 17:10:39" hostname="thanh.pnguyen - 10.253.123.99" id="Test Suites/New Test Suite">
      <properties>
         <property name="deviceName" value=""/>
         <property name="devicePlatform" value=""/>
         <property name="logFolder" value="/Users/thanh.pnguyen/Documents/Katalon/Saleforces Portal - Certificate/Reports/20230326_171022/New Test Suite/20230326_171022"/>
         <property name="logFiles" value="/Users/thanh.pnguyen/Documents/Katalon/Saleforces Portal - Certificate/Reports/20230326_171022/New Test Suite/20230326_171022/execution0.log"/>
         <property name="attachments" value=""/>
         <property name="hostName" value="thanh.pnguyen - 10.253.123.99"/>
         <property name="os" value="Mac OS X 64bit"/>
         <property name="katalonVersion" value="8.5.5.208"/>
         <property name="browser" value="Chrome 111.0.0.0"/>
         <property name="hostAddress" value="10.253.123.99"/>
         <property name="sessionId" value="308930ba5a0b51d90daa6e683bfa81cf"/>
         <property name="seleniumVersion" value="3.141.59"/>
         <property name="proxyInformation" value="ProxyInformation { proxyOption=NO_PROXY, proxyServerType=HTTP, username=, password=********, proxyServerAddress=, proxyServerPort=0, executionList=&quot;&quot;, isApplyToDesiredCapabilities=true }"/>
         <property name="platform" value="Mac OS X"/>
      </properties>
      <testcase name="Test Cases/Login" time="24.462" classname="Test Cases/Login" status="PASSED">
         <system-out><![CDATA[2023-03-26 17:10:39 - [TEST_CASE][PASSED] - Test Cases/Login: Test Cases/Login

2023-03-26 17:10:40 - [TEST_STEP][PASSED] - openBrowser(""): Browser is opened with url: ''

2023-03-26 17:10:40 - [MESSAGE][INFO] - Starting 'Chrome' driver

2023-03-26 17:10:40 - [MESSAGE][INFO] - Action delay is set to 0 milliseconds

2023-03-26 17:10:48 - [MESSAGE][PASSED] - Browser is opened with url: ''

2023-03-26 17:10:48 - [TEST_STEP][PASSED] - navigateToUrl("https://cms.demo.katalon.com/my-account/"): Navigate to 'https://cms.demo.katalon.com/my-account/' successfully

2023-03-26 17:10:54 - [MESSAGE][PASSED] - Navigate to 'https://cms.demo.katalon.com/my-account/' successfully

2023-03-26 17:10:54 - [TEST_STEP][PASSED] - click(findTestObject("Page_My account  Katalon Shop/input__username")): Object: 'Object Repository/Page_My account  Katalon Shop/input__username' is clicked on

2023-03-26 17:10:55 - [MESSAGE][PASSED] - Object: 'Object Repository/Page_My account  Katalon Shop/input__username' is clicked on

2023-03-26 17:10:55 - [TEST_STEP][PASSED] - setText(findTestObject("Page_My account  Katalon Shop/input__username"), username): Text 'customer' is set on object 'Object Repository/Page_My account  Katalon Shop/input__username'

2023-03-26 17:10:56 - [MESSAGE][PASSED] - Text 'customer' is set on object 'Object Repository/Page_My account  Katalon Shop/input__username'

2023-03-26 17:10:56 - [TEST_STEP][PASSED] - click(findTestObject("Page_My account  Katalon Shop/input__password")): Object: 'Object Repository/Page_My account  Katalon Shop/input__password' is clicked on

2023-03-26 17:10:57 - [MESSAGE][PASSED] - Object: 'Object Repository/Page_My account  Katalon Shop/input__password' is clicked on

2023-03-26 17:10:57 - [TEST_STEP][PASSED] - setText(findTestObject("Page_My account  Katalon Shop/input__password"), password): Text 'crz7mrb.KNG3yxv1fbn' is set on object 'Object Repository/Page_My account  Katalon Shop/input__password'

2023-03-26 17:10:57 - [MESSAGE][PASSED] - Text 'crz7mrb.KNG3yxv1fbn' is set on object 'Object Repository/Page_My account  Katalon Shop/input__password'

2023-03-26 17:10:57 - [TEST_STEP][PASSED] - click(findTestObject("Page_My account  Katalon Shop/input__rememberme")): Object: 'Object Repository/Page_My account  Katalon Shop/input__rememberme' is clicked on

2023-03-26 17:10:58 - [MESSAGE][PASSED] - Object: 'Object Repository/Page_My account  Katalon Shop/input__rememberme' is clicked on

2023-03-26 17:10:58 - [TEST_STEP][PASSED] - click(findTestObject("Page_My account  Katalon Shop/button_Log in")): Object: 'Object Repository/Page_My account  Katalon Shop/button_Log in' is clicked on

2023-03-26 17:11:01 - [MESSAGE][PASSED] - Object: 'Object Repository/Page_My account  Katalon Shop/button_Log in' is clicked on

2023-03-26 17:11:01 - [TEST_STEP][PASSED] - getText(findTestObject("Object Repository/Page_My account  Katalon Shop/Page_My account  Katalon Shop/strong_KatalonLover"), STOP_ON_FAILURE): Text of object 'Object Repository/Page_My account  Katalon Shop/Page_My account  Katalon Shop/strong_KatalonLover' is: 'KatalonLover'

2023-03-26 17:11:01 - [MESSAGE][PASSED] - Text of object 'Object Repository/Page_My account  Katalon Shop/Page_My account  Katalon Shop/strong_KatalonLover' is: 'KatalonLover'

2023-03-26 17:11:01 - [TEST_STEP][PASSED] - responseString = "KatalonLover": null

2023-03-26 17:11:01 - [TEST_STEP][PASSED] - expectedString = "katalonlover": null

2023-03-26 17:11:01 - [TEST_STEP][PASSED] - if (responseString.toUpperCase() == expectedString): null

2023-03-26 17:11:01 - [TEST_STEP][PASSED] - else: Object: 'Object Repository/Page_My account  Katalon Shop/Page_My account  Katalon Shop/a_Log out' is clicked on

2023-03-26 17:11:01 - [TEST_STEP][PASSED] - println("Response is not correct"): null

2023-03-26 17:11:01 - [TEST_STEP][PASSED] - click(findTestObject("Object Repository/Page_My account  Katalon Shop/Page_My account  Katalon Shop/a_Log out"), STOP_ON_FAILURE): Object: 'Object Repository/Page_My account  Katalon Shop/Page_My account  Katalon Shop/a_Log out' is clicked on

2023-03-26 17:11:04 - [MESSAGE][PASSED] - Object: 'Object Repository/Page_My account  Katalon Shop/Page_My account  Katalon Shop/a_Log out' is clicked on]]></system-out>
         <system-err><![CDATA[]]></system-err>
      </testcase>
      <system-out><![CDATA[2023-03-26 17:10:39 - [TEST_SUITE][PASSED] - New Test Suite: Test Cases/Login]]></system-out>
      <system-err><![CDATA[]]></system-err>
   </testsuite>
</testsuites>
