<?xml version="1.0" encoding="UTF-8"?>
<testsuites name="TS_Account" time="51.508" tests="4" failures="0" errors="0">
   <testsuite name="TS_Account" tests="4" failures="0" errors="0" time="51.508" skipped="0" timestamp="2023-03-29 14:12:35" hostname="thanh.pnguyen - 192.168.1.3" id="Test Suites/TS_Account">
      <properties>
         <property name="deviceName" value=""/>
         <property name="devicePlatform" value=""/>
         <property name="logFolder" value="/Users/thanh.pnguyen/Documents/Katalon/Saleforces Portal - Certificate/Reports/20230329_141227/TS_Account/20230329_141227"/>
         <property name="logFiles" value="/Users/thanh.pnguyen/Documents/Katalon/Saleforces Portal - Certificate/Reports/20230329_141227/TS_Account/20230329_141227/execution0.log"/>
         <property name="attachments" value=""/>
         <property name="hostName" value="thanh.pnguyen - 192.168.1.3"/>
         <property name="os" value="Mac OS X 64bit"/>
         <property name="katalonVersion" value="8.6.0.208"/>
         <property name="browser" value="Chrome 111.0.5563.146"/>
         <property name="hostAddress" value="10.10.35.73"/>
         <property name="sessionId" value="f8bda1d245f292eba88f8e893ee24049"/>
         <property name="seleniumVersion" value="3.141.59"/>
         <property name="proxyInformation" value="ProxyInformation { proxyOption=NO_PROXY, proxyServerType=HTTP, username=, password=********, proxyServerAddress=, proxyServerPort=0, executionList=&quot;&quot;, isApplyToDesiredCapabilities=true }"/>
         <property name="platform" value="Mac OS X"/>
      </properties>
      <testcase name="Test Cases/Account/Login successfully" time="13.251" classname="Test Cases/Account/Login successfully" status="PASSED">
         <system-out><![CDATA[2023-03-29 14:12:36 - [TEST_CASE][PASSED] - Test Cases/Account/Login successfully: Test Cases/Account/Login successfully

2023-03-29 14:12:36 - [TEST_STEP][PASSED] - openBrowser(""): Browser is opened with url: ''

2023-03-29 14:12:36 - [MESSAGE][INFO] - Starting 'Chrome (headless)' driver

2023-03-29 14:12:37 - [MESSAGE][INFO] - Action delay is set to 0 milliseconds

2023-03-29 14:12:40 - [MESSAGE][PASSED] - Browser is opened with url: ''

2023-03-29 14:12:40 - [TEST_STEP][PASSED] - navigateToUrl("https://cms.demo.katalon.com/my-account/"): Navigate to 'https://cms.demo.katalon.com/my-account/' successfully

2023-03-29 14:12:44 - [MESSAGE][PASSED] - Navigate to 'https://cms.demo.katalon.com/my-account/' successfully

2023-03-29 14:12:44 - [TEST_STEP][PASSED] - click(findTestObject("Page_My account  Katalon Shop/input__username")): Object: 'Object Repository/Page_My account  Katalon Shop/input__username' is clicked on

2023-03-29 14:12:45 - [MESSAGE][PASSED] - Object: 'Object Repository/Page_My account  Katalon Shop/input__username' is clicked on

2023-03-29 14:12:45 - [TEST_STEP][PASSED] - setText(findTestObject("Page_My account  Katalon Shop/input__username"), username): Text 'customer' is set on object 'Object Repository/Page_My account  Katalon Shop/input__username'

2023-03-29 14:12:45 - [MESSAGE][PASSED] - Text 'customer' is set on object 'Object Repository/Page_My account  Katalon Shop/input__username'

2023-03-29 14:12:45 - [TEST_STEP][PASSED] - click(findTestObject("Page_My account  Katalon Shop/input__password")): Object: 'Object Repository/Page_My account  Katalon Shop/input__password' is clicked on

2023-03-29 14:12:46 - [MESSAGE][PASSED] - Object: 'Object Repository/Page_My account  Katalon Shop/input__password' is clicked on

2023-03-29 14:12:46 - [TEST_STEP][PASSED] - setText(findTestObject("Page_My account  Katalon Shop/input__password"), password): Text 'crz7mrb.KNG3yxv1fbn' is set on object 'Object Repository/Page_My account  Katalon Shop/input__password'

2023-03-29 14:12:46 - [MESSAGE][PASSED] - Text 'crz7mrb.KNG3yxv1fbn' is set on object 'Object Repository/Page_My account  Katalon Shop/input__password'

2023-03-29 14:12:46 - [TEST_STEP][PASSED] - click(findTestObject("Page_My account  Katalon Shop/input__rememberme")): Object: 'Object Repository/Page_My account  Katalon Shop/input__rememberme' is clicked on

2023-03-29 14:12:46 - [MESSAGE][PASSED] - Object: 'Object Repository/Page_My account  Katalon Shop/input__rememberme' is clicked on

2023-03-29 14:12:46 - [TEST_STEP][PASSED] - click(findTestObject("Page_My account  Katalon Shop/button_Log in")): Object: 'Object Repository/Page_My account  Katalon Shop/button_Log in' is clicked on

2023-03-29 14:12:49 - [MESSAGE][PASSED] - Object: 'Object Repository/Page_My account  Katalon Shop/button_Log in' is clicked on

2023-03-29 14:12:49 - [TEST_STEP][PASSED] - getText(findTestObject("Object Repository/Page_My account  Katalon Shop/Page_My account  Katalon Shop/strong_KatalonLover"), STOP_ON_FAILURE): Text of object 'Object Repository/Page_My account  Katalon Shop/Page_My account  Katalon Shop/strong_KatalonLover' is: 'KatalonLover'

2023-03-29 14:12:49 - [MESSAGE][PASSED] - Text of object 'Object Repository/Page_My account  Katalon Shop/Page_My account  Katalon Shop/strong_KatalonLover' is: 'KatalonLover'

2023-03-29 14:12:49 - [TEST_STEP][PASSED] - responseString = "KatalonLover": null

2023-03-29 14:12:49 - [TEST_STEP][PASSED] - expectedString = "katalonlover": null

2023-03-29 14:12:49 - [TEST_STEP][PASSED] - if (responseString.toLowerCase() == expectedString): null

2023-03-29 14:12:49 - [TEST_STEP][PASSED] - println("Response is correct"): null]]></system-out>
         <system-err><![CDATA[]]></system-err>
      </testcase>
      <testcase name="Test Cases/Account/Login fails" time="8.56" classname="Test Cases/Account/Login fails" status="PASSED">
         <system-out><![CDATA[2023-03-29 14:12:49 - [TEST_CASE][PASSED] - Test Cases/Account/Login fails: Test Cases/Account/Login fails

2023-03-29 14:12:49 - [TEST_STEP][PASSED] - openBrowser(""): Browser is opened with url: ''

2023-03-29 14:12:49 - [MESSAGE][WARNING] - A browser is already opened. Closing browser and opening a new one

2023-03-29 14:12:49 - [MESSAGE][INFO] - Starting 'Chrome (headless)' driver

2023-03-29 14:12:49 - [MESSAGE][INFO] - Action delay is set to 0 milliseconds

2023-03-29 14:12:50 - [MESSAGE][PASSED] - Browser is opened with url: ''

2023-03-29 14:12:50 - [TEST_STEP][PASSED] - navigateToUrl("https://cms.demo.katalon.com/my-account/"): Navigate to 'https://cms.demo.katalon.com/my-account/' successfully

2023-03-29 14:12:54 - [MESSAGE][PASSED] - Navigate to 'https://cms.demo.katalon.com/my-account/' successfully

2023-03-29 14:12:54 - [TEST_STEP][PASSED] - click(findTestObject("Page_My account  Katalon Shop/input__username")): Object: 'Object Repository/Page_My account  Katalon Shop/input__username' is clicked on

2023-03-29 14:12:54 - [MESSAGE][PASSED] - Object: 'Object Repository/Page_My account  Katalon Shop/input__username' is clicked on

2023-03-29 14:12:54 - [TEST_STEP][PASSED] - setText(findTestObject("Page_My account  Katalon Shop/input__username"), username): Text 'customer' is set on object 'Object Repository/Page_My account  Katalon Shop/input__username'

2023-03-29 14:12:55 - [MESSAGE][PASSED] - Text 'customer' is set on object 'Object Repository/Page_My account  Katalon Shop/input__username'

2023-03-29 14:12:55 - [TEST_STEP][PASSED] - click(findTestObject("Page_My account  Katalon Shop/input__password")): Object: 'Object Repository/Page_My account  Katalon Shop/input__password' is clicked on

2023-03-29 14:12:55 - [MESSAGE][PASSED] - Object: 'Object Repository/Page_My account  Katalon Shop/input__password' is clicked on

2023-03-29 14:12:55 - [TEST_STEP][PASSED] - setText(findTestObject("Page_My account  Katalon Shop/input__password"), password): Text 'crz7mrb.KNG3yxv1fbn' is set on object 'Object Repository/Page_My account  Katalon Shop/input__password'

2023-03-29 14:12:55 - [MESSAGE][PASSED] - Text 'crz7mrb.KNG3yxv1fbn' is set on object 'Object Repository/Page_My account  Katalon Shop/input__password'

2023-03-29 14:12:55 - [TEST_STEP][PASSED] - click(findTestObject("Page_My account  Katalon Shop/input__rememberme")): Object: 'Object Repository/Page_My account  Katalon Shop/input__rememberme' is clicked on

2023-03-29 14:12:55 - [MESSAGE][PASSED] - Object: 'Object Repository/Page_My account  Katalon Shop/input__rememberme' is clicked on

2023-03-29 14:12:55 - [TEST_STEP][PASSED] - click(findTestObject("Page_My account  Katalon Shop/button_Log in")): Object: 'Object Repository/Page_My account  Katalon Shop/button_Log in' is clicked on

2023-03-29 14:12:57 - [MESSAGE][PASSED] - Object: 'Object Repository/Page_My account  Katalon Shop/button_Log in' is clicked on

2023-03-29 14:12:57 - [TEST_STEP][PASSED] - getText(findTestObject("Object Repository/Page_My account  Katalon Shop/Page_My account  Katalon Shop/strong_KatalonLover"), STOP_ON_FAILURE): Text of object 'Object Repository/Page_My account  Katalon Shop/Page_My account  Katalon Shop/strong_KatalonLover' is: 'KatalonLover'

2023-03-29 14:12:57 - [MESSAGE][PASSED] - Text of object 'Object Repository/Page_My account  Katalon Shop/Page_My account  Katalon Shop/strong_KatalonLover' is: 'KatalonLover'

2023-03-29 14:12:57 - [TEST_STEP][PASSED] - responseString = "KatalonLover": null

2023-03-29 14:12:57 - [TEST_STEP][PASSED] - expectedString = "katalonlover": null

2023-03-29 14:12:57 - [TEST_STEP][PASSED] - if (responseString.toUpperCase() == expectedString): null

2023-03-29 14:12:57 - [TEST_STEP][PASSED] - else: null

2023-03-29 14:12:57 - [TEST_STEP][PASSED] - println("Response is not correct"): null]]></system-out>
         <system-err><![CDATA[]]></system-err>
      </testcase>
      <testcase name="Test Cases/Account/Log out" time="12.293" classname="Test Cases/Account/Log out" status="PASSED">
         <system-out><![CDATA[2023-03-29 14:12:57 - [TEST_CASE][PASSED] - Test Cases/Account/Log out: Test Cases/Account/Log out

2023-03-29 14:12:58 - [TEST_STEP][PASSED] - callTestCase(findTestCase("Account/Login fails"), [:], STOP_ON_FAILURE): Call Test Case 'Test Cases/Account/Login fails' successfully

2023-03-29 14:12:58 - [TEST_CASE][PASSED] - Test Cases/Account/Login fails: Test Cases/Account/Login fails

2023-03-29 14:12:58 - [TEST_STEP][PASSED] - openBrowser(""): Browser is opened with url: ''

2023-03-29 14:12:58 - [MESSAGE][WARNING] - A browser is already opened. Closing browser and opening a new one

2023-03-29 14:12:58 - [MESSAGE][INFO] - Starting 'Chrome (headless)' driver

2023-03-29 14:12:58 - [MESSAGE][INFO] - Action delay is set to 0 milliseconds

2023-03-29 14:12:59 - [MESSAGE][PASSED] - Browser is opened with url: ''

2023-03-29 14:12:59 - [TEST_STEP][PASSED] - navigateToUrl("https://cms.demo.katalon.com/my-account/"): Navigate to 'https://cms.demo.katalon.com/my-account/' successfully

2023-03-29 14:13:03 - [MESSAGE][PASSED] - Navigate to 'https://cms.demo.katalon.com/my-account/' successfully

2023-03-29 14:13:03 - [TEST_STEP][PASSED] - click(findTestObject("Page_My account  Katalon Shop/input__username")): Object: 'Object Repository/Page_My account  Katalon Shop/input__username' is clicked on

2023-03-29 14:13:03 - [MESSAGE][PASSED] - Object: 'Object Repository/Page_My account  Katalon Shop/input__username' is clicked on

2023-03-29 14:13:03 - [TEST_STEP][PASSED] - setText(findTestObject("Page_My account  Katalon Shop/input__username"), username): Text 'customer' is set on object 'Object Repository/Page_My account  Katalon Shop/input__username'

2023-03-29 14:13:03 - [MESSAGE][PASSED] - Text 'customer' is set on object 'Object Repository/Page_My account  Katalon Shop/input__username'

2023-03-29 14:13:03 - [TEST_STEP][PASSED] - click(findTestObject("Page_My account  Katalon Shop/input__password")): Object: 'Object Repository/Page_My account  Katalon Shop/input__password' is clicked on

2023-03-29 14:13:04 - [MESSAGE][PASSED] - Object: 'Object Repository/Page_My account  Katalon Shop/input__password' is clicked on

2023-03-29 14:13:04 - [TEST_STEP][PASSED] - setText(findTestObject("Page_My account  Katalon Shop/input__password"), password): Text 'crz7mrb.KNG3yxv1fbn' is set on object 'Object Repository/Page_My account  Katalon Shop/input__password'

2023-03-29 14:13:04 - [MESSAGE][PASSED] - Text 'crz7mrb.KNG3yxv1fbn' is set on object 'Object Repository/Page_My account  Katalon Shop/input__password'

2023-03-29 14:13:04 - [TEST_STEP][PASSED] - click(findTestObject("Page_My account  Katalon Shop/input__rememberme")): Object: 'Object Repository/Page_My account  Katalon Shop/input__rememberme' is clicked on

2023-03-29 14:13:04 - [MESSAGE][PASSED] - Object: 'Object Repository/Page_My account  Katalon Shop/input__rememberme' is clicked on

2023-03-29 14:13:04 - [TEST_STEP][PASSED] - click(findTestObject("Page_My account  Katalon Shop/button_Log in")): Object: 'Object Repository/Page_My account  Katalon Shop/button_Log in' is clicked on

2023-03-29 14:13:07 - [MESSAGE][PASSED] - Object: 'Object Repository/Page_My account  Katalon Shop/button_Log in' is clicked on

2023-03-29 14:13:07 - [TEST_STEP][PASSED] - getText(findTestObject("Object Repository/Page_My account  Katalon Shop/Page_My account  Katalon Shop/strong_KatalonLover"), STOP_ON_FAILURE): Text of object 'Object Repository/Page_My account  Katalon Shop/Page_My account  Katalon Shop/strong_KatalonLover' is: 'KatalonLover'

2023-03-29 14:13:07 - [MESSAGE][PASSED] - Text of object 'Object Repository/Page_My account  Katalon Shop/Page_My account  Katalon Shop/strong_KatalonLover' is: 'KatalonLover'

2023-03-29 14:13:07 - [TEST_STEP][PASSED] - responseString = "KatalonLover": null

2023-03-29 14:13:07 - [TEST_STEP][PASSED] - expectedString = "katalonlover": null

2023-03-29 14:13:07 - [TEST_STEP][PASSED] - if (responseString.toUpperCase() == expectedString): null

2023-03-29 14:13:07 - [TEST_STEP][PASSED] - else: null

2023-03-29 14:13:07 - [TEST_STEP][PASSED] - println("Response is not correct"): null

2023-03-29 14:13:07 - [MESSAGE][PASSED] - Call Test Case 'Test Cases/Account/Login fails' successfully

2023-03-29 14:13:07 - [TEST_STEP][PASSED] - click(findTestObject("Object Repository/Page_My account  Katalon Shop/Page_My account  Katalon Shop/a_Log out"), STOP_ON_FAILURE): Object: 'Object Repository/Page_My account  Katalon Shop/Page_My account  Katalon Shop/a_Log out' is clicked on

2023-03-29 14:13:09 - [MESSAGE][PASSED] - Object: 'Object Repository/Page_My account  Katalon Shop/Page_My account  Katalon Shop/a_Log out' is clicked on

2023-03-29 14:13:09 - [TEST_STEP][PASSED] - verifyTextPresent("Login", false): Text 'Login' is present on page 

2023-03-29 14:13:10 - [MESSAGE][PASSED] - Text 'Login' is present on page]]></system-out>
         <system-err><![CDATA[]]></system-err>
      </testcase>
      <testcase name="Test Cases/Account/Change password" time="16.916" classname="Test Cases/Account/Change password" status="PASSED">
         <system-out><![CDATA[2023-03-29 14:13:10 - [TEST_CASE][PASSED] - Test Cases/Account/Change password: Test Cases/Account/Change password

2023-03-29 14:13:10 - [TEST_STEP][PASSED] - callTestCase(findTestCase("Account/Log out"), [:], STOP_ON_FAILURE): Call Test Case 'Test Cases/Account/Log out' successfully

2023-03-29 14:13:10 - [TEST_CASE][PASSED] - Test Cases/Account/Log out: Test Cases/Account/Log out

2023-03-29 14:13:10 - [TEST_STEP][PASSED] - callTestCase(findTestCase("Account/Login fails"), [:], STOP_ON_FAILURE): Call Test Case 'Test Cases/Account/Login fails' successfully

2023-03-29 14:13:10 - [TEST_CASE][PASSED] - Test Cases/Account/Login fails: Test Cases/Account/Login fails

2023-03-29 14:13:10 - [TEST_STEP][PASSED] - openBrowser(""): Browser is opened with url: ''

2023-03-29 14:13:10 - [MESSAGE][WARNING] - A browser is already opened. Closing browser and opening a new one

2023-03-29 14:13:10 - [MESSAGE][INFO] - Starting 'Chrome (headless)' driver

2023-03-29 14:13:10 - [MESSAGE][INFO] - Action delay is set to 0 milliseconds

2023-03-29 14:13:12 - [MESSAGE][PASSED] - Browser is opened with url: ''

2023-03-29 14:13:12 - [TEST_STEP][PASSED] - navigateToUrl("https://cms.demo.katalon.com/my-account/"): Navigate to 'https://cms.demo.katalon.com/my-account/' successfully

2023-03-29 14:13:17 - [MESSAGE][PASSED] - Navigate to 'https://cms.demo.katalon.com/my-account/' successfully

2023-03-29 14:13:17 - [TEST_STEP][PASSED] - click(findTestObject("Page_My account  Katalon Shop/input__username")): Object: 'Object Repository/Page_My account  Katalon Shop/input__username' is clicked on

2023-03-29 14:13:17 - [MESSAGE][PASSED] - Object: 'Object Repository/Page_My account  Katalon Shop/input__username' is clicked on

2023-03-29 14:13:17 - [TEST_STEP][PASSED] - setText(findTestObject("Page_My account  Katalon Shop/input__username"), username): Text 'customer' is set on object 'Object Repository/Page_My account  Katalon Shop/input__username'

2023-03-29 14:13:17 - [MESSAGE][PASSED] - Text 'customer' is set on object 'Object Repository/Page_My account  Katalon Shop/input__username'

2023-03-29 14:13:17 - [TEST_STEP][PASSED] - click(findTestObject("Page_My account  Katalon Shop/input__password")): Object: 'Object Repository/Page_My account  Katalon Shop/input__password' is clicked on

2023-03-29 14:13:18 - [MESSAGE][PASSED] - Object: 'Object Repository/Page_My account  Katalon Shop/input__password' is clicked on

2023-03-29 14:13:18 - [TEST_STEP][PASSED] - setText(findTestObject("Page_My account  Katalon Shop/input__password"), password): Text 'crz7mrb.KNG3yxv1fbn' is set on object 'Object Repository/Page_My account  Katalon Shop/input__password'

2023-03-29 14:13:18 - [MESSAGE][PASSED] - Text 'crz7mrb.KNG3yxv1fbn' is set on object 'Object Repository/Page_My account  Katalon Shop/input__password'

2023-03-29 14:13:18 - [TEST_STEP][PASSED] - click(findTestObject("Page_My account  Katalon Shop/input__rememberme")): Object: 'Object Repository/Page_My account  Katalon Shop/input__rememberme' is clicked on

2023-03-29 14:13:18 - [MESSAGE][PASSED] - Object: 'Object Repository/Page_My account  Katalon Shop/input__rememberme' is clicked on

2023-03-29 14:13:18 - [TEST_STEP][PASSED] - click(findTestObject("Page_My account  Katalon Shop/button_Log in")): Object: 'Object Repository/Page_My account  Katalon Shop/button_Log in' is clicked on

2023-03-29 14:13:20 - [MESSAGE][PASSED] - Object: 'Object Repository/Page_My account  Katalon Shop/button_Log in' is clicked on

2023-03-29 14:13:20 - [TEST_STEP][PASSED] - getText(findTestObject("Object Repository/Page_My account  Katalon Shop/Page_My account  Katalon Shop/strong_KatalonLover"), STOP_ON_FAILURE): Text of object 'Object Repository/Page_My account  Katalon Shop/Page_My account  Katalon Shop/strong_KatalonLover' is: 'KatalonLover'

2023-03-29 14:13:20 - [MESSAGE][PASSED] - Text of object 'Object Repository/Page_My account  Katalon Shop/Page_My account  Katalon Shop/strong_KatalonLover' is: 'KatalonLover'

2023-03-29 14:13:20 - [TEST_STEP][PASSED] - responseString = "KatalonLover": null

2023-03-29 14:13:20 - [TEST_STEP][PASSED] - expectedString = "katalonlover": null

2023-03-29 14:13:20 - [TEST_STEP][PASSED] - if (responseString.toUpperCase() == expectedString): null

2023-03-29 14:13:20 - [TEST_STEP][PASSED] - else: null

2023-03-29 14:13:20 - [TEST_STEP][PASSED] - println("Response is not correct"): null

2023-03-29 14:13:20 - [MESSAGE][PASSED] - Call Test Case 'Test Cases/Account/Login fails' successfully

2023-03-29 14:13:20 - [TEST_STEP][PASSED] - click(findTestObject("Object Repository/Page_My account  Katalon Shop/Page_My account  Katalon Shop/a_Log out"), STOP_ON_FAILURE): Object: 'Object Repository/Page_My account  Katalon Shop/Page_My account  Katalon Shop/a_Log out' is clicked on

2023-03-29 14:13:22 - [MESSAGE][PASSED] - Object: 'Object Repository/Page_My account  Katalon Shop/Page_My account  Katalon Shop/a_Log out' is clicked on

2023-03-29 14:13:22 - [TEST_STEP][PASSED] - verifyTextPresent("Login", false): Text 'Login' is present on page 

2023-03-29 14:13:22 - [MESSAGE][PASSED] - Text 'Login' is present on page 

2023-03-29 14:13:22 - [MESSAGE][PASSED] - Call Test Case 'Test Cases/Account/Log out' successfully

2023-03-29 14:13:22 - [TEST_STEP][PASSED] - click(findTestObject("Object Repository/Page_My account  Katalon Shop/a_Lost your password")): Object: 'Object Repository/Page_My account  Katalon Shop/a_Lost your password' is clicked on

2023-03-29 14:13:25 - [MESSAGE][PASSED] - Object: 'Object Repository/Page_My account  Katalon Shop/a_Lost your password' is clicked on

2023-03-29 14:13:25 - [TEST_STEP][PASSED] - click(findTestObject("Object Repository/Page_My account  Katalon Shop/input_Username or email_user_login")): Object: 'Object Repository/Page_My account  Katalon Shop/input_Username or email_user_login' is clicked on

2023-03-29 14:13:25 - [MESSAGE][PASSED] - Object: 'Object Repository/Page_My account  Katalon Shop/input_Username or email_user_login' is clicked on

2023-03-29 14:13:25 - [TEST_STEP][PASSED] - setText(findTestObject("Object Repository/Page_My account  Katalon Shop/input_Username or email_user_login"), "customer"): Text 'customer' is set on object 'Object Repository/Page_My account  Katalon Shop/input_Username or email_user_login'

2023-03-29 14:13:25 - [MESSAGE][PASSED] - Text 'customer' is set on object 'Object Repository/Page_My account  Katalon Shop/input_Username or email_user_login'

2023-03-29 14:13:25 - [TEST_STEP][PASSED] - click(findTestObject("Object Repository/Page_My account  Katalon Shop/button_Reset password")): Object: 'Object Repository/Page_My account  Katalon Shop/button_Reset password' is clicked on

2023-03-29 14:13:27 - [MESSAGE][PASSED] - Object: 'Object Repository/Page_My account  Katalon Shop/button_Reset password' is clicked on

2023-03-29 14:13:27 - [TEST_STEP][PASSED] - verifyElementText(findTestObject("Object Repository/Page_My account  Katalon Shop/li_Password reset is not allowed for this user"), "Password reset is not allowed for this user"): Actual text and expected text of test object 'Object Repository/Page_My account  Katalon Shop/li_Password reset is not allowed for this user' are matched.

2023-03-29 14:13:27 - [MESSAGE][PASSED] - Actual text and expected text of test object 'Object Repository/Page_My account  Katalon Shop/li_Password reset is not allowed for this user' are matched.]]></system-out>
         <system-err><![CDATA[]]></system-err>
      </testcase>
      <system-out><![CDATA[2023-03-29 14:12:35 - [TEST_SUITE][PASSED] - TS_Account: Test Cases/Account/Change password]]></system-out>
      <system-err><![CDATA[]]></system-err>
   </testsuite>
</testsuites>
