<?xml version="1.0" encoding="UTF-8"?>
<testsuites name="TSC_Order Process" time="184.868" tests="3" failures="1" errors="0">
   <testsuite name="TS_Order" tests="2" failures="0" errors="0" time="115.71" skipped="0" timestamp="2023-04-12 10:31:05" hostname="thanh.pnguyen - 10.10.34.184" id="Test Suites/TS_Order">
      <properties>
         <property name="deviceName" value=""/>
         <property name="devicePlatform" value=""/>
         <property name="logFolder" value="/Users/thanh.pnguyen/Documents/Katalon/Certificate/Reports/20230412_102955/TS_Order/20230412_103006"/>
         <property name="logFiles" value="/Users/thanh.pnguyen/Documents/Katalon/Certificate/Reports/20230412_102955/TS_Order/20230412_103006/execution0.log"/>
         <property name="attachments" value=""/>
         <property name="hostName" value="thanh.pnguyen - 10.10.34.184"/>
         <property name="os" value="Mac OS X 64bit"/>
         <property name="katalonVersion" value="8.4.1.208"/>
         <property name="browser" value="Chrome 112.0.5615.49"/>
         <property name="hostAddress" value="10.10.34.184"/>
         <property name="sessionId" value="14b563d8afa3fae979e6139b873a7c55"/>
         <property name="seleniumVersion" value="3.141.59"/>
         <property name="proxyInformation" value="ProxyInformation { proxyOption=NO_PROXY, proxyServerType=HTTP, username=, password=********, proxyServerAddress=, proxyServerPort=0, executionList=&quot;&quot;, isApplyToDesiredCapabilities=true }"/>
         <property name="platform" value="Mac OS X"/>
      </properties>
      <testcase name="Test Cases/Order Process/Order Item 01" time="42.51" classname="Test Cases/Order Process/Order Item 01" status="PASSED">
         <system-out><![CDATA[2023-04-12 10:31:05 - [TEST_CASE][PASSED] - Test Cases/Order Process/Order Item 01: Test Cases/Order Process/Order Item 01

2023-04-12 10:31:05 - [TEST_STEP][PASSED] - callTestCase(findTestCase("Account/Login successfully"), [:], STOP_ON_FAILURE): Call Test Case 'Test Cases/Account/Login successfully' successfully

2023-04-12 10:31:06 - [TEST_CASE][PASSED] - Test Cases/Account/Login successfully: Test Cases/Account/Login successfully

2023-04-12 10:31:06 - [TEST_STEP][PASSED] - openBrowser(""): Browser is opened with url: ''

2023-04-12 10:31:06 - [MESSAGE][INFO] - Starting 'Chrome (headless)' driver

2023-04-12 10:31:06 - [MESSAGE][INFO] - User set preference: ['args', '[--window-size=1152,864, --no-sandbox]']

2023-04-12 10:31:06 - [MESSAGE][INFO] - Action delay is set to 0 milliseconds

2023-04-12 10:31:12 - [MESSAGE][PASSED] - Browser is opened with url: ''

2023-04-12 10:31:12 - [TEST_STEP][PASSED] - navigateToUrl("https://cms.demo.katalon.com/my-account/"): Navigate to 'https://cms.demo.katalon.com/my-account/' successfully

2023-04-12 10:31:17 - [MESSAGE][PASSED] - Navigate to 'https://cms.demo.katalon.com/my-account/' successfully

2023-04-12 10:31:17 - [TEST_STEP][PASSED] - click(findTestObject("Page_My account  Katalon Shop/input__username")): Object: 'Object Repository/Page_My account  Katalon Shop/input__username' is clicked on

2023-04-12 10:31:17 - [MESSAGE][PASSED] - Object: 'Object Repository/Page_My account  Katalon Shop/input__username' is clicked on

2023-04-12 10:31:17 - [TEST_STEP][PASSED] - setText(findTestObject("Page_My account  Katalon Shop/input__username"), username): Text 'customer' is set on object 'Object Repository/Page_My account  Katalon Shop/input__username'

2023-04-12 10:31:18 - [MESSAGE][PASSED] - Text 'customer' is set on object 'Object Repository/Page_My account  Katalon Shop/input__username'

2023-04-12 10:31:18 - [TEST_STEP][PASSED] - click(findTestObject("Page_My account  Katalon Shop/input__password")): Object: 'Object Repository/Page_My account  Katalon Shop/input__password' is clicked on

2023-04-12 10:31:18 - [MESSAGE][PASSED] - Object: 'Object Repository/Page_My account  Katalon Shop/input__password' is clicked on

2023-04-12 10:31:18 - [TEST_STEP][PASSED] - setText(findTestObject("Page_My account  Katalon Shop/input__password"), password): Text 'crz7mrb.KNG3yxv1fbn' is set on object 'Object Repository/Page_My account  Katalon Shop/input__password'

2023-04-12 10:31:18 - [MESSAGE][PASSED] - Text 'crz7mrb.KNG3yxv1fbn' is set on object 'Object Repository/Page_My account  Katalon Shop/input__password'

2023-04-12 10:31:18 - [TEST_STEP][PASSED] - click(findTestObject("Page_My account  Katalon Shop/input__rememberme")): Object: 'Object Repository/Page_My account  Katalon Shop/input__rememberme' is clicked on

2023-04-12 10:31:18 - [MESSAGE][PASSED] - Object: 'Object Repository/Page_My account  Katalon Shop/input__rememberme' is clicked on

2023-04-12 10:31:18 - [TEST_STEP][PASSED] - click(findTestObject("Page_My account  Katalon Shop/button_Log in")): Object: 'Object Repository/Page_My account  Katalon Shop/button_Log in' is clicked on

2023-04-12 10:31:21 - [MESSAGE][PASSED] - Object: 'Object Repository/Page_My account  Katalon Shop/button_Log in' is clicked on

2023-04-12 10:31:21 - [TEST_STEP][PASSED] - getText(findTestObject("Object Repository/Page_My account  Katalon Shop/Page_My account  Katalon Shop/strong_KatalonLover"), STOP_ON_FAILURE): Text of object 'Object Repository/Page_My account  Katalon Shop/Page_My account  Katalon Shop/strong_KatalonLover' is: 'KatalonLover'

2023-04-12 10:31:21 - [MESSAGE][PASSED] - Text of object 'Object Repository/Page_My account  Katalon Shop/Page_My account  Katalon Shop/strong_KatalonLover' is: 'KatalonLover'

2023-04-12 10:31:21 - [TEST_STEP][PASSED] - responseString = "KatalonLover": null

2023-04-12 10:31:21 - [TEST_STEP][PASSED] - expectedString = "katalonlover": null

2023-04-12 10:31:21 - [TEST_STEP][PASSED] - if (responseString.toLowerCase() == expectedString): null

2023-04-12 10:31:21 - [TEST_STEP][PASSED] - println("Response is correct"): null

2023-04-12 10:31:21 - [MESSAGE][PASSED] - Call Test Case 'Test Cases/Account/Login successfully' successfully

2023-04-12 10:31:21 - [TEST_STEP][PASSED] - click(findTestObject("Page_My account  Katalon Shop/Page_My account  Katalon Shop/a_Shop")): Object: 'Object Repository/Page_My account  Katalon Shop/Page_My account  Katalon Shop/a_Shop' is clicked on

2023-04-12 10:31:25 - [MESSAGE][PASSED] - Object: 'Object Repository/Page_My account  Katalon Shop/Page_My account  Katalon Shop/a_Shop' is clicked on

2023-04-12 10:31:25 - [TEST_STEP][PASSED] - SamplePageTitle = getWindowTitle(): Current window's title is: 'Katalon Shop – Katalon Ecommerce'

2023-04-12 10:31:25 - [MESSAGE][PASSED] - Current window's title is: 'Katalon Shop – Katalon Ecommerce'

2023-04-12 10:31:25 - [TEST_STEP][PASSED] - verifyMatch(SamplePageTitle, "Katalon Shop – Katalon Ecommerce", false): Actual text 'Katalon Shop – Katalon Ecommerce' and expected text 'Katalon Shop – Katalon Ecommerce' are matched 

2023-04-12 10:31:25 - [MESSAGE][PASSED] - Actual text 'Katalon Shop – Katalon Ecommerce' and expected text 'Katalon Shop – Katalon Ecommerce' are matched 

2023-04-12 10:31:25 - [TEST_STEP][PASSED] - delay(5): Delayed 5 second(s)

2023-04-12 10:31:30 - [MESSAGE][PASSED] - Delayed 5 second(s)

2023-04-12 10:31:30 - [TEST_STEP][PASSED] - click(findTestObject("Page_My account  Katalon Shop/Page_Katalon Shop  Katalon Ecommerce/span_Default sorting")): Object: 'Object Repository/Page_My account  Katalon Shop/Page_Katalon Shop  Katalon Ecommerce/span_Default sorting' is clicked on

2023-04-12 10:31:30 - [MESSAGE][PASSED] - Object: 'Object Repository/Page_My account  Katalon Shop/Page_Katalon Shop  Katalon Ecommerce/span_Default sorting' is clicked on

2023-04-12 10:31:30 - [TEST_STEP][PASSED] - click(findTestObject("Page_My account  Katalon Shop/Page_Katalon Shop  Katalon Ecommerce/sort by latest")): Object: 'Object Repository/Page_My account  Katalon Shop/Page_Katalon Shop  Katalon Ecommerce/sort by latest' is clicked on

2023-04-12 10:31:33 - [MESSAGE][PASSED] - Object: 'Object Repository/Page_My account  Katalon Shop/Page_Katalon Shop  Katalon Ecommerce/sort by latest' is clicked on

2023-04-12 10:31:33 - [TEST_STEP][PASSED] - delay(5): Delayed 5 second(s)

2023-04-12 10:31:38 - [MESSAGE][PASSED] - Delayed 5 second(s)

2023-04-12 10:31:38 - [TEST_STEP][PASSED] - waitForElementPresent(findTestObject("Page_My account  Katalon Shop/Page_Katalon Shop  Katalon Ecommerce/img__attachment-woocommerce_thumbnail size-woocommerce_thumbnail"), 3): Object 'Object Repository/Page_My account  Katalon Shop/Page_Katalon Shop  Katalon Ecommerce/img__attachment-woocommerce_thumbnail size-woocommerce_thumbnail' is present

2023-04-12 10:31:38 - [MESSAGE][PASSED] - Object 'Object Repository/Page_My account  Katalon Shop/Page_Katalon Shop  Katalon Ecommerce/img__attachment-woocommerce_thumbnail size-woocommerce_thumbnail' is present

2023-04-12 10:31:38 - [TEST_STEP][PASSED] - click(findTestObject("Page_My account  Katalon Shop/Page_Katalon Shop  Katalon Ecommerce/img__attachment-woocommerce_thumbnail size-woocommerce_thumbnail")): Object: 'Object Repository/Page_My account  Katalon Shop/Page_Katalon Shop  Katalon Ecommerce/img__attachment-woocommerce_thumbnail size-woocommerce_thumbnail' is clicked on

2023-04-12 10:31:43 - [MESSAGE][PASSED] - Object: 'Object Repository/Page_My account  Katalon Shop/Page_Katalon Shop  Katalon Ecommerce/img__attachment-woocommerce_thumbnail size-woocommerce_thumbnail' is clicked on

2023-04-12 10:31:43 - [TEST_STEP][PASSED] - verifyTextPresent("Ship Your Idea", false): Text 'Ship Your Idea' is present on page 

2023-04-12 10:31:44 - [MESSAGE][PASSED] - Text 'Ship Your Idea' is present on page 

2023-04-12 10:31:44 - [TEST_STEP][PASSED] - click(findTestObject("Page_My account  Katalon Shop/Page_Ship Your Idea  Katalon Shop/btn_Next")): Object: 'Object Repository/Page_My account  Katalon Shop/Page_Ship Your Idea  Katalon Shop/btn_Next' is clicked on

2023-04-12 10:31:45 - [MESSAGE][PASSED] - Object: 'Object Repository/Page_My account  Katalon Shop/Page_Ship Your Idea  Katalon Shop/btn_Next' is clicked on

2023-04-12 10:31:45 - [TEST_STEP][PASSED] - verifyEqual("2", "2"): Actual object '2' and expected object '2' are equal

2023-04-12 10:31:45 - [MESSAGE][PASSED] - Actual object '2' and expected object '2' are equal

2023-04-12 10:31:45 - [TEST_STEP][PASSED] - click(findTestObject("Page_My account  Katalon Shop/Page_Ship Your Idea  Katalon Shop/button_Add to cart")): Object: 'Object Repository/Page_My account  Katalon Shop/Page_Ship Your Idea  Katalon Shop/button_Add to cart' is clicked on

2023-04-12 10:31:47 - [MESSAGE][PASSED] - Object: 'Object Repository/Page_My account  Katalon Shop/Page_Ship Your Idea  Katalon Shop/button_Add to cart' is clicked on

2023-04-12 10:31:47 - [TEST_STEP][PASSED] - closeBrowser(): Browser is closed

2023-04-12 10:31:47 - [MESSAGE][PASSED] - Browser is closed]]></system-out>
         <system-err><![CDATA[]]></system-err>
      </testcase>
      <testcase name="Test Cases/Order Process/Check order 02" time="72.754" classname="Test Cases/Order Process/Check order 02" status="PASSED">
         <system-out><![CDATA[2023-04-12 10:31:47 - [TEST_CASE][PASSED] - Test Cases/Order Process/Check order 02: Test Cases/Order Process/Check order 02

2023-04-12 10:31:48 - [TEST_STEP][PASSED] - callTestCase(findTestCase("Account/Login successfully"), [:], STOP_ON_FAILURE): Call Test Case 'Test Cases/Account/Login successfully' successfully

2023-04-12 10:31:48 - [TEST_CASE][PASSED] - Test Cases/Account/Login successfully: Test Cases/Account/Login successfully

2023-04-12 10:31:48 - [TEST_STEP][PASSED] - openBrowser(""): Browser is opened with url: ''

2023-04-12 10:31:48 - [MESSAGE][INFO] - Starting 'Chrome (headless)' driver

2023-04-12 10:31:48 - [MESSAGE][INFO] - User set preference: ['args', '[--window-size=1152,864, --no-sandbox]']

2023-04-12 10:31:48 - [MESSAGE][INFO] - Action delay is set to 0 milliseconds

2023-04-12 10:31:51 - [MESSAGE][PASSED] - Browser is opened with url: ''

2023-04-12 10:31:51 - [TEST_STEP][PASSED] - navigateToUrl("https://cms.demo.katalon.com/my-account/"): Navigate to 'https://cms.demo.katalon.com/my-account/' successfully

2023-04-12 10:31:56 - [MESSAGE][PASSED] - Navigate to 'https://cms.demo.katalon.com/my-account/' successfully

2023-04-12 10:31:56 - [TEST_STEP][PASSED] - click(findTestObject("Page_My account  Katalon Shop/input__username")): Object: 'Object Repository/Page_My account  Katalon Shop/input__username' is clicked on

2023-04-12 10:31:56 - [MESSAGE][PASSED] - Object: 'Object Repository/Page_My account  Katalon Shop/input__username' is clicked on

2023-04-12 10:31:56 - [TEST_STEP][PASSED] - setText(findTestObject("Page_My account  Katalon Shop/input__username"), username): Text 'customer' is set on object 'Object Repository/Page_My account  Katalon Shop/input__username'

2023-04-12 10:31:57 - [MESSAGE][PASSED] - Text 'customer' is set on object 'Object Repository/Page_My account  Katalon Shop/input__username'

2023-04-12 10:31:57 - [TEST_STEP][PASSED] - click(findTestObject("Page_My account  Katalon Shop/input__password")): Object: 'Object Repository/Page_My account  Katalon Shop/input__password' is clicked on

2023-04-12 10:31:57 - [MESSAGE][PASSED] - Object: 'Object Repository/Page_My account  Katalon Shop/input__password' is clicked on

2023-04-12 10:31:57 - [TEST_STEP][PASSED] - setText(findTestObject("Page_My account  Katalon Shop/input__password"), password): Text 'crz7mrb.KNG3yxv1fbn' is set on object 'Object Repository/Page_My account  Katalon Shop/input__password'

2023-04-12 10:31:57 - [MESSAGE][PASSED] - Text 'crz7mrb.KNG3yxv1fbn' is set on object 'Object Repository/Page_My account  Katalon Shop/input__password'

2023-04-12 10:31:57 - [TEST_STEP][PASSED] - click(findTestObject("Page_My account  Katalon Shop/input__rememberme")): Object: 'Object Repository/Page_My account  Katalon Shop/input__rememberme' is clicked on

2023-04-12 10:31:57 - [MESSAGE][PASSED] - Object: 'Object Repository/Page_My account  Katalon Shop/input__rememberme' is clicked on

2023-04-12 10:31:57 - [TEST_STEP][PASSED] - click(findTestObject("Page_My account  Katalon Shop/button_Log in")): Object: 'Object Repository/Page_My account  Katalon Shop/button_Log in' is clicked on

2023-04-12 10:32:00 - [MESSAGE][PASSED] - Object: 'Object Repository/Page_My account  Katalon Shop/button_Log in' is clicked on

2023-04-12 10:32:00 - [TEST_STEP][PASSED] - getText(findTestObject("Object Repository/Page_My account  Katalon Shop/Page_My account  Katalon Shop/strong_KatalonLover"), STOP_ON_FAILURE): Text of object 'Object Repository/Page_My account  Katalon Shop/Page_My account  Katalon Shop/strong_KatalonLover' is: 'KatalonLover'

2023-04-12 10:32:01 - [MESSAGE][PASSED] - Text of object 'Object Repository/Page_My account  Katalon Shop/Page_My account  Katalon Shop/strong_KatalonLover' is: 'KatalonLover'

2023-04-12 10:32:01 - [TEST_STEP][PASSED] - responseString = "KatalonLover": null

2023-04-12 10:32:01 - [TEST_STEP][PASSED] - expectedString = "katalonlover": null

2023-04-12 10:32:01 - [TEST_STEP][PASSED] - if (responseString.toLowerCase() == expectedString): null

2023-04-12 10:32:01 - [TEST_STEP][PASSED] - println("Response is correct"): null

2023-04-12 10:32:01 - [MESSAGE][PASSED] - Call Test Case 'Test Cases/Account/Login successfully' successfully

2023-04-12 10:32:01 - [TEST_STEP][PASSED] - click(findTestObject("Page_My account  Katalon Shop/Page_Katalon Shop  Katalon Ecommerce/Page_Cart  Katalon Shop/a_Cart")): Object: 'Object Repository/Page_My account  Katalon Shop/Page_Katalon Shop  Katalon Ecommerce/Page_Cart  Katalon Shop/a_Cart' is clicked on

2023-04-12 10:32:04 - [MESSAGE][PASSED] - Object: 'Object Repository/Page_My account  Katalon Shop/Page_Katalon Shop  Katalon Ecommerce/Page_Cart  Katalon Shop/a_Cart' is clicked on

2023-04-12 10:32:04 - [TEST_STEP][PASSED] - SamplePageTitle = getWindowTitle(): Current window's title is: 'Cart – Katalon Shop'

2023-04-12 10:32:04 - [MESSAGE][PASSED] - Current window's title is: 'Cart – Katalon Shop'

2023-04-12 10:32:04 - [TEST_STEP][PASSED] - verifyMatch(SamplePageTitle, "Cart – Katalon Shop", false): Actual text 'Cart – Katalon Shop' and expected text 'Cart – Katalon Shop' are matched 

2023-04-12 10:32:04 - [MESSAGE][PASSED] - Actual text 'Cart – Katalon Shop' and expected text 'Cart – Katalon Shop' are matched 

2023-04-12 10:32:04 - [TEST_STEP][PASSED] - waitForElementPresent(findTestObject("Page_My account  Katalon Shop/Page_Katalon Shop  Katalon Ecommerce/img__attachment-woocommerce_thumbnail size-woocommerce_thumbnail"), 5): Object 'Object Repository/Page_My account  Katalon Shop/Page_Katalon Shop  Katalon Ecommerce/img__attachment-woocommerce_thumbnail size-woocommerce_thumbnail' is present

2023-04-12 10:32:04 - [MESSAGE][PASSED] - Object 'Object Repository/Page_My account  Katalon Shop/Page_Katalon Shop  Katalon Ecommerce/img__attachment-woocommerce_thumbnail size-woocommerce_thumbnail' is present

2023-04-12 10:32:04 - [TEST_STEP][PASSED] - verifyTextPresent("Ship Your Idea", false): Text 'Ship Your Idea' is present on page 

2023-04-12 10:32:05 - [MESSAGE][PASSED] - Text 'Ship Your Idea' is present on page 

2023-04-12 10:32:05 - [TEST_STEP][PASSED] - verifyEqual("2", "2"): Actual object '2' and expected object '2' are equal

2023-04-12 10:32:05 - [MESSAGE][PASSED] - Actual object '2' and expected object '2' are equal

2023-04-12 10:32:05 - [TEST_STEP][PASSED] - scrollToElement(findTestObject("Page_My account  Katalon Shop/Page_Katalon Shop  Katalon Ecommerce/Page_Cart  Katalon Shop/button_Update cart"), 0): Scroll to object 'Object Repository/Page_My account  Katalon Shop/Page_Katalon Shop  Katalon Ecommerce/Page_Cart  Katalon Shop/button_Update cart' successfully

2023-04-12 10:32:05 - [MESSAGE][WARNING] - Timeout '0' is invalid. Using default page load timeout: '30'

2023-04-12 10:32:05 - [MESSAGE][PASSED] - Scroll to object 'Object Repository/Page_My account  Katalon Shop/Page_Katalon Shop  Katalon Ecommerce/Page_Cart  Katalon Shop/button_Update cart' successfully

2023-04-12 10:32:05 - [TEST_STEP][PASSED] - callTestCase(findTestCase("Order Process/03 Change address"), [:], STOP_ON_FAILURE): Call Test Case 'Test Cases/Order Process/03 Change address' successfully

2023-04-12 10:32:05 - [TEST_CASE][PASSED] - Test Cases/Order Process/03 Change address: Test Cases/Order Process/03 Change address

2023-04-12 10:32:05 - [TEST_STEP][PASSED] - click(findTestObject("Object Repository/a_Change address")): Object: 'Object Repository/a_Change address' is clicked on

2023-04-12 10:32:06 - [MESSAGE][PASSED] - Object: 'Object Repository/a_Change address' is clicked on

2023-04-12 10:32:06 - [TEST_STEP][PASSED] - click(findTestObject("Object Repository/span_Vietnam")): Object: 'Object Repository/span_Vietnam' is clicked on

2023-04-12 10:32:07 - [MESSAGE][PASSED] - Object: 'Object Repository/span_Vietnam' is clicked on

2023-04-12 10:32:07 - [TEST_STEP][PASSED] - click(findTestObject("Page_My account  Katalon Shop/Page_Katalon Shop  Katalon Ecommerce/Page_Cart  Katalon Shop/li_Venezuela")): Object: 'Object Repository/Page_My account  Katalon Shop/Page_Katalon Shop  Katalon Ecommerce/Page_Cart  Katalon Shop/li_Venezuela' is clicked on

2023-04-12 10:32:08 - [MESSAGE][PASSED] - Object: 'Object Repository/Page_My account  Katalon Shop/Page_Katalon Shop  Katalon Ecommerce/Page_Cart  Katalon Shop/li_Venezuela' is clicked on

2023-04-12 10:32:08 - [TEST_STEP][PASSED] - delay(3): Delayed 3 second(s)

2023-04-12 10:32:11 - [MESSAGE][PASSED] - Delayed 3 second(s)

2023-04-12 10:32:11 - [TEST_STEP][PASSED] - setText(findTestObject("Object Repository/input_Venezuela_calc_shipping_state"), "ff"): Text 'ff' is set on object 'Object Repository/input_Venezuela_calc_shipping_state'

2023-04-12 10:32:11 - [MESSAGE][PASSED] - Text 'ff' is set on object 'Object Repository/input_Venezuela_calc_shipping_state'

2023-04-12 10:32:11 - [TEST_STEP][PASSED] - delay(3): Delayed 3 second(s)

2023-04-12 10:32:14 - [MESSAGE][PASSED] - Delayed 3 second(s)

2023-04-12 10:32:14 - [TEST_STEP][PASSED] - setText(findTestObject("Object Repository/input_Venezuela_calc_shipping_city"), "SG"): Text 'SG' is set on object 'Object Repository/input_Venezuela_calc_shipping_city'

2023-04-12 10:32:14 - [MESSAGE][PASSED] - Text 'SG' is set on object 'Object Repository/input_Venezuela_calc_shipping_city'

2023-04-12 10:32:14 - [TEST_STEP][PASSED] - delay(3): Delayed 3 second(s)

2023-04-12 10:32:17 - [MESSAGE][PASSED] - Delayed 3 second(s)

2023-04-12 10:32:17 - [TEST_STEP][PASSED] - setText(findTestObject("Object Repository/input_Venezuela_calc_shipping_postcode"), "5000"): Text '5000' is set on object 'Object Repository/input_Venezuela_calc_shipping_postcode'

2023-04-12 10:32:18 - [MESSAGE][PASSED] - Text '5000' is set on object 'Object Repository/input_Venezuela_calc_shipping_postcode'

2023-04-12 10:32:18 - [TEST_STEP][PASSED] - delay(5): Delayed 5 second(s)

2023-04-12 10:32:23 - [MESSAGE][PASSED] - Delayed 5 second(s)

2023-04-12 10:32:23 - [TEST_STEP][PASSED] - click(findTestObject("Object Repository/button_Update")): Object: 'Object Repository/button_Update' is clicked on

2023-04-12 10:32:23 - [MESSAGE][PASSED] - Object: 'Object Repository/button_Update' is clicked on

2023-04-12 10:32:23 - [TEST_STEP][PASSED] - delay(5): Delayed 5 second(s)

2023-04-12 10:32:28 - [MESSAGE][PASSED] - Delayed 5 second(s)

2023-04-12 10:32:28 - [TEST_STEP][PASSED] - verifyElementText(findTestObject("Object Repository/p_Shipping to SG, a, 5000, Venezuela"), "Shipping to SG, ff, 5000, Venezuela."): Actual text and expected text of test object 'Object Repository/p_Shipping to SG, a, 5000, Venezuela' are matched.

2023-04-12 10:32:28 - [MESSAGE][PASSED] - Actual text and expected text of test object 'Object Repository/p_Shipping to SG, a, 5000, Venezuela' are matched.

2023-04-12 10:32:28 - [TEST_STEP][PASSED] - click(findTestObject("Page_My account  Katalon Shop/Page_Katalon Shop  Katalon Ecommerce/Page_Cart  Katalon Shop/a_Proceed to checkout")): Object: 'Object Repository/Page_My account  Katalon Shop/Page_Katalon Shop  Katalon Ecommerce/Page_Cart  Katalon Shop/a_Proceed to checkout' is clicked on

2023-04-12 10:32:30 - [MESSAGE][PASSED] - Object: 'Object Repository/Page_My account  Katalon Shop/Page_Katalon Shop  Katalon Ecommerce/Page_Cart  Katalon Shop/a_Proceed to checkout' is clicked on

2023-04-12 10:32:30 - [MESSAGE][PASSED] - Call Test Case 'Test Cases/Order Process/03 Change address' successfully

2023-04-12 10:32:30 - [TEST_STEP][PASSED] - callTestCase(findTestCase("Order Process/Checkout 04"), [:], STOP_ON_FAILURE): Call Test Case 'Test Cases/Order Process/Checkout 04' successfully

2023-04-12 10:32:30 - [TEST_CASE][PASSED] - Test Cases/Order Process/Checkout 04: Test Cases/Order Process/Checkout 04

2023-04-12 10:32:30 - [TEST_STEP][PASSED] - PageTitle = getWindowTitle(): Current window's title is: 'Checkout – Katalon Shop'

2023-04-12 10:32:30 - [MESSAGE][PASSED] - Current window's title is: 'Checkout – Katalon Shop'

2023-04-12 10:32:30 - [TEST_STEP][PASSED] - setText(findTestObject("Object Repository/input__billing_first_name"), "Eve"): Text 'Eve' is set on object 'Object Repository/input__billing_first_name'

2023-04-12 10:32:31 - [MESSAGE][PASSED] - Text 'Eve' is set on object 'Object Repository/input__billing_first_name'

2023-04-12 10:32:31 - [TEST_STEP][PASSED] - setText(findTestObject("Object Repository/input__billing_last_name"), "L"): Text 'L' is set on object 'Object Repository/input__billing_last_name'

2023-04-12 10:32:31 - [MESSAGE][PASSED] - Text 'L' is set on object 'Object Repository/input__billing_last_name'

2023-04-12 10:32:31 - [TEST_STEP][PASSED] - setText(findTestObject("Object Repository/input_(optional)_billing_company"), "Katalon"): Text 'Katalon' is set on object 'Object Repository/input_(optional)_billing_company'

2023-04-12 10:32:31 - [MESSAGE][PASSED] - Text 'Katalon' is set on object 'Object Repository/input_(optional)_billing_company'

2023-04-12 10:32:31 - [TEST_STEP][PASSED] - delay(3): Delayed 3 second(s)

2023-04-12 10:32:34 - [MESSAGE][PASSED] - Delayed 3 second(s)

2023-04-12 10:32:34 - [TEST_STEP][PASSED] - setText(findTestObject("Object Repository/input__billing_address_1"), "19 Nguyen Thi Thap"): Text '19 Nguyen Thi Thap' is set on object 'Object Repository/input__billing_address_1'

2023-04-12 10:32:35 - [MESSAGE][PASSED] - Text '19 Nguyen Thi Thap' is set on object 'Object Repository/input__billing_address_1'

2023-04-12 10:32:35 - [TEST_STEP][PASSED] - delay(3): Delayed 3 second(s)

2023-04-12 10:32:38 - [MESSAGE][PASSED] - Delayed 3 second(s)

2023-04-12 10:32:38 - [TEST_STEP][PASSED] - click(findTestObject("input_(optional)_billing_postcode")): Object: 'Object Repository/input_(optional)_billing_postcode' is clicked on

2023-04-12 10:32:38 - [MESSAGE][PASSED] - Object: 'Object Repository/input_(optional)_billing_postcode' is clicked on

2023-04-12 10:32:38 - [TEST_STEP][PASSED] - setText(findTestObject("Object Repository/input_(optional)_billing_postcode"), "5000"): Text '5000' is set on object 'Object Repository/input_(optional)_billing_postcode'

2023-04-12 10:32:38 - [MESSAGE][PASSED] - Text '5000' is set on object 'Object Repository/input_(optional)_billing_postcode'

2023-04-12 10:32:38 - [TEST_STEP][PASSED] - delay(3): Delayed 3 second(s)

2023-04-12 10:32:41 - [MESSAGE][PASSED] - Delayed 3 second(s)

2023-04-12 10:32:41 - [TEST_STEP][PASSED] - setText(findTestObject("Object Repository/input__billing_phone"), "0359912894"): Text '0359912894' is set on object 'Object Repository/input__billing_phone'

2023-04-12 10:32:41 - [MESSAGE][PASSED] - Text '0359912894' is set on object 'Object Repository/input__billing_phone'

2023-04-12 10:32:41 - [TEST_STEP][PASSED] - click(findTestObject("Object Repository/div_Have a coupon Click here to enter your _f97527")): Object: 'Object Repository/div_Have a coupon Click here to enter your _f97527' is clicked on

2023-04-12 10:32:41 - [MESSAGE][PASSED] - Object: 'Object Repository/div_Have a coupon Click here to enter your _f97527' is clicked on

2023-04-12 10:32:41 - [TEST_STEP][PASSED] - setText(findTestObject("Object Repository/input__billing_email"), "katalonLover@outlook.com"): Text 'katalonLover@outlook.com' is set on object 'Object Repository/input__billing_email'

2023-04-12 10:32:41 - [MESSAGE][PASSED] - Text 'katalonLover@outlook.com' is set on object 'Object Repository/input__billing_email'

2023-04-12 10:32:41 - [TEST_STEP][PASSED] - setText(findTestObject("Object Repository/textarea_(optional)_order_comments"), "cash"): Text 'cash' is set on object 'Object Repository/textarea_(optional)_order_comments'

2023-04-12 10:32:41 - [MESSAGE][PASSED] - Text 'cash' is set on object 'Object Repository/textarea_(optional)_order_comments'

2023-04-12 10:32:41 - [TEST_STEP][PASSED] - click(findTestObject("Object Repository/button_Place order")): Object: 'Object Repository/button_Place order' is clicked on

2023-04-12 10:32:41 - [MESSAGE][PASSED] - Object: 'Object Repository/button_Place order' is clicked on

2023-04-12 10:32:41 - [TEST_STEP][PASSED] - delay(5): Delayed 5 second(s)

2023-04-12 10:32:46 - [MESSAGE][PASSED] - Delayed 5 second(s)

2023-04-12 10:32:46 - [TEST_STEP][PASSED] - callTestCase(findTestCase("Order Process/05 Verify last order"), [:], STOP_ON_FAILURE): Call Test Case 'Test Cases/Order Process/05 Verify last order' successfully

2023-04-12 10:32:47 - [TEST_CASE][PASSED] - Test Cases/Order Process/05 Verify last order: Test Cases/Order Process/05 Verify last order

2023-04-12 10:32:47 - [TEST_STEP][PASSED] - verifyTextPresent("Cash on delivery", false): Text 'Cash on delivery' is present on page 

2023-04-12 10:32:47 - [MESSAGE][PASSED] - Text 'Cash on delivery' is present on page 

2023-04-12 10:32:47 - [TEST_STEP][PASSED] - delay(3): Delayed 3 second(s)

2023-04-12 10:32:50 - [MESSAGE][PASSED] - Delayed 3 second(s)

2023-04-12 10:32:50 - [TEST_STEP][PASSED] - verifyTextPresent("Ship Your Idea × 2", false): Text 'Ship Your Idea × 2' is present on page 

2023-04-12 10:32:50 - [MESSAGE][PASSED] - Text 'Ship Your Idea × 2' is present on page 

2023-04-12 10:32:50 - [TEST_STEP][PASSED] - delay(3): Delayed 3 second(s)

2023-04-12 10:32:53 - [MESSAGE][PASSED] - Delayed 3 second(s)

2023-04-12 10:32:53 - [TEST_STEP][PASSED] - verifyTextPresent("$50.00", false): Text '$50.00' is present on page 

2023-04-12 10:32:53 - [MESSAGE][PASSED] - Text '$50.00' is present on page 

2023-04-12 10:32:53 - [TEST_STEP][PASSED] - delay(3): Delayed 3 second(s)

2023-04-12 10:32:56 - [MESSAGE][PASSED] - Delayed 3 second(s)

2023-04-12 10:32:56 - [TEST_STEP][PASSED] - expectedText = getText(findTestObject("Page_My account  Katalon Shop/Page_Katalon Shop  Katalon Ecommerce/Page_Cart  Katalon Shop/address_Eve LKatalon19 Nguyen Thi ThapSGff5000Venezuela")): Text of object 'Object Repository/Page_My account  Katalon Shop/Page_Katalon Shop  Katalon Ecommerce/Page_Cart  Katalon Shop/address_Eve LKatalon19 Nguyen Thi ThapSGff5000Venezuela' is: 'Eve L
Katalon
19 Nguyen Thi Thap
SG
ff
5000
Venezuela'

2023-04-12 10:32:56 - [MESSAGE][PASSED] - Text of object 'Object Repository/Page_My account  Katalon Shop/Page_Katalon Shop  Katalon Ecommerce/Page_Cart  Katalon Shop/address_Eve LKatalon19 Nguyen Thi ThapSGff5000Venezuela' is: 'Eve L
Katalon
19 Nguyen Thi Thap
SG
ff
5000
Venezuela'

2023-04-12 10:32:56 - [TEST_STEP][PASSED] - println(expectedText): null

2023-04-12 10:32:56 - [TEST_STEP][PASSED] - verifyTextPresent(expectedText, false): Text 'Eve L
Katalon
19 Nguyen Thi Thap
SG
ff
5000
Venezuela' is present on page 

2023-04-12 10:32:56 - [MESSAGE][PASSED] - Text 'Eve L
Katalon
19 Nguyen Thi Thap
SG
ff
5000
Venezuela' is present on page 

2023-04-12 10:32:56 - [MESSAGE][PASSED] - Call Test Case 'Test Cases/Order Process/05 Verify last order' successfully

2023-04-12 10:32:56 - [TEST_STEP][PASSED] - callTestCase(findTestCase("Order Process/06 remove items"), [:], STOP_ON_FAILURE): Call Test Case 'Test Cases/Order Process/06 remove items' successfully

2023-04-12 10:32:56 - [TEST_CASE][PASSED] - Test Cases/Order Process/06 remove items: Test Cases/Order Process/06 remove items

2023-04-12 10:32:57 - [TEST_STEP][PASSED] - click(findTestObject("Page_My account  Katalon Shop/Page_Katalon Shop  Katalon Ecommerce/Page_Cart  Katalon Shop/a_Cart")): Object: 'Object Repository/Page_My account  Katalon Shop/Page_Katalon Shop  Katalon Ecommerce/Page_Cart  Katalon Shop/a_Cart' is clicked on

2023-04-12 10:32:58 - [MESSAGE][PASSED] - Object: 'Object Repository/Page_My account  Katalon Shop/Page_Katalon Shop  Katalon Ecommerce/Page_Cart  Katalon Shop/a_Cart' is clicked on

2023-04-12 10:32:58 - [TEST_STEP][PASSED] - SamplePageTitle = getWindowTitle(): Current window's title is: 'Cart – Katalon Shop'

2023-04-12 10:32:58 - [MESSAGE][PASSED] - Current window's title is: 'Cart – Katalon Shop'

2023-04-12 10:32:58 - [TEST_STEP][PASSED] - verifyMatch(SamplePageTitle, "Cart – Katalon Shop", false): Actual text 'Cart – Katalon Shop' and expected text 'Cart – Katalon Shop' are matched 

2023-04-12 10:32:58 - [MESSAGE][PASSED] - Actual text 'Cart – Katalon Shop' and expected text 'Cart – Katalon Shop' are matched 

2023-04-12 10:32:58 - [TEST_STEP][PASSED] - click(findTestObject("Object Repository/a_Return to shop")): Object: 'Object Repository/a_Return to shop' is clicked on

2023-04-12 10:33:00 - [MESSAGE][PASSED] - Object: 'Object Repository/a_Return to shop' is clicked on

2023-04-12 10:33:00 - [MESSAGE][PASSED] - Call Test Case 'Test Cases/Order Process/06 remove items' successfully

2023-04-12 10:33:00 - [MESSAGE][PASSED] - Call Test Case 'Test Cases/Order Process/Checkout 04' successfully]]></system-out>
         <system-err><![CDATA[]]></system-err>
      </testcase>
      <system-out><![CDATA[2023-04-12 10:31:05 - [TEST_SUITE][PASSED] - TS_Order: Test Cases/Order Process/Check order 02]]></system-out>
      <system-err><![CDATA[]]></system-err>
   </testsuite>
   <testsuite name="TS_Check order" tests="1" failures="1" errors="0" time="27.299" skipped="0" timestamp="2023-04-12 10:33:26" hostname="thanh.pnguyen - 10.10.34.184" id="Test Suites/TS_Check order">
      <properties>
         <property name="deviceName" value=""/>
         <property name="devicePlatform" value=""/>
         <property name="logFolder" value="/Users/thanh.pnguyen/Documents/Katalon/Certificate/Reports/20230412_102955/TS_Check order/20230412_103027"/>
         <property name="logFiles" value="/Users/thanh.pnguyen/Documents/Katalon/Certificate/Reports/20230412_102955/TS_Check order/20230412_103027/execution0.log"/>
         <property name="attachments" value="/Users/thanh.pnguyen/Documents/Katalon/Certificate/Reports/20230412_102955/TS_Check order/20230412_103027/1681270433603.png"/>
         <property name="hostName" value="thanh.pnguyen - 10.10.34.184"/>
         <property name="os" value="Mac OS X 64bit"/>
         <property name="katalonVersion" value="8.4.1.208"/>
         <property name="browser" value="Chrome 112.0.5615.49"/>
         <property name="hostAddress" value="10.10.34.184"/>
         <property name="sessionId" value="13eef93f30c7a06653eabb5a690802a9"/>
         <property name="seleniumVersion" value="3.141.59"/>
         <property name="proxyInformation" value="ProxyInformation { proxyOption=NO_PROXY, proxyServerType=HTTP, username=, password=********, proxyServerAddress=, proxyServerPort=0, executionList=&quot;&quot;, isApplyToDesiredCapabilities=true }"/>
         <property name="platform" value="Mac OS X"/>
      </properties>
      <testcase name="Test Cases/Order Process/Check order 02" time="26.858" classname="Test Cases/Order Process/Check order 02" status="FAILED">
         <failure type="FAILED" message="Test Cases/Order Process/Check order 02 FAILED.
Reason:
com.kms.katalon.core.exception.StepFailedException: Unable to verify text 'Ship Your Idea' is present 
	at com.kms.katalon.core.webui.keyword.internal.WebUIKeywordMain.stepFailed(WebUIKeywordMain.groovy:64)
	at com.kms.katalon.core.webui.keyword.internal.WebUIKeywordMain.runKeyword(WebUIKeywordMain.groovy:26)
	at com.kms.katalon.core.webui.keyword.builtin.VerifyTextPresentKeyword.verifyTextPresent(VerifyTextPresentKeyword.groovy:83)
	at com.kms.katalon.core.webui.keyword.builtin.VerifyTextPresentKeyword.execute(VerifyTextPresentKeyword.groovy:68)
	at com.kms.katalon.core.keyword.internal.KeywordExecutor.executeKeywordForPlatform(KeywordExecutor.groovy:74)
	at com.kms.katalon.core.webui.keyword.WebUiBuiltInKeywords.verifyTextPresent(WebUiBuiltInKeywords.groovy:1723)
	at com.kms.katalon.core.webui.keyword.WebUiBuiltInKeywords$verifyTextPresent$6.call(Unknown Source)
	at Check order 02.run(Check order 02:31)
	at com.kms.katalon.core.main.ScriptEngine.run(ScriptEngine.java:194)
	at com.kms.katalon.core.main.ScriptEngine.runScriptAsRawText(ScriptEngine.java:119)
	at com.kms.katalon.core.main.TestCaseExecutor.runScript(TestCaseExecutor.java:448)
	at com.kms.katalon.core.main.TestCaseExecutor.doExecute(TestCaseExecutor.java:439)
	at com.kms.katalon.core.main.TestCaseExecutor.processExecutionPhase(TestCaseExecutor.java:418)
	at com.kms.katalon.core.main.TestCaseExecutor.accessMainPhase(TestCaseExecutor.java:410)
	at com.kms.katalon.core.main.TestCaseExecutor.execute(TestCaseExecutor.java:285)
	at com.kms.katalon.core.common.CommonExecutor.accessTestCaseMainPhase(CommonExecutor.java:65)
	at com.kms.katalon.core.main.TestSuiteExecutor.accessTestSuiteMainPhase(TestSuiteExecutor.java:144)
	at com.kms.katalon.core.main.TestSuiteExecutor.execute(TestSuiteExecutor.java:106)
	at com.kms.katalon.core.main.TestCaseMain.startTestSuite(TestCaseMain.java:185)
	at com.kms.katalon.core.main.TestCaseMain$startTestSuite$0.call(Unknown Source)
	at TempTestSuite1681270227428.run(TempTestSuite1681270227428.groovy:36)
Caused by: com.kms.katalon.core.exception.StepFailedException: Text 'Ship Your Idea' is not present on page 
	at com.kms.katalon.core.webui.keyword.internal.WebUIKeywordMain.stepFailed(WebUIKeywordMain.groovy:64)
	at com.kms.katalon.core.webui.keyword.builtin.VerifyTextPresentKeyword$_verifyTextPresent_closure1.doCall(VerifyTextPresentKeyword.groovy:79)
	at com.kms.katalon.core.webui.keyword.builtin.VerifyTextPresentKeyword$_verifyTextPresent_closure1.call(VerifyTextPresentKeyword.groovy)
	at com.kms.katalon.core.webui.keyword.internal.WebUIKeywordMain.runKeyword(WebUIKeywordMain.groovy:20)
	... 19 more
"/>
         <system-out><![CDATA[2023-04-12 10:33:27 - [TEST_CASE][FAILED] - Test Cases/Order Process/Check order 02: Test Cases/Order Process/Check order 02 FAILED.
Reason:
com.kms.katalon.core.exception.StepFailedException: Unable to verify text 'Ship Your Idea' is present 
	at com.kms.katalon.core.webui.keyword.internal.WebUIKeywordMain.stepFailed(WebUIKeywordMain.groovy:64)
	at com.kms.katalon.core.webui.keyword.internal.WebUIKeywordMain.runKeyword(WebUIKeywordMain.groovy:26)
	at com.kms.katalon.core.webui.keyword.builtin.VerifyTextPresentKeyword.verifyTextPresent(VerifyTextPresentKeyword.groovy:83)
	at com.kms.katalon.core.webui.keyword.builtin.VerifyTextPresentKeyword.execute(VerifyTextPresentKeyword.groovy:68)
	at com.kms.katalon.core.keyword.internal.KeywordExecutor.executeKeywordForPlatform(KeywordExecutor.groovy:74)
	at com.kms.katalon.core.webui.keyword.WebUiBuiltInKeywords.verifyTextPresent(WebUiBuiltInKeywords.groovy:1723)
	at com.kms.katalon.core.webui.keyword.WebUiBuiltInKeywords$verifyTextPresent$6.call(Unknown Source)
	at Check order 02.run(Check order 02:31)
	at com.kms.katalon.core.main.ScriptEngine.run(ScriptEngine.java:194)
	at com.kms.katalon.core.main.ScriptEngine.runScriptAsRawText(ScriptEngine.java:119)
	at com.kms.katalon.core.main.TestCaseExecutor.runScript(TestCaseExecutor.java:448)
	at com.kms.katalon.core.main.TestCaseExecutor.doExecute(TestCaseExecutor.java:439)
	at com.kms.katalon.core.main.TestCaseExecutor.processExecutionPhase(TestCaseExecutor.java:418)
	at com.kms.katalon.core.main.TestCaseExecutor.accessMainPhase(TestCaseExecutor.java:410)
	at com.kms.katalon.core.main.TestCaseExecutor.execute(TestCaseExecutor.java:285)
	at com.kms.katalon.core.common.CommonExecutor.accessTestCaseMainPhase(CommonExecutor.java:65)
	at com.kms.katalon.core.main.TestSuiteExecutor.accessTestSuiteMainPhase(TestSuiteExecutor.java:144)
	at com.kms.katalon.core.main.TestSuiteExecutor.execute(TestSuiteExecutor.java:106)
	at com.kms.katalon.core.main.TestCaseMain.startTestSuite(TestCaseMain.java:185)
	at com.kms.katalon.core.main.TestCaseMain$startTestSuite$0.call(Unknown Source)
	at TempTestSuite1681270227428.run(TempTestSuite1681270227428.groovy:36)
Caused by: com.kms.katalon.core.exception.StepFailedException: Text 'Ship Your Idea' is not present on page 
	at com.kms.katalon.core.webui.keyword.internal.WebUIKeywordMain.stepFailed(WebUIKeywordMain.groovy:64)
	at com.kms.katalon.core.webui.keyword.builtin.VerifyTextPresentKeyword$_verifyTextPresent_closure1.doCall(VerifyTextPresentKeyword.groovy:79)
	at com.kms.katalon.core.webui.keyword.builtin.VerifyTextPresentKeyword$_verifyTextPresent_closure1.call(VerifyTextPresentKeyword.groovy)
	at com.kms.katalon.core.webui.keyword.internal.WebUIKeywordMain.runKeyword(WebUIKeywordMain.groovy:20)
	... 19 more


2023-04-12 10:33:27 - [TEST_STEP][PASSED] - callTestCase(findTestCase("Account/Login successfully"), [:], STOP_ON_FAILURE): Call Test Case 'Test Cases/Account/Login successfully' successfully

2023-04-12 10:33:27 - [TEST_CASE][PASSED] - Test Cases/Account/Login successfully: Test Cases/Account/Login successfully

2023-04-12 10:33:27 - [TEST_STEP][PASSED] - openBrowser(""): Browser is opened with url: ''

2023-04-12 10:33:28 - [MESSAGE][INFO] - Starting 'Chrome (headless)' driver

2023-04-12 10:33:28 - [MESSAGE][INFO] - User set preference: ['args', '[--window-size=1152,864, --no-sandbox]']

2023-04-12 10:33:28 - [MESSAGE][INFO] - Action delay is set to 0 milliseconds

2023-04-12 10:33:32 - [MESSAGE][PASSED] - Browser is opened with url: ''

2023-04-12 10:33:32 - [TEST_STEP][PASSED] - navigateToUrl("https://cms.demo.katalon.com/my-account/"): Navigate to 'https://cms.demo.katalon.com/my-account/' successfully

2023-04-12 10:33:37 - [MESSAGE][PASSED] - Navigate to 'https://cms.demo.katalon.com/my-account/' successfully

2023-04-12 10:33:37 - [TEST_STEP][PASSED] - click(findTestObject("Page_My account  Katalon Shop/input__username")): Object: 'Object Repository/Page_My account  Katalon Shop/input__username' is clicked on

2023-04-12 10:33:37 - [MESSAGE][PASSED] - Object: 'Object Repository/Page_My account  Katalon Shop/input__username' is clicked on

2023-04-12 10:33:37 - [TEST_STEP][PASSED] - setText(findTestObject("Page_My account  Katalon Shop/input__username"), username): Text 'customer' is set on object 'Object Repository/Page_My account  Katalon Shop/input__username'

2023-04-12 10:33:38 - [MESSAGE][PASSED] - Text 'customer' is set on object 'Object Repository/Page_My account  Katalon Shop/input__username'

2023-04-12 10:33:38 - [TEST_STEP][PASSED] - click(findTestObject("Page_My account  Katalon Shop/input__password")): Object: 'Object Repository/Page_My account  Katalon Shop/input__password' is clicked on

2023-04-12 10:33:38 - [MESSAGE][PASSED] - Object: 'Object Repository/Page_My account  Katalon Shop/input__password' is clicked on

2023-04-12 10:33:38 - [TEST_STEP][PASSED] - setText(findTestObject("Page_My account  Katalon Shop/input__password"), password): Text 'crz7mrb.KNG3yxv1fbn' is set on object 'Object Repository/Page_My account  Katalon Shop/input__password'

2023-04-12 10:33:38 - [MESSAGE][PASSED] - Text 'crz7mrb.KNG3yxv1fbn' is set on object 'Object Repository/Page_My account  Katalon Shop/input__password'

2023-04-12 10:33:38 - [TEST_STEP][PASSED] - click(findTestObject("Page_My account  Katalon Shop/input__rememberme")): Object: 'Object Repository/Page_My account  Katalon Shop/input__rememberme' is clicked on

2023-04-12 10:33:38 - [MESSAGE][PASSED] - Object: 'Object Repository/Page_My account  Katalon Shop/input__rememberme' is clicked on

2023-04-12 10:33:38 - [TEST_STEP][PASSED] - click(findTestObject("Page_My account  Katalon Shop/button_Log in")): Object: 'Object Repository/Page_My account  Katalon Shop/button_Log in' is clicked on

2023-04-12 10:33:41 - [MESSAGE][PASSED] - Object: 'Object Repository/Page_My account  Katalon Shop/button_Log in' is clicked on

2023-04-12 10:33:41 - [TEST_STEP][PASSED] - getText(findTestObject("Object Repository/Page_My account  Katalon Shop/Page_My account  Katalon Shop/strong_KatalonLover"), STOP_ON_FAILURE): Text of object 'Object Repository/Page_My account  Katalon Shop/Page_My account  Katalon Shop/strong_KatalonLover' is: 'KatalonLover'

2023-04-12 10:33:41 - [MESSAGE][PASSED] - Text of object 'Object Repository/Page_My account  Katalon Shop/Page_My account  Katalon Shop/strong_KatalonLover' is: 'KatalonLover'

2023-04-12 10:33:41 - [TEST_STEP][PASSED] - responseString = "KatalonLover": null

2023-04-12 10:33:41 - [TEST_STEP][PASSED] - expectedString = "katalonlover": null

2023-04-12 10:33:41 - [TEST_STEP][PASSED] - if (responseString.toLowerCase() == expectedString): null

2023-04-12 10:33:41 - [TEST_STEP][PASSED] - println("Response is correct"): null

2023-04-12 10:33:41 - [MESSAGE][PASSED] - Call Test Case 'Test Cases/Account/Login successfully' successfully

2023-04-12 10:33:41 - [TEST_STEP][PASSED] - click(findTestObject("Page_My account  Katalon Shop/Page_Katalon Shop  Katalon Ecommerce/Page_Cart  Katalon Shop/a_Cart")): Object: 'Object Repository/Page_My account  Katalon Shop/Page_Katalon Shop  Katalon Ecommerce/Page_Cart  Katalon Shop/a_Cart' is clicked on

2023-04-12 10:33:44 - [MESSAGE][PASSED] - Object: 'Object Repository/Page_My account  Katalon Shop/Page_Katalon Shop  Katalon Ecommerce/Page_Cart  Katalon Shop/a_Cart' is clicked on

2023-04-12 10:33:44 - [TEST_STEP][PASSED] - SamplePageTitle = getWindowTitle(): Current window's title is: 'Cart – Katalon Shop'

2023-04-12 10:33:44 - [MESSAGE][PASSED] - Current window's title is: 'Cart – Katalon Shop'

2023-04-12 10:33:44 - [TEST_STEP][PASSED] - verifyMatch(SamplePageTitle, "Cart – Katalon Shop", false): Actual text 'Cart – Katalon Shop' and expected text 'Cart – Katalon Shop' are matched 

2023-04-12 10:33:44 - [MESSAGE][PASSED] - Actual text 'Cart – Katalon Shop' and expected text 'Cart – Katalon Shop' are matched 

2023-04-12 10:33:44 - [TEST_STEP][PASSED] - waitForElementPresent(findTestObject("Page_My account  Katalon Shop/Page_Katalon Shop  Katalon Ecommerce/img__attachment-woocommerce_thumbnail size-woocommerce_thumbnail"), 5): Object 'Object Repository/Page_My account  Katalon Shop/Page_Katalon Shop  Katalon Ecommerce/img__attachment-woocommerce_thumbnail size-woocommerce_thumbnail' is not present after 5 second(s)

2023-04-12 10:33:50 - [MESSAGE][INFO] - Unable to find the element located by 'By.xpath: //img[contains(@src,'https://cms.demo.katalon.com/wp-content/uploads/2019/08/poster_1_up-300x300.jpg')]'. Please recheck the objects properties to make sure the desired element is located. 

2023-04-12 10:33:50 - [MESSAGE][WARNING] - [SELF-HEALING] Failed to find element with id 'Object Repository/Page_My account  Katalon Shop/Page_Katalon Shop  Katalon Ecommerce/img__attachment-woocommerce_thumbnail size-woocommerce_thumbnail'. Try using Self-healing.

2023-04-12 10:33:50 - [MESSAGE][INFO] - [SELF-HEALING] Failed Locator: '//main[@id='main']/div[2]/ul/li[2]/div/a/img'.

2023-04-12 10:33:50 - [MESSAGE][INFO] - [SELF-HEALING] Failed Locator: '//img[contains(@src,'https://cms.demo.katalon.com/wp-content/uploads/2019/08/poster_1_up-300x300.jpg')]'.

2023-04-12 10:33:50 - [MESSAGE][INFO] - [SELF-HEALING] Failed Locator: '//li[2]/div/a/img'.

2023-04-12 10:33:50 - [MESSAGE][INFO] - [SELF-HEALING] Failed Locator: '//img[@src = 'https://cms.demo.katalon.com/wp-content/uploads/2019/08/poster_1_up-300x300.jpg']'.

2023-04-12 10:33:50 - [MESSAGE][INFO] - [SELF-HEALING] Failed Locator: '//main[@id='main']/div[2]/ul/li[2]/div/a/img'.

2023-04-12 10:33:50 - [MESSAGE][INFO] - [SELF-HEALING] Failed Locator: '//img[contains(@src,'https://cms.demo.katalon.com/wp-content/uploads/2019/08/poster_1_up-300x300.jpg')]'.

2023-04-12 10:33:50 - [MESSAGE][INFO] - [SELF-HEALING] Failed Locator: '//li[2]/div/a/img'.

2023-04-12 10:33:50 - [MESSAGE][INFO] - [SELF-HEALING] Failed Locator: '//img[@src = 'https://cms.demo.katalon.com/wp-content/uploads/2019/08/poster_1_up-300x300.jpg']'.

2023-04-12 10:33:50 - [MESSAGE][INFO] - [SELF-HEALING] Failed Locator: '//main[@id='main']/div[2]/ul/li[2]/div/a/img'.

2023-04-12 10:33:50 - [MESSAGE][INFO] - [SELF-HEALING] Failed Locator: '//img[contains(@src,'https://cms.demo.katalon.com/wp-content/uploads/2019/08/poster_1_up-300x300.jpg')]'.

2023-04-12 10:33:50 - [MESSAGE][INFO] - [SELF-HEALING] Failed Locator: '//li[2]/div/a/img'.

2023-04-12 10:33:50 - [MESSAGE][INFO] - [SELF-HEALING] Failed Locator: '//img[@src = 'https://cms.demo.katalon.com/wp-content/uploads/2019/08/poster_1_up-300x300.jpg']'.

2023-04-12 10:33:50 - [MESSAGE][INFO] - [SELF-HEALING] Failed Locator: '//main[@id='main']/div[2]/ul/li[2]/div/a/img'.

2023-04-12 10:33:50 - [MESSAGE][INFO] - [SELF-HEALING] Failed Locator: '//img[contains(@src,'https://cms.demo.katalon.com/wp-content/uploads/2019/08/poster_1_up-300x300.jpg')]'.

2023-04-12 10:33:50 - [MESSAGE][INFO] - [SELF-HEALING] Failed Locator: '//li[2]/div/a/img'.

2023-04-12 10:33:50 - [MESSAGE][INFO] - [SELF-HEALING] Failed Locator: '//img[@src = 'https://cms.demo.katalon.com/wp-content/uploads/2019/08/poster_1_up-300x300.jpg']'.

2023-04-12 10:33:50 - [MESSAGE][INFO] - [SELF-HEALING] Failed Locator: '//main[@id='main']/div[2]/ul/li[2]/div/a/img'.

2023-04-12 10:33:50 - [MESSAGE][INFO] - [SELF-HEALING] Failed Locator: '//img[contains(@src,'https://cms.demo.katalon.com/wp-content/uploads/2019/08/poster_1_up-300x300.jpg')]'.

2023-04-12 10:33:50 - [MESSAGE][INFO] - [SELF-HEALING] Failed Locator: '//li[2]/div/a/img'.

2023-04-12 10:33:50 - [MESSAGE][INFO] - [SELF-HEALING] Failed Locator: '//img[@src = 'https://cms.demo.katalon.com/wp-content/uploads/2019/08/poster_1_up-300x300.jpg']'.

2023-04-12 10:33:50 - [MESSAGE][INFO] - [SELF-HEALING] Failed Locator: '//main[@id='main']/div[2]/ul/li[2]/div/a/img'.

2023-04-12 10:33:50 - [MESSAGE][INFO] - [SELF-HEALING] Failed Locator: '//img[contains(@src,'https://cms.demo.katalon.com/wp-content/uploads/2019/08/poster_1_up-300x300.jpg')]'.

2023-04-12 10:33:50 - [MESSAGE][INFO] - [SELF-HEALING] Failed Locator: '//li[2]/div/a/img'.

2023-04-12 10:33:50 - [MESSAGE][INFO] - [SELF-HEALING] Failed Locator: '//img[@src = 'https://cms.demo.katalon.com/wp-content/uploads/2019/08/poster_1_up-300x300.jpg']'.

2023-04-12 10:33:50 - [MESSAGE][INFO] - [SELF-HEALING] Failed Locator: '//main[@id='main']/div[2]/ul/li[2]/div/a/img'.

2023-04-12 10:33:50 - [MESSAGE][INFO] - [SELF-HEALING] Failed Locator: '//img[contains(@src,'https://cms.demo.katalon.com/wp-content/uploads/2019/08/poster_1_up-300x300.jpg')]'.

2023-04-12 10:33:50 - [MESSAGE][INFO] - [SELF-HEALING] Failed Locator: '//li[2]/div/a/img'.

2023-04-12 10:33:50 - [MESSAGE][INFO] - [SELF-HEALING] Failed Locator: '//img[@src = 'https://cms.demo.katalon.com/wp-content/uploads/2019/08/poster_1_up-300x300.jpg']'.

2023-04-12 10:33:50 - [MESSAGE][INFO] - [SELF-HEALING] Failed Locator: '//main[@id='main']/div[2]/ul/li[2]/div/a/img'.

2023-04-12 10:33:50 - [MESSAGE][INFO] - [SELF-HEALING] Failed Locator: '//img[contains(@src,'https://cms.demo.katalon.com/wp-content/uploads/2019/08/poster_1_up-300x300.jpg')]'.

2023-04-12 10:33:50 - [MESSAGE][INFO] - [SELF-HEALING] Failed Locator: '//li[2]/div/a/img'.

2023-04-12 10:33:50 - [MESSAGE][INFO] - [SELF-HEALING] Failed Locator: '//img[@src = 'https://cms.demo.katalon.com/wp-content/uploads/2019/08/poster_1_up-300x300.jpg']'.

2023-04-12 10:33:50 - [MESSAGE][INFO] - [SELF-HEALING] Failed Locator: '//main[@id='main']/div[2]/ul/li[2]/div/a/img'.

2023-04-12 10:33:50 - [MESSAGE][INFO] - [SELF-HEALING] Failed Locator: '//img[contains(@src,'https://cms.demo.katalon.com/wp-content/uploads/2019/08/poster_1_up-300x300.jpg')]'.

2023-04-12 10:33:50 - [MESSAGE][INFO] - [SELF-HEALING] Failed Locator: '//li[2]/div/a/img'.

2023-04-12 10:33:50 - [MESSAGE][INFO] - [SELF-HEALING] Failed Locator: '//img[@src = 'https://cms.demo.katalon.com/wp-content/uploads/2019/08/poster_1_up-300x300.jpg']'.

2023-04-12 10:33:50 - [MESSAGE][INFO] - [SELF-HEALING] Failed Locator: '//main[@id='main']/div[2]/ul/li[2]/div/a/img'.

2023-04-12 10:33:50 - [MESSAGE][INFO] - [SELF-HEALING] Failed Locator: '//img[contains(@src,'https://cms.demo.katalon.com/wp-content/uploads/2019/08/poster_1_up-300x300.jpg')]'.

2023-04-12 10:33:50 - [MESSAGE][INFO] - [SELF-HEALING] Failed Locator: '//li[2]/div/a/img'.

2023-04-12 10:33:50 - [MESSAGE][INFO] - [SELF-HEALING] Failed Locator: '//img[@src = 'https://cms.demo.katalon.com/wp-content/uploads/2019/08/poster_1_up-300x300.jpg']'.

2023-04-12 10:33:50 - [MESSAGE][INFO] - [SELF-HEALING] Failed Locator: '//main[@id='main']/div[2]/ul/li[2]/div/a/img'.

2023-04-12 10:33:50 - [MESSAGE][INFO] - [SELF-HEALING] Failed Locator: '//img[contains(@src,'https://cms.demo.katalon.com/wp-content/uploads/2019/08/poster_1_up-300x300.jpg')]'.

2023-04-12 10:33:50 - [MESSAGE][INFO] - [SELF-HEALING] Failed Locator: '//li[2]/div/a/img'.

2023-04-12 10:33:50 - [MESSAGE][INFO] - [SELF-HEALING] Failed Locator: '//img[@src = 'https://cms.demo.katalon.com/wp-content/uploads/2019/08/poster_1_up-300x300.jpg']'.

2023-04-12 10:33:50 - [MESSAGE][INFO] - [SELF-HEALING] Failed Locator: '//main[@id='main']/div[2]/ul/li[2]/div/a/img'.

2023-04-12 10:33:50 - [MESSAGE][INFO] - [SELF-HEALING] Failed Locator: '//img[contains(@src,'https://cms.demo.katalon.com/wp-content/uploads/2019/08/poster_1_up-300x300.jpg')]'.

2023-04-12 10:33:50 - [MESSAGE][INFO] - [SELF-HEALING] Failed Locator: '//li[2]/div/a/img'.

2023-04-12 10:33:50 - [MESSAGE][INFO] - [SELF-HEALING] Failed Locator: '//img[@src = 'https://cms.demo.katalon.com/wp-content/uploads/2019/08/poster_1_up-300x300.jpg']'.

2023-04-12 10:33:50 - [MESSAGE][INFO] - [SELF-HEALING] Failed Locator: '//main[@id='main']/div[2]/ul/li[2]/div/a/img'.

2023-04-12 10:33:50 - [MESSAGE][INFO] - [SELF-HEALING] Failed Locator: '//img[contains(@src,'https://cms.demo.katalon.com/wp-content/uploads/2019/08/poster_1_up-300x300.jpg')]'.

2023-04-12 10:33:51 - [MESSAGE][INFO] - [SELF-HEALING] Failed Locator: '//li[2]/div/a/img'.

2023-04-12 10:33:51 - [MESSAGE][INFO] - [SELF-HEALING] Failed Locator: '//img[@src = 'https://cms.demo.katalon.com/wp-content/uploads/2019/08/poster_1_up-300x300.jpg']'.

2023-04-12 10:33:51 - [MESSAGE][INFO] - [SELF-HEALING] Failed Locator: '//main[@id='main']/div[2]/ul/li[2]/div/a/img'.

2023-04-12 10:33:51 - [MESSAGE][INFO] - [SELF-HEALING] Failed Locator: '//img[contains(@src,'https://cms.demo.katalon.com/wp-content/uploads/2019/08/poster_1_up-300x300.jpg')]'.

2023-04-12 10:33:51 - [MESSAGE][INFO] - [SELF-HEALING] Failed Locator: '//li[2]/div/a/img'.

2023-04-12 10:33:51 - [MESSAGE][INFO] - [SELF-HEALING] Failed Locator: '//img[@src = 'https://cms.demo.katalon.com/wp-content/uploads/2019/08/poster_1_up-300x300.jpg']'.

2023-04-12 10:33:51 - [MESSAGE][INFO] - [SELF-HEALING] Failed Locator: '//main[@id='main']/div[2]/ul/li[2]/div/a/img'.

2023-04-12 10:33:51 - [MESSAGE][INFO] - [SELF-HEALING] Failed Locator: '//img[contains(@src,'https://cms.demo.katalon.com/wp-content/uploads/2019/08/poster_1_up-300x300.jpg')]'.

2023-04-12 10:33:51 - [MESSAGE][INFO] - [SELF-HEALING] Failed Locator: '//li[2]/div/a/img'.

2023-04-12 10:33:51 - [MESSAGE][INFO] - [SELF-HEALING] Failed Locator: '//img[@src = 'https://cms.demo.katalon.com/wp-content/uploads/2019/08/poster_1_up-300x300.jpg']'.

2023-04-12 10:33:51 - [MESSAGE][INFO] - [SELF-HEALING] Failed Locator: '//main[@id='main']/div[2]/ul/li[2]/div/a/img'.

2023-04-12 10:33:51 - [MESSAGE][INFO] - [SELF-HEALING] Failed Locator: '//img[contains(@src,'https://cms.demo.katalon.com/wp-content/uploads/2019/08/poster_1_up-300x300.jpg')]'.

2023-04-12 10:33:51 - [MESSAGE][INFO] - [SELF-HEALING] Failed Locator: '//li[2]/div/a/img'.

2023-04-12 10:33:51 - [MESSAGE][INFO] - [SELF-HEALING] Failed Locator: '//img[@src = 'https://cms.demo.katalon.com/wp-content/uploads/2019/08/poster_1_up-300x300.jpg']'.

2023-04-12 10:33:51 - [MESSAGE][INFO] - [SELF-HEALING] Failed Locator: '//main[@id='main']/div[2]/ul/li[2]/div/a/img'.

2023-04-12 10:33:51 - [MESSAGE][INFO] - [SELF-HEALING] Failed Locator: '//img[contains(@src,'https://cms.demo.katalon.com/wp-content/uploads/2019/08/poster_1_up-300x300.jpg')]'.

2023-04-12 10:33:51 - [MESSAGE][INFO] - [SELF-HEALING] Failed Locator: '//li[2]/div/a/img'.

2023-04-12 10:33:51 - [MESSAGE][INFO] - [SELF-HEALING] Failed Locator: '//img[@src = 'https://cms.demo.katalon.com/wp-content/uploads/2019/08/poster_1_up-300x300.jpg']'.

2023-04-12 10:33:51 - [MESSAGE][INFO] - [SELF-HEALING] Failed Locator: '//main[@id='main']/div[2]/ul/li[2]/div/a/img'.

2023-04-12 10:33:51 - [MESSAGE][INFO] - [SELF-HEALING] Failed Locator: '//img[contains(@src,'https://cms.demo.katalon.com/wp-content/uploads/2019/08/poster_1_up-300x300.jpg')]'.

2023-04-12 10:33:51 - [MESSAGE][INFO] - [SELF-HEALING] Failed Locator: '//li[2]/div/a/img'.

2023-04-12 10:33:51 - [MESSAGE][INFO] - [SELF-HEALING] Failed Locator: '//img[@src = 'https://cms.demo.katalon.com/wp-content/uploads/2019/08/poster_1_up-300x300.jpg']'.

2023-04-12 10:33:51 - [MESSAGE][INFO] - [SELF-HEALING] Failed Locator: '//main[@id='main']/div[2]/ul/li[2]/div/a/img'.

2023-04-12 10:33:51 - [MESSAGE][INFO] - [SELF-HEALING] Failed Locator: '//img[contains(@src,'https://cms.demo.katalon.com/wp-content/uploads/2019/08/poster_1_up-300x300.jpg')]'.

2023-04-12 10:33:51 - [MESSAGE][INFO] - [SELF-HEALING] Failed Locator: '//li[2]/div/a/img'.

2023-04-12 10:33:51 - [MESSAGE][INFO] - [SELF-HEALING] Failed Locator: '//img[@src = 'https://cms.demo.katalon.com/wp-content/uploads/2019/08/poster_1_up-300x300.jpg']'.

2023-04-12 10:33:52 - [MESSAGE][INFO] - Unable to find the element located by 'By.xpath: //*[@src = 'https://cms.demo.katalon.com/wp-content/uploads/2019/08/poster_1_up-300x300.jpg']'. Please recheck the objects properties to make sure the desired element is located. 

2023-04-12 10:33:53 - [MESSAGE][INFO] - Unable to find the element located by 'By.cssSelector: li.product.type-product.post-57.status-publish.instock.product_cat-posters.has-post-thumbnail.taxable.shipping-taxable.purchasable.product-type-simple > div.ellie-thumb-wrapper > a.woocommerce-LoopProduct-link.woocommerce-loop-product__link > img.attachment-woocommerce_thumbnail.size-woocommerce_thumbnail'. Please recheck the objects properties to make sure the desired element is located. 

2023-04-12 10:33:53 - [MESSAGE][WARNING] - Object 'Object Repository/Page_My account  Katalon Shop/Page_Katalon Shop  Katalon Ecommerce/img__attachment-woocommerce_thumbnail size-woocommerce_thumbnail' is not present after 5 second(s)

2023-04-12 10:33:53 - [TEST_STEP][FAILED] - verifyTextPresent("Ship Your Idea", false): Unable to verify text 'Ship Your Idea' is present  (Root cause: com.kms.katalon.core.exception.StepFailedException: Unable to verify text 'Ship Your Idea' is present 
	at com.kms.katalon.core.webui.keyword.internal.WebUIKeywordMain.stepFailed(WebUIKeywordMain.groovy:64)
	at com.kms.katalon.core.webui.keyword.internal.WebUIKeywordMain.runKeyword(WebUIKeywordMain.groovy:26)
	at com.kms.katalon.core.webui.keyword.builtin.VerifyTextPresentKeyword.verifyTextPresent(VerifyTextPresentKeyword.groovy:83)
	at com.kms.katalon.core.webui.keyword.builtin.VerifyTextPresentKeyword.execute(VerifyTextPresentKeyword.groovy:68)
	at com.kms.katalon.core.keyword.internal.KeywordExecutor.executeKeywordForPlatform(KeywordExecutor.groovy:74)
	at com.kms.katalon.core.webui.keyword.WebUiBuiltInKeywords.verifyTextPresent(WebUiBuiltInKeywords.groovy:1723)
	at com.kms.katalon.core.webui.keyword.WebUiBuiltInKeywords$verifyTextPresent$6.call(Unknown Source)
	at Check order 02.run(Check order 02:31)
	at com.kms.katalon.core.main.ScriptEngine.run(ScriptEngine.java:194)
	at com.kms.katalon.core.main.ScriptEngine.runScriptAsRawText(ScriptEngine.java:119)
	at com.kms.katalon.core.main.TestCaseExecutor.runScript(TestCaseExecutor.java:448)
	at com.kms.katalon.core.main.TestCaseExecutor.doExecute(TestCaseExecutor.java:439)
	at com.kms.katalon.core.main.TestCaseExecutor.processExecutionPhase(TestCaseExecutor.java:418)
	at com.kms.katalon.core.main.TestCaseExecutor.accessMainPhase(TestCaseExecutor.java:410)
	at com.kms.katalon.core.main.TestCaseExecutor.execute(TestCaseExecutor.java:285)
	at com.kms.katalon.core.common.CommonExecutor.accessTestCaseMainPhase(CommonExecutor.java:65)
	at com.kms.katalon.core.main.TestSuiteExecutor.accessTestSuiteMainPhase(TestSuiteExecutor.java:144)
	at com.kms.katalon.core.main.TestSuiteExecutor.execute(TestSuiteExecutor.java:106)
	at com.kms.katalon.core.main.TestCaseMain.startTestSuite(TestCaseMain.java:185)
	at com.kms.katalon.core.main.TestCaseMain$startTestSuite$0.call(Unknown Source)
	at TempTestSuite1681270227428.run(TempTestSuite1681270227428.groovy:36)
Caused by: com.kms.katalon.core.exception.StepFailedException: Text 'Ship Your Idea' is not present on page 
	at com.kms.katalon.core.webui.keyword.internal.WebUIKeywordMain.stepFailed(WebUIKeywordMain.groovy:64)
	at com.kms.katalon.core.webui.keyword.builtin.VerifyTextPresentKeyword$_verifyTextPresent_closure1.doCall(VerifyTextPresentKeyword.groovy:79)
	at com.kms.katalon.core.webui.keyword.builtin.VerifyTextPresentKeyword$_verifyTextPresent_closure1.call(VerifyTextPresentKeyword.groovy)
	at com.kms.katalon.core.webui.keyword.internal.WebUIKeywordMain.runKeyword(WebUIKeywordMain.groovy:20)
	... 19 more
)

2023-04-12 10:33:53 - [MESSAGE][FAILED] - Text 'Ship Your Idea' is not present on page  (Root cause: com.kms.katalon.core.exception.StepFailedException: Text 'Ship Your Idea' is not present on page 
	at com.kms.katalon.core.webui.keyword.internal.WebUIKeywordMain.stepFailed(WebUIKeywordMain.groovy:64)
	at com.kms.katalon.core.webui.keyword.builtin.VerifyTextPresentKeyword$_verifyTextPresent_closure1.doCall(VerifyTextPresentKeyword.groovy:79)
	at com.kms.katalon.core.webui.keyword.builtin.VerifyTextPresentKeyword$_verifyTextPresent_closure1.call(VerifyTextPresentKeyword.groovy)
	at com.kms.katalon.core.webui.keyword.internal.WebUIKeywordMain.runKeyword(WebUIKeywordMain.groovy:20)
	at com.kms.katalon.core.webui.keyword.builtin.VerifyTextPresentKeyword.verifyTextPresent(VerifyTextPresentKeyword.groovy:83)
	at com.kms.katalon.core.webui.keyword.builtin.VerifyTextPresentKeyword.execute(VerifyTextPresentKeyword.groovy:68)
	at com.kms.katalon.core.keyword.internal.KeywordExecutor.executeKeywordForPlatform(KeywordExecutor.groovy:74)
	at com.kms.katalon.core.webui.keyword.WebUiBuiltInKeywords.verifyTextPresent(WebUiBuiltInKeywords.groovy:1723)
	at com.kms.katalon.core.webui.keyword.WebUiBuiltInKeywords$verifyTextPresent$6.call(Unknown Source)
	at Check order 02.run(Check order 02:31)
	at com.kms.katalon.core.main.ScriptEngine.run(ScriptEngine.java:194)
	at com.kms.katalon.core.main.ScriptEngine.runScriptAsRawText(ScriptEngine.java:119)
	at com.kms.katalon.core.main.TestCaseExecutor.runScript(TestCaseExecutor.java:448)
	at com.kms.katalon.core.main.TestCaseExecutor.doExecute(TestCaseExecutor.java:439)
	at com.kms.katalon.core.main.TestCaseExecutor.processExecutionPhase(TestCaseExecutor.java:418)
	at com.kms.katalon.core.main.TestCaseExecutor.accessMainPhase(TestCaseExecutor.java:410)
	at com.kms.katalon.core.main.TestCaseExecutor.execute(TestCaseExecutor.java:285)
	at com.kms.katalon.core.common.CommonExecutor.accessTestCaseMainPhase(CommonExecutor.java:65)
	at com.kms.katalon.core.main.TestSuiteExecutor.accessTestSuiteMainPhase(TestSuiteExecutor.java:144)
	at com.kms.katalon.core.main.TestSuiteExecutor.execute(TestSuiteExecutor.java:106)
	at com.kms.katalon.core.main.TestCaseMain.startTestSuite(TestCaseMain.java:185)
	at com.kms.katalon.core.main.TestCaseMain$startTestSuite$0.call(Unknown Source)
	at TempTestSuite1681270227428.run(TempTestSuite1681270227428.groovy:36)
)

2023-04-12 10:33:53 - [MESSAGE][FAILED] - Unable to verify text 'Ship Your Idea' is present  (Root cause: com.kms.katalon.core.exception.StepFailedException: Unable to verify text 'Ship Your Idea' is present 
	at com.kms.katalon.core.webui.keyword.internal.WebUIKeywordMain.stepFailed(WebUIKeywordMain.groovy:64)
	at com.kms.katalon.core.webui.keyword.internal.WebUIKeywordMain.runKeyword(WebUIKeywordMain.groovy:26)
	at com.kms.katalon.core.webui.keyword.builtin.VerifyTextPresentKeyword.verifyTextPresent(VerifyTextPresentKeyword.groovy:83)
	at com.kms.katalon.core.webui.keyword.builtin.VerifyTextPresentKeyword.execute(VerifyTextPresentKeyword.groovy:68)
	at com.kms.katalon.core.keyword.internal.KeywordExecutor.executeKeywordForPlatform(KeywordExecutor.groovy:74)
	at com.kms.katalon.core.webui.keyword.WebUiBuiltInKeywords.verifyTextPresent(WebUiBuiltInKeywords.groovy:1723)
	at com.kms.katalon.core.webui.keyword.WebUiBuiltInKeywords$verifyTextPresent$6.call(Unknown Source)
	at Check order 02.run(Check order 02:31)
	at com.kms.katalon.core.main.ScriptEngine.run(ScriptEngine.java:194)
	at com.kms.katalon.core.main.ScriptEngine.runScriptAsRawText(ScriptEngine.java:119)
	at com.kms.katalon.core.main.TestCaseExecutor.runScript(TestCaseExecutor.java:448)
	at com.kms.katalon.core.main.TestCaseExecutor.doExecute(TestCaseExecutor.java:439)
	at com.kms.katalon.core.main.TestCaseExecutor.processExecutionPhase(TestCaseExecutor.java:418)
	at com.kms.katalon.core.main.TestCaseExecutor.accessMainPhase(TestCaseExecutor.java:410)
	at com.kms.katalon.core.main.TestCaseExecutor.execute(TestCaseExecutor.java:285)
	at com.kms.katalon.core.common.CommonExecutor.accessTestCaseMainPhase(CommonExecutor.java:65)
	at com.kms.katalon.core.main.TestSuiteExecutor.accessTestSuiteMainPhase(TestSuiteExecutor.java:144)
	at com.kms.katalon.core.main.TestSuiteExecutor.execute(TestSuiteExecutor.java:106)
	at com.kms.katalon.core.main.TestCaseMain.startTestSuite(TestCaseMain.java:185)
	at com.kms.katalon.core.main.TestCaseMain$startTestSuite$0.call(Unknown Source)
	at TempTestSuite1681270227428.run(TempTestSuite1681270227428.groovy:36)
Caused by: com.kms.katalon.core.exception.StepFailedException: Text 'Ship Your Idea' is not present on page 
	at com.kms.katalon.core.webui.keyword.internal.WebUIKeywordMain.stepFailed(WebUIKeywordMain.groovy:64)
	at com.kms.katalon.core.webui.keyword.builtin.VerifyTextPresentKeyword$_verifyTextPresent_closure1.doCall(VerifyTextPresentKeyword.groovy:79)
	at com.kms.katalon.core.webui.keyword.builtin.VerifyTextPresentKeyword$_verifyTextPresent_closure1.call(VerifyTextPresentKeyword.groovy)
	at com.kms.katalon.core.webui.keyword.internal.WebUIKeywordMain.runKeyword(WebUIKeywordMain.groovy:20)
	... 19 more
)
[[ATTACHMENT|/Users/thanh.pnguyen/Documents/Katalon/Certificate/Reports/20230412_102955/TS_Check order/20230412_103027/1681270433603.png]]]]></system-out>
         <system-err><![CDATA[2023-04-12 10:33:27 - [TEST_CASE][FAILED] - Test Cases/Order Process/Check order 02: Test Cases/Order Process/Check order 02 FAILED.
Reason:
com.kms.katalon.core.exception.StepFailedException: Unable to verify text 'Ship Your Idea' is present 
	at com.kms.katalon.core.webui.keyword.internal.WebUIKeywordMain.stepFailed(WebUIKeywordMain.groovy:64)
	at com.kms.katalon.core.webui.keyword.internal.WebUIKeywordMain.runKeyword(WebUIKeywordMain.groovy:26)
	at com.kms.katalon.core.webui.keyword.builtin.VerifyTextPresentKeyword.verifyTextPresent(VerifyTextPresentKeyword.groovy:83)
	at com.kms.katalon.core.webui.keyword.builtin.VerifyTextPresentKeyword.execute(VerifyTextPresentKeyword.groovy:68)
	at com.kms.katalon.core.keyword.internal.KeywordExecutor.executeKeywordForPlatform(KeywordExecutor.groovy:74)
	at com.kms.katalon.core.webui.keyword.WebUiBuiltInKeywords.verifyTextPresent(WebUiBuiltInKeywords.groovy:1723)
	at com.kms.katalon.core.webui.keyword.WebUiBuiltInKeywords$verifyTextPresent$6.call(Unknown Source)
	at Check order 02.run(Check order 02:31)
	at com.kms.katalon.core.main.ScriptEngine.run(ScriptEngine.java:194)
	at com.kms.katalon.core.main.ScriptEngine.runScriptAsRawText(ScriptEngine.java:119)
	at com.kms.katalon.core.main.TestCaseExecutor.runScript(TestCaseExecutor.java:448)
	at com.kms.katalon.core.main.TestCaseExecutor.doExecute(TestCaseExecutor.java:439)
	at com.kms.katalon.core.main.TestCaseExecutor.processExecutionPhase(TestCaseExecutor.java:418)
	at com.kms.katalon.core.main.TestCaseExecutor.accessMainPhase(TestCaseExecutor.java:410)
	at com.kms.katalon.core.main.TestCaseExecutor.execute(TestCaseExecutor.java:285)
	at com.kms.katalon.core.common.CommonExecutor.accessTestCaseMainPhase(CommonExecutor.java:65)
	at com.kms.katalon.core.main.TestSuiteExecutor.accessTestSuiteMainPhase(TestSuiteExecutor.java:144)
	at com.kms.katalon.core.main.TestSuiteExecutor.execute(TestSuiteExecutor.java:106)
	at com.kms.katalon.core.main.TestCaseMain.startTestSuite(TestCaseMain.java:185)
	at com.kms.katalon.core.main.TestCaseMain$startTestSuite$0.call(Unknown Source)
	at TempTestSuite1681270227428.run(TempTestSuite1681270227428.groovy:36)
Caused by: com.kms.katalon.core.exception.StepFailedException: Text 'Ship Your Idea' is not present on page 
	at com.kms.katalon.core.webui.keyword.internal.WebUIKeywordMain.stepFailed(WebUIKeywordMain.groovy:64)
	at com.kms.katalon.core.webui.keyword.builtin.VerifyTextPresentKeyword$_verifyTextPresent_closure1.doCall(VerifyTextPresentKeyword.groovy:79)
	at com.kms.katalon.core.webui.keyword.builtin.VerifyTextPresentKeyword$_verifyTextPresent_closure1.call(VerifyTextPresentKeyword.groovy)
	at com.kms.katalon.core.webui.keyword.internal.WebUIKeywordMain.runKeyword(WebUIKeywordMain.groovy:20)
	... 19 more]]></system-err>
      </testcase>
      <system-out><![CDATA[2023-04-12 10:33:26 - [TEST_SUITE][FAILED] - TS_Check order: Test Cases/Order Process/Check order 02 FAILED.
Reason:
com.kms.katalon.core.exception.StepFailedException: Unable to verify text 'Ship Your Idea' is present 
	at com.kms.katalon.core.webui.keyword.internal.WebUIKeywordMain.stepFailed(WebUIKeywordMain.groovy:64)
	at com.kms.katalon.core.webui.keyword.internal.WebUIKeywordMain.runKeyword(WebUIKeywordMain.groovy:26)
	at com.kms.katalon.core.webui.keyword.builtin.VerifyTextPresentKeyword.verifyTextPresent(VerifyTextPresentKeyword.groovy:83)
	at com.kms.katalon.core.webui.keyword.builtin.VerifyTextPresentKeyword.execute(VerifyTextPresentKeyword.groovy:68)
	at com.kms.katalon.core.keyword.internal.KeywordExecutor.executeKeywordForPlatform(KeywordExecutor.groovy:74)
	at com.kms.katalon.core.webui.keyword.WebUiBuiltInKeywords.verifyTextPresent(WebUiBuiltInKeywords.groovy:1723)
	at com.kms.katalon.core.webui.keyword.WebUiBuiltInKeywords$verifyTextPresent$6.call(Unknown Source)
	at Check order 02.run(Check order 02:31)
	at com.kms.katalon.core.main.ScriptEngine.run(ScriptEngine.java:194)
	at com.kms.katalon.core.main.ScriptEngine.runScriptAsRawText(ScriptEngine.java:119)
	at com.kms.katalon.core.main.TestCaseExecutor.runScript(TestCaseExecutor.java:448)
	at com.kms.katalon.core.main.TestCaseExecutor.doExecute(TestCaseExecutor.java:439)
	at com.kms.katalon.core.main.TestCaseExecutor.processExecutionPhase(TestCaseExecutor.java:418)
	at com.kms.katalon.core.main.TestCaseExecutor.accessMainPhase(TestCaseExecutor.java:410)
	at com.kms.katalon.core.main.TestCaseExecutor.execute(TestCaseExecutor.java:285)
	at com.kms.katalon.core.common.CommonExecutor.accessTestCaseMainPhase(CommonExecutor.java:65)
	at com.kms.katalon.core.main.TestSuiteExecutor.accessTestSuiteMainPhase(TestSuiteExecutor.java:144)
	at com.kms.katalon.core.main.TestSuiteExecutor.execute(TestSuiteExecutor.java:106)
	at com.kms.katalon.core.main.TestCaseMain.startTestSuite(TestCaseMain.java:185)
	at com.kms.katalon.core.main.TestCaseMain$startTestSuite$0.call(Unknown Source)
	at TempTestSuite1681270227428.run(TempTestSuite1681270227428.groovy:36)
Caused by: com.kms.katalon.core.exception.StepFailedException: Text 'Ship Your Idea' is not present on page 
	at com.kms.katalon.core.webui.keyword.internal.WebUIKeywordMain.stepFailed(WebUIKeywordMain.groovy:64)
	at com.kms.katalon.core.webui.keyword.builtin.VerifyTextPresentKeyword$_verifyTextPresent_closure1.doCall(VerifyTextPresentKeyword.groovy:79)
	at com.kms.katalon.core.webui.keyword.builtin.VerifyTextPresentKeyword$_verifyTextPresent_closure1.call(VerifyTextPresentKeyword.groovy)
	at com.kms.katalon.core.webui.keyword.internal.WebUIKeywordMain.runKeyword(WebUIKeywordMain.groovy:20)
	... 19 more]]></system-out>
      <system-err><![CDATA[2023-04-12 10:33:26 - [TEST_SUITE][FAILED] - TS_Check order: Test Cases/Order Process/Check order 02 FAILED.
Reason:
com.kms.katalon.core.exception.StepFailedException: Unable to verify text 'Ship Your Idea' is present 
	at com.kms.katalon.core.webui.keyword.internal.WebUIKeywordMain.stepFailed(WebUIKeywordMain.groovy:64)
	at com.kms.katalon.core.webui.keyword.internal.WebUIKeywordMain.runKeyword(WebUIKeywordMain.groovy:26)
	at com.kms.katalon.core.webui.keyword.builtin.VerifyTextPresentKeyword.verifyTextPresent(VerifyTextPresentKeyword.groovy:83)
	at com.kms.katalon.core.webui.keyword.builtin.VerifyTextPresentKeyword.execute(VerifyTextPresentKeyword.groovy:68)
	at com.kms.katalon.core.keyword.internal.KeywordExecutor.executeKeywordForPlatform(KeywordExecutor.groovy:74)
	at com.kms.katalon.core.webui.keyword.WebUiBuiltInKeywords.verifyTextPresent(WebUiBuiltInKeywords.groovy:1723)
	at com.kms.katalon.core.webui.keyword.WebUiBuiltInKeywords$verifyTextPresent$6.call(Unknown Source)
	at Check order 02.run(Check order 02:31)
	at com.kms.katalon.core.main.ScriptEngine.run(ScriptEngine.java:194)
	at com.kms.katalon.core.main.ScriptEngine.runScriptAsRawText(ScriptEngine.java:119)
	at com.kms.katalon.core.main.TestCaseExecutor.runScript(TestCaseExecutor.java:448)
	at com.kms.katalon.core.main.TestCaseExecutor.doExecute(TestCaseExecutor.java:439)
	at com.kms.katalon.core.main.TestCaseExecutor.processExecutionPhase(TestCaseExecutor.java:418)
	at com.kms.katalon.core.main.TestCaseExecutor.accessMainPhase(TestCaseExecutor.java:410)
	at com.kms.katalon.core.main.TestCaseExecutor.execute(TestCaseExecutor.java:285)
	at com.kms.katalon.core.common.CommonExecutor.accessTestCaseMainPhase(CommonExecutor.java:65)
	at com.kms.katalon.core.main.TestSuiteExecutor.accessTestSuiteMainPhase(TestSuiteExecutor.java:144)
	at com.kms.katalon.core.main.TestSuiteExecutor.execute(TestSuiteExecutor.java:106)
	at com.kms.katalon.core.main.TestCaseMain.startTestSuite(TestCaseMain.java:185)
	at com.kms.katalon.core.main.TestCaseMain$startTestSuite$0.call(Unknown Source)
	at TempTestSuite1681270227428.run(TempTestSuite1681270227428.groovy:36)
Caused by: com.kms.katalon.core.exception.StepFailedException: Text 'Ship Your Idea' is not present on page 
	at com.kms.katalon.core.webui.keyword.internal.WebUIKeywordMain.stepFailed(WebUIKeywordMain.groovy:64)
	at com.kms.katalon.core.webui.keyword.builtin.VerifyTextPresentKeyword$_verifyTextPresent_closure1.doCall(VerifyTextPresentKeyword.groovy:79)
	at com.kms.katalon.core.webui.keyword.builtin.VerifyTextPresentKeyword$_verifyTextPresent_closure1.call(VerifyTextPresentKeyword.groovy)
	at com.kms.katalon.core.webui.keyword.internal.WebUIKeywordMain.runKeyword(WebUIKeywordMain.groovy:20)
	... 19 more]]></system-err>
   </testsuite>
</testsuites>
