<?xml version="1.0" encoding="UTF-8"?>
<testsuites name="TS_Account" time="50.111" tests="4" failures="0" errors="0">
   <testsuite name="TS_Account" tests="4" failures="0" errors="0" time="50.111" skipped="0" timestamp="2023-03-29 14:26:27" hostname="thanh.pnguyen - 10.10.35.73" id="Test Suites/TS_Account">
      <properties>
         <property name="deviceName" value=""/>
         <property name="devicePlatform" value=""/>
         <property name="logFolder" value="/Users/thanh.pnguyen/Documents/Katalon/Saleforces Portal - Certificate/Reports/20230329_142550/TS_Account/20230329_142556"/>
         <property name="logFiles" value="/Users/thanh.pnguyen/Documents/Katalon/Saleforces Portal - Certificate/Reports/20230329_142550/TS_Account/20230329_142556/execution0.log"/>
         <property name="attachments" value=""/>
         <property name="hostName" value="thanh.pnguyen - 10.10.35.73"/>
         <property name="os" value="Mac OS X 64bit"/>
         <property name="katalonVersion" value="8.6.0.208"/>
         <property name="browser" value="Chrome 111.0.5563.146"/>
         <property name="hostAddress" value="10.10.35.73"/>
         <property name="sessionId" value="f0cb8e43feb054c0c238bfac0e97416e"/>
         <property name="seleniumVersion" value="3.141.59"/>
         <property name="proxyInformation" value="ProxyInformation { proxyOption=NO_PROXY, proxyServerType=HTTP, username=, password=********, proxyServerAddress=, proxyServerPort=0, executionList=&quot;&quot;, isApplyToDesiredCapabilities=true }"/>
         <property name="platform" value="Mac OS X"/>
      </properties>
      <testcase name="Test Cases/Account/Login successfully" time="12.537" classname="Test Cases/Account/Login successfully" status="PASSED">
         <system-out><![CDATA[2023-03-29 14:26:28 - [TEST_CASE][PASSED] - Test Cases/Account/Login successfully: Test Cases/Account/Login successfully

2023-03-29 14:26:28 - [TEST_STEP][PASSED] - openBrowser(""): Browser is opened with url: ''

2023-03-29 14:26:29 - [MESSAGE][INFO] - Starting 'Chrome (headless)' driver

2023-03-29 14:26:29 - [MESSAGE][INFO] - Action delay is set to 0 milliseconds

2023-03-29 14:26:32 - [MESSAGE][PASSED] - Browser is opened with url: ''

2023-03-29 14:26:32 - [TEST_STEP][PASSED] - navigateToUrl("https://cms.demo.katalon.com/my-account/"): Navigate to 'https://cms.demo.katalon.com/my-account/' successfully

2023-03-29 14:26:36 - [MESSAGE][PASSED] - Navigate to 'https://cms.demo.katalon.com/my-account/' successfully

2023-03-29 14:26:36 - [TEST_STEP][PASSED] - click(findTestObject("Page_My account  Katalon Shop/input__username")): Object: 'Object Repository/Page_My account  Katalon Shop/input__username' is clicked on

2023-03-29 14:26:36 - [MESSAGE][PASSED] - Object: 'Object Repository/Page_My account  Katalon Shop/input__username' is clicked on

2023-03-29 14:26:36 - [TEST_STEP][PASSED] - setText(findTestObject("Page_My account  Katalon Shop/input__username"), username): Text 'customer' is set on object 'Object Repository/Page_My account  Katalon Shop/input__username'

2023-03-29 14:26:37 - [MESSAGE][PASSED] - Text 'customer' is set on object 'Object Repository/Page_My account  Katalon Shop/input__username'

2023-03-29 14:26:37 - [TEST_STEP][PASSED] - click(findTestObject("Page_My account  Katalon Shop/input__password")): Object: 'Object Repository/Page_My account  Katalon Shop/input__password' is clicked on

2023-03-29 14:26:37 - [MESSAGE][PASSED] - Object: 'Object Repository/Page_My account  Katalon Shop/input__password' is clicked on

2023-03-29 14:26:37 - [TEST_STEP][PASSED] - setText(findTestObject("Page_My account  Katalon Shop/input__password"), password): Text 'crz7mrb.KNG3yxv1fbn' is set on object 'Object Repository/Page_My account  Katalon Shop/input__password'

2023-03-29 14:26:37 - [MESSAGE][PASSED] - Text 'crz7mrb.KNG3yxv1fbn' is set on object 'Object Repository/Page_My account  Katalon Shop/input__password'

2023-03-29 14:26:37 - [TEST_STEP][PASSED] - click(findTestObject("Page_My account  Katalon Shop/input__rememberme")): Object: 'Object Repository/Page_My account  Katalon Shop/input__rememberme' is clicked on

2023-03-29 14:26:38 - [MESSAGE][PASSED] - Object: 'Object Repository/Page_My account  Katalon Shop/input__rememberme' is clicked on

2023-03-29 14:26:38 - [TEST_STEP][PASSED] - click(findTestObject("Page_My account  Katalon Shop/button_Log in")): Object: 'Object Repository/Page_My account  Katalon Shop/button_Log in' is clicked on

2023-03-29 14:26:40 - [MESSAGE][PASSED] - Object: 'Object Repository/Page_My account  Katalon Shop/button_Log in' is clicked on

2023-03-29 14:26:40 - [TEST_STEP][PASSED] - getText(findTestObject("Object Repository/Page_My account  Katalon Shop/Page_My account  Katalon Shop/strong_KatalonLover"), STOP_ON_FAILURE): Text of object 'Object Repository/Page_My account  Katalon Shop/Page_My account  Katalon Shop/strong_KatalonLover' is: 'KatalonLover'

2023-03-29 14:26:40 - [MESSAGE][PASSED] - Text of object 'Object Repository/Page_My account  Katalon Shop/Page_My account  Katalon Shop/strong_KatalonLover' is: 'KatalonLover'

2023-03-29 14:26:40 - [TEST_STEP][PASSED] - responseString = "KatalonLover": null

2023-03-29 14:26:40 - [TEST_STEP][PASSED] - expectedString = "katalonlover": null

2023-03-29 14:26:40 - [TEST_STEP][PASSED] - if (responseString.toLowerCase() == expectedString): null

2023-03-29 14:26:40 - [TEST_STEP][PASSED] - println("Response is correct"): null]]></system-out>
         <system-err><![CDATA[]]></system-err>
      </testcase>
      <testcase name="Test Cases/Account/Login fails" time="8.938" classname="Test Cases/Account/Login fails" status="PASSED">
         <system-out><![CDATA[2023-03-29 14:26:40 - [TEST_CASE][PASSED] - Test Cases/Account/Login fails: Test Cases/Account/Login fails

2023-03-29 14:26:41 - [TEST_STEP][PASSED] - openBrowser(""): Browser is opened with url: ''

2023-03-29 14:26:41 - [MESSAGE][WARNING] - A browser is already opened. Closing browser and opening a new one

2023-03-29 14:26:41 - [MESSAGE][INFO] - Starting 'Chrome (headless)' driver

2023-03-29 14:26:41 - [MESSAGE][INFO] - Action delay is set to 0 milliseconds

2023-03-29 14:26:42 - [MESSAGE][PASSED] - Browser is opened with url: ''

2023-03-29 14:26:42 - [TEST_STEP][PASSED] - navigateToUrl("https://cms.demo.katalon.com/my-account/"): Navigate to 'https://cms.demo.katalon.com/my-account/' successfully

2023-03-29 14:26:46 - [MESSAGE][PASSED] - Navigate to 'https://cms.demo.katalon.com/my-account/' successfully

2023-03-29 14:26:46 - [TEST_STEP][PASSED] - click(findTestObject("Page_My account  Katalon Shop/input__username")): Object: 'Object Repository/Page_My account  Katalon Shop/input__username' is clicked on

2023-03-29 14:26:46 - [MESSAGE][PASSED] - Object: 'Object Repository/Page_My account  Katalon Shop/input__username' is clicked on

2023-03-29 14:26:46 - [TEST_STEP][PASSED] - setText(findTestObject("Page_My account  Katalon Shop/input__username"), username): Text 'customer' is set on object 'Object Repository/Page_My account  Katalon Shop/input__username'

2023-03-29 14:26:46 - [MESSAGE][PASSED] - Text 'customer' is set on object 'Object Repository/Page_My account  Katalon Shop/input__username'

2023-03-29 14:26:46 - [TEST_STEP][PASSED] - click(findTestObject("Page_My account  Katalon Shop/input__password")): Object: 'Object Repository/Page_My account  Katalon Shop/input__password' is clicked on

2023-03-29 14:26:47 - [MESSAGE][PASSED] - Object: 'Object Repository/Page_My account  Katalon Shop/input__password' is clicked on

2023-03-29 14:26:47 - [TEST_STEP][PASSED] - setText(findTestObject("Page_My account  Katalon Shop/input__password"), password): Text 'crz7mrb.KNG3yxv1fbn' is set on object 'Object Repository/Page_My account  Katalon Shop/input__password'

2023-03-29 14:26:47 - [MESSAGE][PASSED] - Text 'crz7mrb.KNG3yxv1fbn' is set on object 'Object Repository/Page_My account  Katalon Shop/input__password'

2023-03-29 14:26:47 - [TEST_STEP][PASSED] - click(findTestObject("Page_My account  Katalon Shop/input__rememberme")): Object: 'Object Repository/Page_My account  Katalon Shop/input__rememberme' is clicked on

2023-03-29 14:26:47 - [MESSAGE][PASSED] - Object: 'Object Repository/Page_My account  Katalon Shop/input__rememberme' is clicked on

2023-03-29 14:26:47 - [TEST_STEP][PASSED] - click(findTestObject("Page_My account  Katalon Shop/button_Log in")): Object: 'Object Repository/Page_My account  Katalon Shop/button_Log in' is clicked on

2023-03-29 14:26:49 - [MESSAGE][PASSED] - Object: 'Object Repository/Page_My account  Katalon Shop/button_Log in' is clicked on

2023-03-29 14:26:49 - [TEST_STEP][PASSED] - getText(findTestObject("Object Repository/Page_My account  Katalon Shop/Page_My account  Katalon Shop/strong_KatalonLover"), STOP_ON_FAILURE): Text of object 'Object Repository/Page_My account  Katalon Shop/Page_My account  Katalon Shop/strong_KatalonLover' is: 'KatalonLover'

2023-03-29 14:26:49 - [MESSAGE][PASSED] - Text of object 'Object Repository/Page_My account  Katalon Shop/Page_My account  Katalon Shop/strong_KatalonLover' is: 'KatalonLover'

2023-03-29 14:26:49 - [TEST_STEP][PASSED] - responseString = "KatalonLover": null

2023-03-29 14:26:49 - [TEST_STEP][PASSED] - expectedString = "katalonlover": null

2023-03-29 14:26:49 - [TEST_STEP][PASSED] - if (responseString.toUpperCase() == expectedString): null

2023-03-29 14:26:49 - [TEST_STEP][PASSED] - else: null

2023-03-29 14:26:49 - [TEST_STEP][PASSED] - println("Response is not correct"): null]]></system-out>
         <system-err><![CDATA[]]></system-err>
      </testcase>
      <testcase name="Test Cases/Account/Log out" time="11.707" classname="Test Cases/Account/Log out" status="PASSED">
         <system-out><![CDATA[2023-03-29 14:26:49 - [TEST_CASE][PASSED] - Test Cases/Account/Log out: Test Cases/Account/Log out

2023-03-29 14:26:50 - [TEST_STEP][PASSED] - callTestCase(findTestCase("Account/Login fails"), [:], STOP_ON_FAILURE): Call Test Case 'Test Cases/Account/Login fails' successfully

2023-03-29 14:26:50 - [TEST_CASE][PASSED] - Test Cases/Account/Login fails: Test Cases/Account/Login fails

2023-03-29 14:26:50 - [TEST_STEP][PASSED] - openBrowser(""): Browser is opened with url: ''

2023-03-29 14:26:50 - [MESSAGE][WARNING] - A browser is already opened. Closing browser and opening a new one

2023-03-29 14:26:50 - [MESSAGE][INFO] - Starting 'Chrome (headless)' driver

2023-03-29 14:26:50 - [MESSAGE][INFO] - Action delay is set to 0 milliseconds

2023-03-29 14:26:51 - [MESSAGE][PASSED] - Browser is opened with url: ''

2023-03-29 14:26:51 - [TEST_STEP][PASSED] - navigateToUrl("https://cms.demo.katalon.com/my-account/"): Navigate to 'https://cms.demo.katalon.com/my-account/' successfully

2023-03-29 14:26:55 - [MESSAGE][PASSED] - Navigate to 'https://cms.demo.katalon.com/my-account/' successfully

2023-03-29 14:26:55 - [TEST_STEP][PASSED] - click(findTestObject("Page_My account  Katalon Shop/input__username")): Object: 'Object Repository/Page_My account  Katalon Shop/input__username' is clicked on

2023-03-29 14:26:55 - [MESSAGE][PASSED] - Object: 'Object Repository/Page_My account  Katalon Shop/input__username' is clicked on

2023-03-29 14:26:55 - [TEST_STEP][PASSED] - setText(findTestObject("Page_My account  Katalon Shop/input__username"), username): Text 'customer' is set on object 'Object Repository/Page_My account  Katalon Shop/input__username'

2023-03-29 14:26:55 - [MESSAGE][PASSED] - Text 'customer' is set on object 'Object Repository/Page_My account  Katalon Shop/input__username'

2023-03-29 14:26:55 - [TEST_STEP][PASSED] - click(findTestObject("Page_My account  Katalon Shop/input__password")): Object: 'Object Repository/Page_My account  Katalon Shop/input__password' is clicked on

2023-03-29 14:26:55 - [MESSAGE][PASSED] - Object: 'Object Repository/Page_My account  Katalon Shop/input__password' is clicked on

2023-03-29 14:26:55 - [TEST_STEP][PASSED] - setText(findTestObject("Page_My account  Katalon Shop/input__password"), password): Text 'crz7mrb.KNG3yxv1fbn' is set on object 'Object Repository/Page_My account  Katalon Shop/input__password'

2023-03-29 14:26:56 - [MESSAGE][PASSED] - Text 'crz7mrb.KNG3yxv1fbn' is set on object 'Object Repository/Page_My account  Katalon Shop/input__password'

2023-03-29 14:26:56 - [TEST_STEP][PASSED] - click(findTestObject("Page_My account  Katalon Shop/input__rememberme")): Object: 'Object Repository/Page_My account  Katalon Shop/input__rememberme' is clicked on

2023-03-29 14:26:56 - [MESSAGE][PASSED] - Object: 'Object Repository/Page_My account  Katalon Shop/input__rememberme' is clicked on

2023-03-29 14:26:56 - [TEST_STEP][PASSED] - click(findTestObject("Page_My account  Katalon Shop/button_Log in")): Object: 'Object Repository/Page_My account  Katalon Shop/button_Log in' is clicked on

2023-03-29 14:26:58 - [MESSAGE][PASSED] - Object: 'Object Repository/Page_My account  Katalon Shop/button_Log in' is clicked on

2023-03-29 14:26:58 - [TEST_STEP][PASSED] - getText(findTestObject("Object Repository/Page_My account  Katalon Shop/Page_My account  Katalon Shop/strong_KatalonLover"), STOP_ON_FAILURE): Text of object 'Object Repository/Page_My account  Katalon Shop/Page_My account  Katalon Shop/strong_KatalonLover' is: 'KatalonLover'

2023-03-29 14:26:58 - [MESSAGE][PASSED] - Text of object 'Object Repository/Page_My account  Katalon Shop/Page_My account  Katalon Shop/strong_KatalonLover' is: 'KatalonLover'

2023-03-29 14:26:58 - [TEST_STEP][PASSED] - responseString = "KatalonLover": null

2023-03-29 14:26:58 - [TEST_STEP][PASSED] - expectedString = "katalonlover": null

2023-03-29 14:26:58 - [TEST_STEP][PASSED] - if (responseString.toUpperCase() == expectedString): null

2023-03-29 14:26:58 - [TEST_STEP][PASSED] - else: null

2023-03-29 14:26:58 - [TEST_STEP][PASSED] - println("Response is not correct"): null

2023-03-29 14:26:58 - [MESSAGE][PASSED] - Call Test Case 'Test Cases/Account/Login fails' successfully

2023-03-29 14:26:58 - [TEST_STEP][PASSED] - click(findTestObject("Object Repository/Page_My account  Katalon Shop/Page_My account  Katalon Shop/a_Log out"), STOP_ON_FAILURE): Object: 'Object Repository/Page_My account  Katalon Shop/Page_My account  Katalon Shop/a_Log out' is clicked on

2023-03-29 14:27:01 - [MESSAGE][PASSED] - Object: 'Object Repository/Page_My account  Katalon Shop/Page_My account  Katalon Shop/a_Log out' is clicked on

2023-03-29 14:27:01 - [TEST_STEP][PASSED] - verifyTextPresent("Login", false): Text 'Login' is present on page 

2023-03-29 14:27:01 - [MESSAGE][PASSED] - Text 'Login' is present on page]]></system-out>
         <system-err><![CDATA[]]></system-err>
      </testcase>
      <testcase name="Test Cases/Account/Change password" time="16.401" classname="Test Cases/Account/Change password" status="PASSED">
         <system-out><![CDATA[2023-03-29 14:27:01 - [TEST_CASE][PASSED] - Test Cases/Account/Change password: Test Cases/Account/Change password

2023-03-29 14:27:01 - [TEST_STEP][PASSED] - callTestCase(findTestCase("Account/Log out"), [:], STOP_ON_FAILURE): Call Test Case 'Test Cases/Account/Log out' successfully

2023-03-29 14:27:01 - [TEST_CASE][PASSED] - Test Cases/Account/Log out: Test Cases/Account/Log out

2023-03-29 14:27:02 - [TEST_STEP][PASSED] - callTestCase(findTestCase("Account/Login fails"), [:], STOP_ON_FAILURE): Call Test Case 'Test Cases/Account/Login fails' successfully

2023-03-29 14:27:02 - [TEST_CASE][PASSED] - Test Cases/Account/Login fails: Test Cases/Account/Login fails

2023-03-29 14:27:02 - [TEST_STEP][PASSED] - openBrowser(""): Browser is opened with url: ''

2023-03-29 14:27:02 - [MESSAGE][WARNING] - A browser is already opened. Closing browser and opening a new one

2023-03-29 14:27:02 - [MESSAGE][INFO] - Starting 'Chrome (headless)' driver

2023-03-29 14:27:02 - [MESSAGE][INFO] - Action delay is set to 0 milliseconds

2023-03-29 14:27:02 - [MESSAGE][PASSED] - Browser is opened with url: ''

2023-03-29 14:27:02 - [TEST_STEP][PASSED] - navigateToUrl("https://cms.demo.katalon.com/my-account/"): Navigate to 'https://cms.demo.katalon.com/my-account/' successfully

2023-03-29 14:27:07 - [MESSAGE][PASSED] - Navigate to 'https://cms.demo.katalon.com/my-account/' successfully

2023-03-29 14:27:07 - [TEST_STEP][PASSED] - click(findTestObject("Page_My account  Katalon Shop/input__username")): Object: 'Object Repository/Page_My account  Katalon Shop/input__username' is clicked on

2023-03-29 14:27:07 - [MESSAGE][PASSED] - Object: 'Object Repository/Page_My account  Katalon Shop/input__username' is clicked on

2023-03-29 14:27:07 - [TEST_STEP][PASSED] - setText(findTestObject("Page_My account  Katalon Shop/input__username"), username): Text 'customer' is set on object 'Object Repository/Page_My account  Katalon Shop/input__username'

2023-03-29 14:27:08 - [MESSAGE][PASSED] - Text 'customer' is set on object 'Object Repository/Page_My account  Katalon Shop/input__username'

2023-03-29 14:27:08 - [TEST_STEP][PASSED] - click(findTestObject("Page_My account  Katalon Shop/input__password")): Object: 'Object Repository/Page_My account  Katalon Shop/input__password' is clicked on

2023-03-29 14:27:08 - [MESSAGE][PASSED] - Object: 'Object Repository/Page_My account  Katalon Shop/input__password' is clicked on

2023-03-29 14:27:08 - [TEST_STEP][PASSED] - setText(findTestObject("Page_My account  Katalon Shop/input__password"), password): Text 'crz7mrb.KNG3yxv1fbn' is set on object 'Object Repository/Page_My account  Katalon Shop/input__password'

2023-03-29 14:27:08 - [MESSAGE][PASSED] - Text 'crz7mrb.KNG3yxv1fbn' is set on object 'Object Repository/Page_My account  Katalon Shop/input__password'

2023-03-29 14:27:08 - [TEST_STEP][PASSED] - click(findTestObject("Page_My account  Katalon Shop/input__rememberme")): Object: 'Object Repository/Page_My account  Katalon Shop/input__rememberme' is clicked on

2023-03-29 14:27:08 - [MESSAGE][PASSED] - Object: 'Object Repository/Page_My account  Katalon Shop/input__rememberme' is clicked on

2023-03-29 14:27:08 - [TEST_STEP][PASSED] - click(findTestObject("Page_My account  Katalon Shop/button_Log in")): Object: 'Object Repository/Page_My account  Katalon Shop/button_Log in' is clicked on

2023-03-29 14:27:11 - [MESSAGE][PASSED] - Object: 'Object Repository/Page_My account  Katalon Shop/button_Log in' is clicked on

2023-03-29 14:27:11 - [TEST_STEP][PASSED] - getText(findTestObject("Object Repository/Page_My account  Katalon Shop/Page_My account  Katalon Shop/strong_KatalonLover"), STOP_ON_FAILURE): Text of object 'Object Repository/Page_My account  Katalon Shop/Page_My account  Katalon Shop/strong_KatalonLover' is: 'KatalonLover'

2023-03-29 14:27:11 - [MESSAGE][PASSED] - Text of object 'Object Repository/Page_My account  Katalon Shop/Page_My account  Katalon Shop/strong_KatalonLover' is: 'KatalonLover'

2023-03-29 14:27:11 - [TEST_STEP][PASSED] - responseString = "KatalonLover": null

2023-03-29 14:27:11 - [TEST_STEP][PASSED] - expectedString = "katalonlover": null

2023-03-29 14:27:11 - [TEST_STEP][PASSED] - if (responseString.toUpperCase() == expectedString): null

2023-03-29 14:27:11 - [TEST_STEP][PASSED] - else: null

2023-03-29 14:27:11 - [TEST_STEP][PASSED] - println("Response is not correct"): null

2023-03-29 14:27:11 - [MESSAGE][PASSED] - Call Test Case 'Test Cases/Account/Login fails' successfully

2023-03-29 14:27:11 - [TEST_STEP][PASSED] - click(findTestObject("Object Repository/Page_My account  Katalon Shop/Page_My account  Katalon Shop/a_Log out"), STOP_ON_FAILURE): Object: 'Object Repository/Page_My account  Katalon Shop/Page_My account  Katalon Shop/a_Log out' is clicked on

2023-03-29 14:27:13 - [MESSAGE][PASSED] - Object: 'Object Repository/Page_My account  Katalon Shop/Page_My account  Katalon Shop/a_Log out' is clicked on

2023-03-29 14:27:13 - [TEST_STEP][PASSED] - verifyTextPresent("Login", false): Text 'Login' is present on page 

2023-03-29 14:27:13 - [MESSAGE][PASSED] - Text 'Login' is present on page 

2023-03-29 14:27:13 - [MESSAGE][PASSED] - Call Test Case 'Test Cases/Account/Log out' successfully

2023-03-29 14:27:13 - [TEST_STEP][PASSED] - click(findTestObject("Object Repository/Page_My account  Katalon Shop/a_Lost your password")): Object: 'Object Repository/Page_My account  Katalon Shop/a_Lost your password' is clicked on

2023-03-29 14:27:16 - [MESSAGE][PASSED] - Object: 'Object Repository/Page_My account  Katalon Shop/a_Lost your password' is clicked on

2023-03-29 14:27:16 - [TEST_STEP][PASSED] - click(findTestObject("Object Repository/Page_My account  Katalon Shop/input_Username or email_user_login")): Object: 'Object Repository/Page_My account  Katalon Shop/input_Username or email_user_login' is clicked on

2023-03-29 14:27:16 - [MESSAGE][PASSED] - Object: 'Object Repository/Page_My account  Katalon Shop/input_Username or email_user_login' is clicked on

2023-03-29 14:27:16 - [TEST_STEP][PASSED] - setText(findTestObject("Object Repository/Page_My account  Katalon Shop/input_Username or email_user_login"), "customer"): Text 'customer' is set on object 'Object Repository/Page_My account  Katalon Shop/input_Username or email_user_login'

2023-03-29 14:27:16 - [MESSAGE][PASSED] - Text 'customer' is set on object 'Object Repository/Page_My account  Katalon Shop/input_Username or email_user_login'

2023-03-29 14:27:16 - [TEST_STEP][PASSED] - click(findTestObject("Object Repository/Page_My account  Katalon Shop/button_Reset password")): Object: 'Object Repository/Page_My account  Katalon Shop/button_Reset password' is clicked on

2023-03-29 14:27:17 - [MESSAGE][PASSED] - Object: 'Object Repository/Page_My account  Katalon Shop/button_Reset password' is clicked on

2023-03-29 14:27:17 - [TEST_STEP][PASSED] - verifyElementText(findTestObject("Object Repository/Page_My account  Katalon Shop/li_Password reset is not allowed for this user"), "Password reset is not allowed for this user"): Actual text and expected text of test object 'Object Repository/Page_My account  Katalon Shop/li_Password reset is not allowed for this user' are matched.

2023-03-29 14:27:17 - [MESSAGE][PASSED] - Actual text and expected text of test object 'Object Repository/Page_My account  Katalon Shop/li_Password reset is not allowed for this user' are matched.]]></system-out>
         <system-err><![CDATA[]]></system-err>
      </testcase>
      <system-out><![CDATA[2023-03-29 14:26:27 - [TEST_SUITE][PASSED] - TS_Account: Test Cases/Account/Change password]]></system-out>
      <system-err><![CDATA[]]></system-err>
   </testsuite>
</testsuites>
